This file contains any messages produced by compilers while
running configure, to aid debugging if configure makes a mistake.

It was created by isl configure 0.14, which was
generated by GNU Autoconf 2.69.  Invocation command line was

  $ /home/a59905/NUMA_Aware_Thesis/tools/KNL_Soft/gcc-5.3.0/isl/configure --srcdir=/home/a59905/NUMA_Aware_Thesis/tools/KNL_Soft/objdir/../gcc-5.3.0/isl --cache-file=./config.cache --enable-multilib --prefix=/home/a59905/gcc-5.3.0 --enable-languages=c,c++,fortran,go,lto --program-transform-name=s,y,y, --disable-option-checking --build=x86_64-unknown-linux-gnu --host=x86_64-unknown-linux-gnu --target=x86_64-unknown-linux-gnu --disable-intermodule --enable-checking=yes,types --disable-coverage --enable-languages=c,c++,lto --disable-build-format-warnings --disable-shared --with-gmp-builddir=/home/a59905/NUMA_Aware_Thesis/tools/KNL_Soft/objdir/./gmp

## --------- ##
## Platform. ##
## --------- ##

hostname = compute-002-1
uname -m = x86_64
uname -r = 3.10.0-327.36.3.el7.xppsl_1.5.0.4036.x86_64
uname -s = Linux
uname -v = #1 SMP Wed Dec 21 11:11:21 UTC 2016

/usr/bin/uname -p = x86_64
/bin/uname -X     = unknown

/bin/arch              = x86_64
/usr/bin/arch -k       = unknown
/usr/convex/getsysinfo = unknown
/usr/bin/hostinfo      = unknown
/bin/machine           = unknown
/usr/bin/oslevel       = unknown
/bin/universe          = unknown

PATH: /usr/local/bin
PATH: /usr/bin
PATH: /usr/local/sbin
PATH: /usr/sbin
PATH: /home/a59905/bin


## ----------- ##
## Core tests. ##
## ----------- ##

configure:2695: creating cache ./config.cache
configure:2814: checking for a BSD-compatible install
configure:2882: result: /usr/bin/install -c
configure:2893: checking whether build environment is sane
configure:2948: result: yes
configure:3099: checking for a thread-safe mkdir -p
configure:3138: result: /usr/bin/mkdir -p
configure:3145: checking for gawk
configure:3172: result: gawk
configure:3183: checking whether make sets $(MAKE)
configure:3205: result: yes
configure:3234: checking whether make supports nested variables
configure:3251: result: yes
configure:3387: checking whether make supports nested variables
configure:3404: result: yes
configure:3438: checking for x86_64-unknown-linux-gnu-gcc
configure:3465: result: gcc
configure:3734: checking for C compiler version
configure:3743: gcc --version >&5
gcc (GCC) 4.8.5 20150623 (Red Hat 4.8.5-4)
Copyright (C) 2015 Free Software Foundation, Inc.
This is free software; see the source for copying conditions.  There is NO
warranty; not even for MERCHANTABILITY or FITNESS FOR A PARTICULAR PURPOSE.

configure:3754: $? = 0
configure:3743: gcc -v >&5
Using built-in specs.
COLLECT_GCC=gcc
COLLECT_LTO_WRAPPER=/usr/libexec/gcc/x86_64-redhat-linux/4.8.5/lto-wrapper
Target: x86_64-redhat-linux
Configured with: ../configure --prefix=/usr --mandir=/usr/share/man --infodir=/usr/share/info --with-bugurl=http://bugzilla.redhat.com/bugzilla --enable-bootstrap --enable-shared --enable-threads=posix --enable-checking=release --with-system-zlib --enable-__cxa_atexit --disable-libunwind-exceptions --enable-gnu-unique-object --enable-linker-build-id --with-linker-hash-style=gnu --enable-languages=c,c++,objc,obj-c++,java,fortran,ada,go,lto --enable-plugin --enable-initfini-array --disable-libgcj --with-isl=/builddir/build/BUILD/gcc-4.8.5-20150702/obj-x86_64-redhat-linux/isl-install --with-cloog=/builddir/build/BUILD/gcc-4.8.5-20150702/obj-x86_64-redhat-linux/cloog-install --enable-gnu-indirect-function --with-tune=generic --with-arch_32=x86-64 --build=x86_64-redhat-linux
Thread model: posix
gcc version 4.8.5 20150623 (Red Hat 4.8.5-4) (GCC) 
configure:3754: $? = 0
configure:3743: gcc -V >&5
gcc: error: unrecognized command line option '-V'
gcc: fatal error: no input files
compilation terminated.
configure:3754: $? = 4
configure:3743: gcc -qversion >&5
gcc: error: unrecognized command line option '-qversion'
gcc: fatal error: no input files
compilation terminated.
configure:3754: $? = 4
configure:3774: checking whether the C compiler works
configure:3796: gcc -g    conftest.c  >&5
configure:3800: $? = 0
configure:3848: result: yes
configure:3851: checking for C compiler default output file name
configure:3853: result: a.out
configure:3859: checking for suffix of executables
configure:3866: gcc -o conftest -g    conftest.c  >&5
configure:3870: $? = 0
configure:3892: result: 
configure:3914: checking whether we are cross compiling
configure:3922: gcc -o conftest -g    conftest.c  >&5
configure:3926: $? = 0
configure:3933: ./conftest
configure:3937: $? = 0
configure:3952: result: no
configure:3957: checking for suffix of object files
configure:3979: gcc -c -g  conftest.c >&5
configure:3983: $? = 0
configure:4004: result: o
configure:4008: checking whether we are using the GNU C compiler
configure:4027: gcc -c -g  conftest.c >&5
configure:4027: $? = 0
configure:4036: result: yes
configure:4045: checking whether gcc accepts -g
configure:4065: gcc -c -g  conftest.c >&5
configure:4065: $? = 0
configure:4106: result: yes
configure:4123: checking for gcc option to accept ISO C89
configure:4186: gcc  -c -g  conftest.c >&5
configure:4186: $? = 0
configure:4199: result: none needed
configure:4224: checking whether gcc understands -c and -o together
configure:4246: gcc -c conftest.c -o conftest2.o
configure:4249: $? = 0
configure:4246: gcc -c conftest.c -o conftest2.o
configure:4249: $? = 0
configure:4261: result: yes
configure:4289: checking for style of include used by make
configure:4317: result: GNU
configure:4343: checking dependency style of gcc
configure:4454: result: gcc3
configure:4581: checking for C++ compiler version
configure:4590: g++ --version >&5
g++ (GCC) 4.8.5 20150623 (Red Hat 4.8.5-4)
Copyright (C) 2015 Free Software Foundation, Inc.
This is free software; see the source for copying conditions.  There is NO
warranty; not even for MERCHANTABILITY or FITNESS FOR A PARTICULAR PURPOSE.

configure:4601: $? = 0
configure:4590: g++ -v >&5
Using built-in specs.
COLLECT_GCC=g++
COLLECT_LTO_WRAPPER=/usr/libexec/gcc/x86_64-redhat-linux/4.8.5/lto-wrapper
Target: x86_64-redhat-linux
Configured with: ../configure --prefix=/usr --mandir=/usr/share/man --infodir=/usr/share/info --with-bugurl=http://bugzilla.redhat.com/bugzilla --enable-bootstrap --enable-shared --enable-threads=posix --enable-checking=release --with-system-zlib --enable-__cxa_atexit --disable-libunwind-exceptions --enable-gnu-unique-object --enable-linker-build-id --with-linker-hash-style=gnu --enable-languages=c,c++,objc,obj-c++,java,fortran,ada,go,lto --enable-plugin --enable-initfini-array --disable-libgcj --with-isl=/builddir/build/BUILD/gcc-4.8.5-20150702/obj-x86_64-redhat-linux/isl-install --with-cloog=/builddir/build/BUILD/gcc-4.8.5-20150702/obj-x86_64-redhat-linux/cloog-install --enable-gnu-indirect-function --with-tune=generic --with-arch_32=x86-64 --build=x86_64-redhat-linux
Thread model: posix
gcc version 4.8.5 20150623 (Red Hat 4.8.5-4) (GCC) 
configure:4601: $? = 0
configure:4590: g++ -V >&5
g++: error: unrecognized command line option '-V'
g++: fatal error: no input files
compilation terminated.
configure:4601: $? = 4
configure:4590: g++ -qversion >&5
g++: error: unrecognized command line option '-qversion'
g++: fatal error: no input files
compilation terminated.
configure:4601: $? = 4
configure:4605: checking whether we are using the GNU C++ compiler
configure:4624: g++ -c -g  conftest.cpp >&5
configure:4624: $? = 0
configure:4633: result: yes
configure:4642: checking whether g++ accepts -g
configure:4662: g++ -c -g  conftest.cpp >&5
configure:4662: $? = 0
configure:4703: result: yes
configure:4728: checking dependency style of g++
configure:4839: result: gcc3
configure:4857: checking for C compiler vendor
configure:4881: gcc -c -g  conftest.c >&5
conftest.c: In function 'main':
conftest.c:17:7: error: 'thisisanerror' undeclared (first use in this function)
       thisisanerror;
       ^
conftest.c:17:7: note: each undeclared identifier is reported only once for each function it appears in
configure:4881: $? = 1
configure: failed program was:
| /* confdefs.h */
| #define PACKAGE_NAME "isl"
| #define PACKAGE_TARNAME "isl"
| #define PACKAGE_VERSION "0.14"
| #define PACKAGE_STRING "isl 0.14"
| #define PACKAGE_BUGREPORT "isl-development@googlegroups.com"
| #define PACKAGE_URL ""
| #define PACKAGE "isl"
| #define VERSION "0.14"
| /* end confdefs.h.  */
| 
| int
| main ()
| {
| 
| #if !(defined(__ICC) || defined(__ECC) || defined(__INTEL_COMPILER))
|       thisisanerror;
| #endif
| 
|   ;
|   return 0;
| }
configure:4881: gcc -c -g  conftest.c >&5
conftest.c: In function 'main':
conftest.c:17:7: error: 'thisisanerror' undeclared (first use in this function)
       thisisanerror;
       ^
conftest.c:17:7: note: each undeclared identifier is reported only once for each function it appears in
configure:4881: $? = 1
configure: failed program was:
| /* confdefs.h */
| #define PACKAGE_NAME "isl"
| #define PACKAGE_TARNAME "isl"
| #define PACKAGE_VERSION "0.14"
| #define PACKAGE_STRING "isl 0.14"
| #define PACKAGE_BUGREPORT "isl-development@googlegroups.com"
| #define PACKAGE_URL ""
| #define PACKAGE "isl"
| #define VERSION "0.14"
| /* end confdefs.h.  */
| 
| int
| main ()
| {
| 
| #if !(defined(__xlc__) || defined(__xlC__) || defined(__IBMC__) || defined(__IBMCPP__))
|       thisisanerror;
| #endif
| 
|   ;
|   return 0;
| }
configure:4881: gcc -c -g  conftest.c >&5
conftest.c: In function 'main':
conftest.c:17:7: error: 'thisisanerror' undeclared (first use in this function)
       thisisanerror;
       ^
conftest.c:17:7: note: each undeclared identifier is reported only once for each function it appears in
configure:4881: $? = 1
configure: failed program was:
| /* confdefs.h */
| #define PACKAGE_NAME "isl"
| #define PACKAGE_TARNAME "isl"
| #define PACKAGE_VERSION "0.14"
| #define PACKAGE_STRING "isl 0.14"
| #define PACKAGE_BUGREPORT "isl-development@googlegroups.com"
| #define PACKAGE_URL ""
| #define PACKAGE "isl"
| #define VERSION "0.14"
| /* end confdefs.h.  */
| 
| int
| main ()
| {
| 
| #if !(defined(__PATHCC__) || defined(__PATHSCALE__))
|       thisisanerror;
| #endif
| 
|   ;
|   return 0;
| }
configure:4881: gcc -c -g  conftest.c >&5
conftest.c: In function 'main':
conftest.c:17:7: error: 'thisisanerror' undeclared (first use in this function)
       thisisanerror;
       ^
conftest.c:17:7: note: each undeclared identifier is reported only once for each function it appears in
configure:4881: $? = 1
configure: failed program was:
| /* confdefs.h */
| #define PACKAGE_NAME "isl"
| #define PACKAGE_TARNAME "isl"
| #define PACKAGE_VERSION "0.14"
| #define PACKAGE_STRING "isl 0.14"
| #define PACKAGE_BUGREPORT "isl-development@googlegroups.com"
| #define PACKAGE_URL ""
| #define PACKAGE "isl"
| #define VERSION "0.14"
| /* end confdefs.h.  */
| 
| int
| main ()
| {
| 
| #if !(defined(__clang__))
|       thisisanerror;
| #endif
| 
|   ;
|   return 0;
| }
configure:4881: gcc -c -g  conftest.c >&5
configure:4881: $? = 0
configure:4888: result: gnu
configure:4895: checking build system type
configure:4909: result: x86_64-unknown-linux-gnu
configure:4929: checking host system type
configure:4942: result: x86_64-unknown-linux-gnu
configure:5795: checking whether the compiler supports function __attribute__((__warn_unused_result__))
configure:5813: gcc -c -g  conftest.c >&5
configure:5813: $? = 0
configure:5820: result: yes
configure:5829: checking for __attribute__
configure:5851: gcc -c -g  conftest.c >&5
configure:5851: $? = 0
configure:5860: result: yes
configure:5915: checking how to print strings
configure:5942: result: printf
configure:5963: checking for a sed that does not truncate output
configure:6027: result: /usr/bin/sed
configure:6045: checking for grep that handles long lines and -e
configure:6103: result: /usr/bin/grep
configure:6108: checking for egrep
configure:6170: result: /usr/bin/grep -E
configure:6175: checking for fgrep
configure:6237: result: /usr/bin/grep -F
configure:6272: checking for ld used by gcc
configure:6339: result: ld
configure:6346: checking if the linker (ld) is GNU ld
configure:6361: result: yes
configure:6373: checking for BSD- or MS-compatible name lister (nm)
configure:6422: result: nm
configure:6552: checking the name lister (nm) interface
configure:6559: gcc -c -g  conftest.c >&5
configure:6562: nm "conftest.o"
configure:6565: output
0000000000000000 B some_variable
configure:6572: result: BSD nm
configure:6575: checking whether ln -s works
configure:6579: result: yes
configure:6587: checking the maximum length of command line arguments
configure:6718: result: 1572864
configure:6766: checking how to convert x86_64-unknown-linux-gnu file names to x86_64-unknown-linux-gnu format
configure:6806: result: func_convert_file_noop
configure:6813: checking how to convert x86_64-unknown-linux-gnu file names to toolchain format
configure:6833: result: func_convert_file_noop
configure:6840: checking for ld option to reload object files
configure:6847: result: -r
configure:6881: checking for x86_64-unknown-linux-gnu-objdump
configure:6908: result: objdump
configure:6980: checking how to recognize dependent libraries
configure:7177: result: pass_all
configure:7222: checking for x86_64-unknown-linux-gnu-dlltool
configure:7249: result: dlltool
configure:7322: checking how to associate runtime and link libraries
configure:7349: result: printf %s\n
configure:7365: checking for x86_64-unknown-linux-gnu-ar
configure:7392: result: ar
configure:7473: checking for archiver @FILE support
configure:7490: gcc -c -g  conftest.c >&5
configure:7490: $? = 0
configure:7493: ar rc libconftest.a @conftest.lst >&5
configure:7496: $? = 0
configure:7501: ar rc libconftest.a @conftest.lst >&5
ar: conftest.o: No such file or directory
configure:7504: $? = 1
configure:7516: result: @
configure:7534: checking for x86_64-unknown-linux-gnu-strip
configure:7564: result: no
configure:7574: checking for strip
configure:7590: found /usr/bin/strip
configure:7601: result: strip
configure:7633: checking for x86_64-unknown-linux-gnu-ranlib
configure:7660: result: ranlib
configure:7802: checking command to parse nm output from gcc object
configure:7955: gcc -c -g  conftest.c >&5
configure:7958: $? = 0
configure:7962: nm conftest.o \| sed -n -e 's/^.*[ ]\([ABCDGIRSTW][ABCDGIRSTW]*\)[ ][ ]*\([_A-Za-z][_A-Za-z0-9]*\)$/\1 \2 \2/p' | sed '/ __gnu_lto/d' \> conftest.nm
configure:7965: $? = 0
configure:8031: gcc -o conftest -g    conftest.c conftstm.o >&5
configure:8034: $? = 0
configure:8072: result: ok
configure:8119: checking for sysroot
configure:8149: result: no
configure:8269: gcc -c -g  conftest.c >&5
configure:8272: $? = 0
configure:8422: checking for x86_64-unknown-linux-gnu-mt
configure:8452: result: no
configure:8462: checking for mt
configure:8492: result: no
configure:8512: checking if : is a manifest tool
configure:8518: : '-?'
configure:8526: result: no
configure:9168: checking how to run the C preprocessor
configure:9199: gcc -E  conftest.c
configure:9199: $? = 0
configure:9213: gcc -E  conftest.c
conftest.c:13:28: fatal error: ac_nonexistent.h: No such file or directory
 #include <ac_nonexistent.h>
                            ^
compilation terminated.
configure:9213: $? = 1
configure: failed program was:
| /* confdefs.h */
| #define PACKAGE_NAME "isl"
| #define PACKAGE_TARNAME "isl"
| #define PACKAGE_VERSION "0.14"
| #define PACKAGE_STRING "isl 0.14"
| #define PACKAGE_BUGREPORT "isl-development@googlegroups.com"
| #define PACKAGE_URL ""
| #define PACKAGE "isl"
| #define VERSION "0.14"
| #define GCC_WARN_UNUSED_RESULT __attribute__((__warn_unused_result__))
| #define HAVE___ATTRIBUTE__ 1
| /* end confdefs.h.  */
| #include <ac_nonexistent.h>
configure:9238: result: gcc -E
configure:9258: gcc -E  conftest.c
configure:9258: $? = 0
configure:9272: gcc -E  conftest.c
conftest.c:13:28: fatal error: ac_nonexistent.h: No such file or directory
 #include <ac_nonexistent.h>
                            ^
compilation terminated.
configure:9272: $? = 1
configure: failed program was:
| /* confdefs.h */
| #define PACKAGE_NAME "isl"
| #define PACKAGE_TARNAME "isl"
| #define PACKAGE_VERSION "0.14"
| #define PACKAGE_STRING "isl 0.14"
| #define PACKAGE_BUGREPORT "isl-development@googlegroups.com"
| #define PACKAGE_URL ""
| #define PACKAGE "isl"
| #define VERSION "0.14"
| #define GCC_WARN_UNUSED_RESULT __attribute__((__warn_unused_result__))
| #define HAVE___ATTRIBUTE__ 1
| /* end confdefs.h.  */
| #include <ac_nonexistent.h>
configure:9301: checking for ANSI C header files
configure:9321: gcc -c -g  conftest.c >&5
configure:9321: $? = 0
configure:9394: gcc -o conftest -g    conftest.c  >&5
configure:9394: $? = 0
configure:9394: ./conftest
configure:9394: $? = 0
configure:9405: result: yes
configure:9418: checking for sys/types.h
configure:9418: gcc -c -g  conftest.c >&5
configure:9418: $? = 0
configure:9418: result: yes
configure:9418: checking for sys/stat.h
configure:9418: gcc -c -g  conftest.c >&5
configure:9418: $? = 0
configure:9418: result: yes
configure:9418: checking for stdlib.h
configure:9418: gcc -c -g  conftest.c >&5
configure:9418: $? = 0
configure:9418: result: yes
configure:9418: checking for string.h
configure:9418: gcc -c -g  conftest.c >&5
configure:9418: $? = 0
configure:9418: result: yes
configure:9418: checking for memory.h
configure:9418: gcc -c -g  conftest.c >&5
configure:9418: $? = 0
configure:9418: result: yes
configure:9418: checking for strings.h
configure:9418: gcc -c -g  conftest.c >&5
configure:9418: $? = 0
configure:9418: result: yes
configure:9418: checking for inttypes.h
configure:9418: gcc -c -g  conftest.c >&5
configure:9418: $? = 0
configure:9418: result: yes
configure:9418: checking for stdint.h
configure:9418: gcc -c -g  conftest.c >&5
configure:9418: $? = 0
configure:9418: result: yes
configure:9418: checking for unistd.h
configure:9418: gcc -c -g  conftest.c >&5
configure:9418: $? = 0
configure:9418: result: yes
configure:9432: checking for dlfcn.h
configure:9432: gcc -c -g  conftest.c >&5
configure:9432: $? = 0
configure:9432: result: yes
configure:9647: checking for objdir
configure:9662: result: .libs
configure:9933: checking if gcc supports -fno-rtti -fno-exceptions
configure:9951: gcc -c -g  -fno-rtti -fno-exceptions conftest.c >&5
cc1: warning: command line option '-fno-rtti' is valid for C++/ObjC++ but not for C [enabled by default]
configure:9955: $? = 0
configure:9968: result: no
configure:10316: checking for gcc option to produce PIC
configure:10323: result: -fPIC -DPIC
configure:10331: checking if gcc PIC flag -fPIC -DPIC works
configure:10349: gcc -c -g  -fPIC -DPIC -DPIC conftest.c >&5
configure:10353: $? = 0
configure:10366: result: yes
configure:10395: checking if gcc static flag -static works
configure:10423: result: no
configure:10438: checking if gcc supports -c -o file.o
configure:10459: gcc -c -g  -o out/conftest2.o conftest.c >&5
configure:10463: $? = 0
configure:10485: result: yes
configure:10493: checking if gcc supports -c -o file.o
configure:10540: result: yes
configure:10573: checking whether the gcc linker (ld -m elf_x86_64) supports shared libraries
configure:11721: result: yes
configure:11961: checking dynamic linker characteristics
configure:12488: gcc -o conftest -g    -Wl,-rpath -Wl,/foo conftest.c  >&5
configure:12488: $? = 0
configure:12699: result: GNU/Linux ld.so
configure:12806: checking how to hardcode library paths into programs
configure:12831: result: immediate
configure:13379: checking whether stripping libraries is possible
configure:13384: result: yes
configure:13419: checking if libtool supports shared libraries
configure:13421: result: yes
configure:13424: checking whether to build shared libraries
configure:13445: result: no
configure:13448: checking whether to build static libraries
configure:13452: result: yes
configure:13475: checking how to run the C++ preprocessor
configure:13502: g++ -E  conftest.cpp
configure:13502: $? = 0
configure:13516: g++ -E  conftest.cpp
conftest.cpp:25:28: fatal error: ac_nonexistent.h: No such file or directory
 #include <ac_nonexistent.h>
                            ^
compilation terminated.
configure:13516: $? = 1
configure: failed program was:
| /* confdefs.h */
| #define PACKAGE_NAME "isl"
| #define PACKAGE_TARNAME "isl"
| #define PACKAGE_VERSION "0.14"
| #define PACKAGE_STRING "isl 0.14"
| #define PACKAGE_BUGREPORT "isl-development@googlegroups.com"
| #define PACKAGE_URL ""
| #define PACKAGE "isl"
| #define VERSION "0.14"
| #define GCC_WARN_UNUSED_RESULT __attribute__((__warn_unused_result__))
| #define HAVE___ATTRIBUTE__ 1
| #define STDC_HEADERS 1
| #define HAVE_SYS_TYPES_H 1
| #define HAVE_SYS_STAT_H 1
| #define HAVE_STDLIB_H 1
| #define HAVE_STRING_H 1
| #define HAVE_MEMORY_H 1
| #define HAVE_STRINGS_H 1
| #define HAVE_INTTYPES_H 1
| #define HAVE_STDINT_H 1
| #define HAVE_UNISTD_H 1
| #define HAVE_DLFCN_H 1
| #define LT_OBJDIR ".libs/"
| /* end confdefs.h.  */
| #include <ac_nonexistent.h>
configure:13541: result: g++ -E
configure:13561: g++ -E  conftest.cpp
configure:13561: $? = 0
configure:13575: g++ -E  conftest.cpp
conftest.cpp:25:28: fatal error: ac_nonexistent.h: No such file or directory
 #include <ac_nonexistent.h>
                            ^
compilation terminated.
configure:13575: $? = 1
configure: failed program was:
| /* confdefs.h */
| #define PACKAGE_NAME "isl"
| #define PACKAGE_TARNAME "isl"
| #define PACKAGE_VERSION "0.14"
| #define PACKAGE_STRING "isl 0.14"
| #define PACKAGE_BUGREPORT "isl-development@googlegroups.com"
| #define PACKAGE_URL ""
| #define PACKAGE "isl"
| #define VERSION "0.14"
| #define GCC_WARN_UNUSED_RESULT __attribute__((__warn_unused_result__))
| #define HAVE___ATTRIBUTE__ 1
| #define STDC_HEADERS 1
| #define HAVE_SYS_TYPES_H 1
| #define HAVE_SYS_STAT_H 1
| #define HAVE_STDLIB_H 1
| #define HAVE_STRING_H 1
| #define HAVE_MEMORY_H 1
| #define HAVE_STRINGS_H 1
| #define HAVE_INTTYPES_H 1
| #define HAVE_STDINT_H 1
| #define HAVE_UNISTD_H 1
| #define HAVE_DLFCN_H 1
| #define LT_OBJDIR ".libs/"
| /* end confdefs.h.  */
| #include <ac_nonexistent.h>
configure:13744: checking for ld used by g++
configure:13811: result: ld -m elf_x86_64
configure:13818: checking if the linker (ld -m elf_x86_64) is GNU ld
configure:13833: result: yes
configure:13888: checking whether the g++ linker (ld -m elf_x86_64) supports shared libraries
configure:14886: result: yes
configure:14922: g++ -c -g  conftest.cpp >&5
configure:14925: $? = 0
configure:15446: checking for g++ option to produce PIC
configure:15453: result: -fPIC -DPIC
configure:15461: checking if g++ PIC flag -fPIC -DPIC works
configure:15479: g++ -c -g  -fPIC -DPIC -DPIC conftest.cpp >&5
configure:15483: $? = 0
configure:15496: result: yes
configure:15519: checking if g++ static flag -static works
configure:15547: result: no
configure:15559: checking if g++ supports -c -o file.o
configure:15580: g++ -c -g  -o out/conftest2.o conftest.cpp >&5
configure:15584: $? = 0
configure:15606: result: yes
configure:15611: checking if g++ supports -c -o file.o
configure:15658: result: yes
configure:15688: checking whether the g++ linker (ld -m elf_x86_64) supports shared libraries
configure:15724: result: yes
configure:15865: checking dynamic linker characteristics
configure:16530: result: GNU/Linux ld.so
configure:16583: checking how to hardcode library paths into programs
configure:16608: result: immediate
configure:16672: checking for perl
configure:16688: found /usr/bin/perl
configure:16699: result: perl
configure:16709: checking for pdflatex
configure:16739: result: no
configure:16746: checking for pod2html
configure:16762: found /usr/bin/pod2html
configure:16773: result: pod2html
configure:16792: checking for stdint types
configure:16815: gcc -c   conftest.c >&5
configure:16815: $? = 0
configure:16859: result: stdint.h (shortcircuit)
configure:17246: result: make use of stdint.h in include/isl/stdint.h (assuming C99 compatible system)

## ---------------------- ##
## Running config.status. ##
## ---------------------- ##

This file was extended by GNU MP config.status 4.3.2, which was
generated by GNU Autoconf 2.61.  Invocation command line was

  CONFIG_FILES    = 
  CONFIG_HEADERS  = 
  CONFIG_LINKS    = 
  CONFIG_COMMANDS = 
  $ /home/a59905/NUMA_Aware_Thesis/tools/KNL_Soft/objdir/./gmp/config.status --file=-

on compute-002-1

configure:17322: gmp sources in /home/a59905/NUMA_Aware_Thesis/tools/KNL_Soft/objdir/../gcc-5.3.0/gmp
configure:17360: checking which gmp to use
configure:17362: result: build
configure:17467: checking whether mp_get_memory_functions is declared
configure:17467: gcc -c -g -I/home/a59905/NUMA_Aware_Thesis/tools/KNL_Soft/objdir/../gcc-5.3.0/gmp -I/home/a59905/NUMA_Aware_Thesis/tools/KNL_Soft/objdir/./gmp  conftest.c >&5
configure:17467: $? = 0
configure:17467: result: yes
configure:17557: checking whether ffs is declared
configure:17557: gcc -c -g  conftest.c >&5
configure:17557: $? = 0
configure:17557: result: yes
configure:17569: checking whether __builtin_ffs is declared
configure:17569: gcc -c -g  conftest.c >&5
configure:17569: $? = 0
configure:17569: result: yes
configure:17661: checking which clang to use
configure:17663: result: no
configure:18172: checking for C compiler vendor
configure:18203: result: gnu
configure:18224: checking our pkgconfig libname
configure:18232: result: isl
configure:18235: checking our pkgconfig version
configure:18243: result: 0.14
configure:18246: checking our pkgconfig_libdir
configure:18253: result: ${libdir}/pkgconfig
configure:18256: result: expanded our pkgconfig_libdir... /home/a59905/gcc-5.3.0/lib/pkgconfig
configure:18260: checking our pkgconfig_libfile
configure:18266: result: isl.pc
configure:18273: checking our package / suffix
configure:18277: result: isl / 
configure:18280: checking our pkgconfig description
configure:18287: result: isl Library
configure:18290: checking our pkgconfig requires
configure:18295: result: 
configure:18298: checking our pkgconfig ext libs
configure:18305: result: -lisl /home/a59905/NUMA_Aware_Thesis/tools/KNL_Soft/objdir/./gmp/libgmp.la
configure:18308: checking our pkgconfig cppflags
configure:18313: result: -I/home/a59905/NUMA_Aware_Thesis/tools/KNL_Soft/objdir/../gcc-5.3.0/gmp -I/home/a59905/NUMA_Aware_Thesis/tools/KNL_Soft/objdir/./gmp
configure:18316: checking our pkgconfig ldflags
configure:18321: result: 
configure:18361: result: noninstalled pkgconfig -L /home/a59905/NUMA_Aware_Thesis/tools/KNL_Soft/objdir/isl/.libs
configure:18396: result: noninstalled pkgconfig -I //home/a59905/NUMA_Aware_Thesis/tools/KNL_Soft/objdir/../gcc-5.3.0/isl/include
configure:18521: updating cache ./config.cache
configure:18565: checking that generated files are newer than configure
configure:18571: result: done
configure:18622: creating ./config.status

## ---------------------- ##
## Running config.status. ##
## ---------------------- ##

This file was extended by isl config.status 0.14, which was
generated by GNU Autoconf 2.69.  Invocation command line was

  CONFIG_FILES    = 
  CONFIG_HEADERS  = 
  CONFIG_LINKS    = 
  CONFIG_COMMANDS = 
  $ ./config.status 

on compute-002-1

config.status:1224: creating Makefile
config.status:1224: creating doc/Makefile
config.status:1224: creating bound_test.sh
config.status:1224: creating codegen_test.sh
config.status:1224: creating pip_test.sh
config.status:1224: creating isl_config.h
config.status:1438: executing depfiles commands
config.status:1438: executing libtool commands
config.status:1438: executing include/isl/stdint.h commands
config.status:2183: creating include/isl/stdint.h : _ISL_INCLUDE_ISL_STDINT_H
config.status:1438: executing isl.pc commands
config.status:2665: creating isl.pc.in
config.status:2688: creating isl.pc
config.status:2714: creating isl-uninstalled.pc
config.status:2744: creating isl-uninstalled.sh

## ---------------- ##
## Cache variables. ##
## ---------------- ##

ac_cv_build=x86_64-unknown-linux-gnu
ac_cv_c_compiler_gnu=yes
ac_cv_cxx_compiler_gnu=yes
ac_cv_env_CCC_set=
ac_cv_env_CCC_value=
ac_cv_env_CC_set=set
ac_cv_env_CC_value=gcc
ac_cv_env_CFLAGS_set=set
ac_cv_env_CFLAGS_value=-g
ac_cv_env_CPPFLAGS_set=
ac_cv_env_CPPFLAGS_value=
ac_cv_env_CPP_set=
ac_cv_env_CPP_value=
ac_cv_env_CXXCPP_set=
ac_cv_env_CXXCPP_value=
ac_cv_env_CXXFLAGS_set=set
ac_cv_env_CXXFLAGS_value=-g
ac_cv_env_CXX_set=set
ac_cv_env_CXX_value=g++
ac_cv_env_LDFLAGS_set=set
ac_cv_env_LDFLAGS_value=' '
ac_cv_env_LIBS_set=
ac_cv_env_LIBS_value=
ac_cv_env_build_alias_set=set
ac_cv_env_build_alias_value=x86_64-unknown-linux-gnu
ac_cv_env_host_alias_set=set
ac_cv_env_host_alias_value=x86_64-unknown-linux-gnu
ac_cv_env_target_alias_set=set
ac_cv_env_target_alias_value=x86_64-unknown-linux-gnu
ac_cv_have_decl___builtin_ffs=yes
ac_cv_have_decl_ffs=yes
ac_cv_have_decl_mp_get_memory_functions=yes
ac_cv_header_dlfcn_h=yes
ac_cv_header_inttypes_h=yes
ac_cv_header_memory_h=yes
ac_cv_header_stdc=yes
ac_cv_header_stdint=stdint.h
ac_cv_header_stdint_h=yes
ac_cv_header_stdint_t=stdint.h
ac_cv_header_stdlib_h=yes
ac_cv_header_string_h=yes
ac_cv_header_strings_h=yes
ac_cv_header_sys_stat_h=yes
ac_cv_header_sys_types_h=yes
ac_cv_header_unistd_h=yes
ac_cv_host=x86_64-unknown-linux-gnu
ac_cv_objext=o
ac_cv_path_EGREP='/usr/bin/grep -E'
ac_cv_path_FGREP='/usr/bin/grep -F'
ac_cv_path_GREP=/usr/bin/grep
ac_cv_path_SED=/usr/bin/sed
ac_cv_path_mkdir=/usr/bin/mkdir
ac_cv_prog_AR=ar
ac_cv_prog_AWK=gawk
ac_cv_prog_CC=gcc
ac_cv_prog_CPP='gcc -E'
ac_cv_prog_CXXCPP='g++ -E'
ac_cv_prog_DLLTOOL=dlltool
ac_cv_prog_OBJDUMP=objdump
ac_cv_prog_PERL=perl
ac_cv_prog_POD2HTML=pod2html
ac_cv_prog_RANLIB=ranlib
ac_cv_prog_ac_ct_STRIP=strip
ac_cv_prog_cc_c89=
ac_cv_prog_cc_g=yes
ac_cv_prog_cxx_g=yes
ac_cv_prog_make_make_set=yes
ac_cv_stdint_message='using gnu compiler gcc (GCC) 4.8.5 20150623 (Red Hat 4.8.5-4)'
ac_cv_stdint_result='(assuming C99 compatible system)'
am_cv_CC_dependencies_compiler_type=gcc3
am_cv_CXX_dependencies_compiler_type=gcc3
am_cv_make_support_nested_variables=yes
am_cv_prog_cc_c_o=yes
ax_cv___attribute__=yes
ax_cv_c_compiler_vendor=gnu
ax_cv_gcc_warn_unused_result=yes
lt_cv_ar_at_file=@
lt_cv_deplibs_check_method=pass_all
lt_cv_file_magic_cmd='$MAGIC_CMD'
lt_cv_file_magic_test_file=
lt_cv_ld_reload_flag=-r
lt_cv_nm_interface='BSD nm'
lt_cv_objdir=.libs
lt_cv_path_LD=ld
lt_cv_path_LDCXX='ld -m elf_x86_64'
lt_cv_path_NM=nm
lt_cv_path_mainfest_tool=no
lt_cv_prog_compiler_c_o=yes
lt_cv_prog_compiler_c_o_CXX=yes
lt_cv_prog_compiler_pic='-fPIC -DPIC'
lt_cv_prog_compiler_pic_CXX='-fPIC -DPIC'
lt_cv_prog_compiler_pic_works=yes
lt_cv_prog_compiler_pic_works_CXX=yes
lt_cv_prog_compiler_rtti_exceptions=no
lt_cv_prog_compiler_static_works=no
lt_cv_prog_compiler_static_works_CXX=no
lt_cv_prog_gnu_ld=yes
lt_cv_prog_gnu_ldcxx=yes
lt_cv_sharedlib_from_linklib_cmd='printf %s\n'
lt_cv_shlibpath_overrides_runpath=no
lt_cv_sys_global_symbol_pipe='sed -n -e '\''s/^.*[	 ]\([ABCDGIRSTW][ABCDGIRSTW]*\)[	 ][	 ]*\([_A-Za-z][_A-Za-z0-9]*\)$/\1 \2 \2/p'\'' | sed '\''/ __gnu_lto/d'\'''
lt_cv_sys_global_symbol_to_c_name_address='sed -n -e '\''s/^: \(.*\) .*$/  {"\1", (void *) 0},/p'\'' -e '\''s/^[ABCDGIRSTW][ABCDGIRSTW]* .* \(.*\)$/  {"\1", (void *) \&\1},/p'\'''
lt_cv_sys_global_symbol_to_c_name_address_lib_prefix='sed -n -e '\''s/^: \(.*\) .*$/  {"\1", (void *) 0},/p'\'' -e '\''s/^[ABCDGIRSTW][ABCDGIRSTW]* .* \(lib.*\)$/  {"\1", (void *) \&\1},/p'\'' -e '\''s/^[ABCDGIRSTW][ABCDGIRSTW]* .* \(.*\)$/  {"lib\1", (void *) \&\1},/p'\'''
lt_cv_sys_global_symbol_to_cdecl='sed -n -e '\''s/^T .* \(.*\)$/extern int \1();/p'\'' -e '\''s/^[ABCDGIRSTW][ABCDGIRSTW]* .* \(.*\)$/extern char \1;/p'\'''
lt_cv_sys_global_symbol_to_import=
lt_cv_sys_max_cmd_len=1572864
lt_cv_to_host_file_cmd=func_convert_file_noop
lt_cv_to_tool_file_cmd=func_convert_file_noop

## ----------------- ##
## Output variables. ##
## ----------------- ##

ACLOCAL='${SHELL} /home/a59905/NUMA_Aware_Thesis/tools/KNL_Soft/gcc-5.3.0/isl/missing aclocal-1.14'
AMDEPBACKSLASH='\'
AMDEP_FALSE='#'
AMDEP_TRUE=''
AMTAR='$${TAR-tar}'
AM_BACKSLASH='\'
AM_DEFAULT_V='$(AM_DEFAULT_VERBOSITY)'
AM_DEFAULT_VERBOSITY='0'
AM_V='$(V)'
AR='ar'
AUTOCONF='${SHELL} /home/a59905/NUMA_Aware_Thesis/tools/KNL_Soft/gcc-5.3.0/isl/missing autoconf'
AUTOHEADER='${SHELL} /home/a59905/NUMA_Aware_Thesis/tools/KNL_Soft/gcc-5.3.0/isl/missing autoheader'
AUTOMAKE='${SHELL} /home/a59905/NUMA_Aware_Thesis/tools/KNL_Soft/gcc-5.3.0/isl/missing automake-1.14'
AWK='gawk'
CC='gcc'
CCDEPMODE='depmode=gcc3'
CFLAGS='-g'
CLANG_CXXFLAGS=''
CLANG_LDFLAGS=''
CLANG_LIBS=''
CPP='gcc -E'
CPPFLAGS=''
CXX='g++'
CXXCPP='g++ -E'
CXXDEPMODE='depmode=gcc3'
CXXFLAGS='-g'
CYGPATH_W='echo'
DEFS='-DHAVE_CONFIG_H'
DEPDIR='.deps'
DLLTOOL='dlltool'
DSYMUTIL=''
DUMPBIN=''
ECHO_C=''
ECHO_N='-n'
ECHO_T=''
EGREP='/usr/bin/grep -E'
EXEEXT=''
FGREP='/usr/bin/grep -F'
GENERATE_DOC_FALSE=''
GENERATE_DOC_TRUE='#'
GIT_HEAD=''
GIT_HEAD_ID='isl-0.14'
GIT_HEAD_VERSION='isl-0.14'
GMP_FOR_MP_FALSE='#'
GMP_FOR_MP_TRUE=''
GREP='/usr/bin/grep'
HAVE_CLANG_FALSE=''
HAVE_CLANG_TRUE='#'
IMATH_FOR_MP_FALSE=''
IMATH_FOR_MP_TRUE='#'
INSTALL_DATA='/usr/bin/install -c -m 644'
INSTALL_PROGRAM='/usr/bin/install -c'
INSTALL_SCRIPT='/usr/bin/install -c'
INSTALL_STRIP_PROGRAM='$(install_sh) -c -s'
LD='ld -m elf_x86_64'
LDFLAGS=' '
LIBOBJS=''
LIBS=''
LIBTOOL='$(SHELL) $(top_builddir)/libtool'
LIB_CLANG_EDIT=''
LIPO=''
LN_S='ln -s'
LTLIBOBJS=''
MAKEINFO='/home/a59905/NUMA_Aware_Thesis/tools/KNL_Soft/gcc-5.3.0/missing makeinfo --split-size=5000000 --split-size=5000000'
MANIFEST_TOOL=':'
MKDIR_P='/usr/bin/mkdir -p'
MP_CPPFLAGS='-I/home/a59905/NUMA_Aware_Thesis/tools/KNL_Soft/objdir/../gcc-5.3.0/gmp -I/home/a59905/NUMA_Aware_Thesis/tools/KNL_Soft/objdir/./gmp'
MP_LDFLAGS=''
MP_LIBS='/home/a59905/NUMA_Aware_Thesis/tools/KNL_Soft/objdir/./gmp/libgmp.la'
NEED_GET_MEMORY_FUNCTIONS_FALSE=''
NEED_GET_MEMORY_FUNCTIONS_TRUE='#'
NM='nm'
NMEDIT=''
OBJDUMP='objdump'
OBJEXT='o'
OTOOL64=''
OTOOL=''
PACKAGE='isl'
PACKAGE_BUGREPORT='isl-development@googlegroups.com'
PACKAGE_NAME='isl'
PACKAGE_STRING='isl 0.14'
PACKAGE_TARNAME='isl'
PACKAGE_URL=''
PACKAGE_VERSION='0.14'
PATH_SEPARATOR=':'
PDFLATEX=''
PERL='perl'
POD2HTML='pod2html'
PRTDIAG=''
RANLIB='ranlib'
SED='/usr/bin/sed'
SET_MAKE=''
SHELL='/bin/sh'
STRIP='strip'
VERSION='0.14'
WARNING_FLAGS=''
ac_ct_AR=''
ac_ct_CC=''
ac_ct_CXX=''
ac_ct_DUMPBIN=''
am__EXEEXT_FALSE=''
am__EXEEXT_TRUE='#'
am__fastdepCC_FALSE='#'
am__fastdepCC_TRUE=''
am__fastdepCXX_FALSE='#'
am__fastdepCXX_TRUE=''
am__include='include'
am__isrc=' -I$(srcdir)'
am__leading_dot='.'
am__nodep='_no'
am__quote=''
am__tar='$${TAR-tar} chof - "$$tardir"'
am__untar='$${TAR-tar} xf -'
bindir='${exec_prefix}/bin'
build='x86_64-unknown-linux-gnu'
build_alias='x86_64-unknown-linux-gnu'
build_cpu='x86_64'
build_os='linux-gnu'
build_vendor='unknown'
datadir='${datarootdir}'
datarootdir='${prefix}/share'
docdir='${datarootdir}/doc/${PACKAGE_TARNAME}'
dvidir='${docdir}'
exec_prefix='${prefix}'
host='x86_64-unknown-linux-gnu'
host_alias='x86_64-unknown-linux-gnu'
host_cpu='x86_64'
host_os='linux-gnu'
host_vendor='unknown'
htmldir='${docdir}'
includedir='${prefix}/include'
infodir='${datarootdir}/info'
install_sh='${SHELL} /home/a59905/NUMA_Aware_Thesis/tools/KNL_Soft/gcc-5.3.0/isl/install-sh'
libdir='${exec_prefix}/lib'
libexecdir='${exec_prefix}/libexec'
llvm_config_found=''
localedir='${datarootdir}/locale'
localstatedir='${prefix}/var'
mandir='${datarootdir}/man'
mkdir_p='$(MKDIR_P)'
oldincludedir='/usr/include'
pdfdir='${docdir}'
pkgconfig_libdir='${libdir}/pkgconfig'
pkgconfig_libfile='isl.pc'
prefix='/home/a59905/gcc-5.3.0'
program_transform_name='s,y,y,'
psdir='${docdir}'
sbindir='${exec_prefix}/sbin'
sharedstatedir='${prefix}/com'
sysconfdir='${prefix}/etc'
target_alias='x86_64-unknown-linux-gnu'
versioninfo='14:0:1'

## ----------- ##
## confdefs.h. ##
## ----------- ##

/* confdefs.h */
#define PACKAGE_NAME "isl"
#define PACKAGE_TARNAME "isl"
#define PACKAGE_VERSION "0.14"
#define PACKAGE_STRING "isl 0.14"
#define PACKAGE_BUGREPORT "isl-development@googlegroups.com"
#define PACKAGE_URL ""
#define PACKAGE "isl"
#define VERSION "0.14"
#define GCC_WARN_UNUSED_RESULT __attribute__((__warn_unused_result__))
#define HAVE___ATTRIBUTE__ 1
#define STDC_HEADERS 1
#define HAVE_SYS_TYPES_H 1
#define HAVE_SYS_STAT_H 1
#define HAVE_STDLIB_H 1
#define HAVE_STRING_H 1
#define HAVE_MEMORY_H 1
#define HAVE_STRINGS_H 1
#define HAVE_INTTYPES_H 1
#define HAVE_STDINT_H 1
#define HAVE_UNISTD_H 1
#define HAVE_DLFCN_H 1
#define LT_OBJDIR ".libs/"
#define USE_GMP_FOR_MP /**/
#define HAVE_DECL_MP_GET_MEMORY_FUNCTIONS 1
#define HAVE_DECL_FFS 1
#define HAVE_DECL___BUILTIN_FFS 1

configure: exit 0
