This file contains any messages produced by compilers while
running configure, to aid debugging if configure makes a mistake.

It was created by configure, which was
generated by GNU Autoconf 2.64.  Invocation command line was

  $ /home/a59905/NUMA_Aware_Thesis/tools/KNL_Soft/objdir/../gcc-5.3.0/configure --enable-multilib --prefix=/home/a59905/gcc-5.3.0 --enable-languages=c,c++,fortran,go

## --------- ##
## Platform. ##
## --------- ##

hostname = compute-002-1
uname -m = x86_64
uname -r = 3.10.0-327.36.3.el7.xppsl_1.5.0.4036.x86_64
uname -s = Linux
uname -v = #1 SMP Wed Dec 21 11:11:21 UTC 2016

/usr/bin/uname -p = x86_64
/bin/uname -X     = unknown

/bin/arch              = x86_64
/usr/bin/arch -k       = unknown
/usr/convex/getsysinfo = unknown
/usr/bin/hostinfo      = unknown
/bin/machine           = unknown
/usr/bin/oslevel       = unknown
/bin/universe          = unknown

PATH: /usr/local/bin
PATH: /usr/bin
PATH: /usr/local/sbin
PATH: /usr/sbin
PATH: /home/a59905/bin


## ----------- ##
## Core tests. ##
## ----------- ##

configure:2292: checking build system type
configure:2306: result: x86_64-unknown-linux-gnu
configure:2353: checking host system type
configure:2366: result: x86_64-unknown-linux-gnu
configure:2386: checking target system type
configure:2399: result: x86_64-unknown-linux-gnu
configure:2453: checking for a BSD-compatible install
configure:2521: result: /usr/bin/install -c
configure:2532: checking whether ln works
configure:2554: result: yes
configure:2558: checking whether ln -s works
configure:2562: result: yes
configure:2569: checking for a sed that does not truncate output
configure:2633: result: /usr/bin/sed
configure:2642: checking for gawk
configure:2658: found /usr/bin/gawk
configure:2669: result: gawk
configure:3183: checking for libatomic support
configure:3193: result: yes
configure:3202: checking for libcilkrts support
configure:3212: result: yes
configure:3240: checking for libitm support
configure:3250: result: yes
configure:3259: checking for libsanitizer support
configure:3269: result: yes
configure:3278: checking for libvtv support
configure:3288: result: yes
configure:4074: checking for gcc
configure:4090: found /usr/bin/gcc
configure:4101: result: gcc
configure:4330: checking for C compiler version
configure:4339: gcc --version >&5
gcc (GCC) 4.8.5 20150623 (Red Hat 4.8.5-4)
Copyright (C) 2015 Free Software Foundation, Inc.
This is free software; see the source for copying conditions.  There is NO
warranty; not even for MERCHANTABILITY or FITNESS FOR A PARTICULAR PURPOSE.

configure:4350: $? = 0
configure:4339: gcc -v >&5
Using built-in specs.
COLLECT_GCC=gcc
COLLECT_LTO_WRAPPER=/usr/libexec/gcc/x86_64-redhat-linux/4.8.5/lto-wrapper
Target: x86_64-redhat-linux
Configured with: ../configure --prefix=/usr --mandir=/usr/share/man --infodir=/usr/share/info --with-bugurl=http://bugzilla.redhat.com/bugzilla --enable-bootstrap --enable-shared --enable-threads=posix --enable-checking=release --with-system-zlib --enable-__cxa_atexit --disable-libunwind-exceptions --enable-gnu-unique-object --enable-linker-build-id --with-linker-hash-style=gnu --enable-languages=c,c++,objc,obj-c++,java,fortran,ada,go,lto --enable-plugin --enable-initfini-array --disable-libgcj --with-isl=/builddir/build/BUILD/gcc-4.8.5-20150702/obj-x86_64-redhat-linux/isl-install --with-cloog=/builddir/build/BUILD/gcc-4.8.5-20150702/obj-x86_64-redhat-linux/cloog-install --enable-gnu-indirect-function --with-tune=generic --with-arch_32=x86-64 --build=x86_64-redhat-linux
Thread model: posix
gcc version 4.8.5 20150623 (Red Hat 4.8.5-4) (GCC) 
configure:4350: $? = 0
configure:4339: gcc -V >&5
gcc: error: unrecognized command line option '-V'
gcc: fatal error: no input files
compilation terminated.
configure:4350: $? = 4
configure:4339: gcc -qversion >&5
gcc: error: unrecognized command line option '-qversion'
gcc: fatal error: no input files
compilation terminated.
configure:4350: $? = 4
configure:4370: checking for C compiler default output file name
configure:4392: gcc    conftest.c  >&5
configure:4396: $? = 0
configure:4433: result: a.out
configure:4449: checking whether the C compiler works
configure:4458: ./a.out
configure:4462: $? = 0
configure:4477: result: yes
configure:4484: checking whether we are cross compiling
configure:4486: result: no
configure:4489: checking for suffix of executables
configure:4496: gcc -o conftest    conftest.c  >&5
configure:4500: $? = 0
configure:4522: result: 
configure:4528: checking for suffix of object files
configure:4550: gcc -c   conftest.c >&5
configure:4554: $? = 0
configure:4575: result: o
configure:4579: checking whether we are using the GNU C compiler
configure:4598: gcc -c   conftest.c >&5
configure:4598: $? = 0
configure:4607: result: yes
configure:4616: checking whether gcc accepts -g
configure:4636: gcc -c -g  conftest.c >&5
configure:4636: $? = 0
configure:4677: result: yes
configure:4694: checking for gcc option to accept ISO C89
configure:4758: gcc  -c -g -O2  conftest.c >&5
configure:4758: $? = 0
configure:4771: result: none needed
configure:4849: checking for g++
configure:4865: found /usr/bin/g++
configure:4876: result: g++
configure:4903: checking for C++ compiler version
configure:4912: g++ --version >&5
g++ (GCC) 4.8.5 20150623 (Red Hat 4.8.5-4)
Copyright (C) 2015 Free Software Foundation, Inc.
This is free software; see the source for copying conditions.  There is NO
warranty; not even for MERCHANTABILITY or FITNESS FOR A PARTICULAR PURPOSE.

configure:4923: $? = 0
configure:4912: g++ -v >&5
Using built-in specs.
COLLECT_GCC=g++
COLLECT_LTO_WRAPPER=/usr/libexec/gcc/x86_64-redhat-linux/4.8.5/lto-wrapper
Target: x86_64-redhat-linux
Configured with: ../configure --prefix=/usr --mandir=/usr/share/man --infodir=/usr/share/info --with-bugurl=http://bugzilla.redhat.com/bugzilla --enable-bootstrap --enable-shared --enable-threads=posix --enable-checking=release --with-system-zlib --enable-__cxa_atexit --disable-libunwind-exceptions --enable-gnu-unique-object --enable-linker-build-id --with-linker-hash-style=gnu --enable-languages=c,c++,objc,obj-c++,java,fortran,ada,go,lto --enable-plugin --enable-initfini-array --disable-libgcj --with-isl=/builddir/build/BUILD/gcc-4.8.5-20150702/obj-x86_64-redhat-linux/isl-install --with-cloog=/builddir/build/BUILD/gcc-4.8.5-20150702/obj-x86_64-redhat-linux/cloog-install --enable-gnu-indirect-function --with-tune=generic --with-arch_32=x86-64 --build=x86_64-redhat-linux
Thread model: posix
gcc version 4.8.5 20150623 (Red Hat 4.8.5-4) (GCC) 
configure:4923: $? = 0
configure:4912: g++ -V >&5
g++: error: unrecognized command line option '-V'
g++: fatal error: no input files
compilation terminated.
configure:4923: $? = 4
configure:4912: g++ -qversion >&5
g++: error: unrecognized command line option '-qversion'
g++: fatal error: no input files
compilation terminated.
configure:4923: $? = 4
configure:4927: checking whether we are using the GNU C++ compiler
configure:4946: g++ -c   conftest.cpp >&5
configure:4946: $? = 0
configure:4955: result: yes
configure:4964: checking whether g++ accepts -g
configure:4984: g++ -c -g  conftest.cpp >&5
configure:4984: $? = 0
configure:5025: result: yes
configure:5074: checking whether g++ accepts -static-libstdc++ -static-libgcc
configure:5091: g++ -o conftest -g -O2   -static-libstdc++ -static-libgcc conftest.cpp  >&5
/usr/bin/ld: cannot find -lstdc++
collect2: error: ld returned 1 exit status
configure:5091: $? = 1
configure: failed program was:
| /* confdefs.h */
| #define PACKAGE_NAME ""
| #define PACKAGE_TARNAME ""
| #define PACKAGE_VERSION ""
| #define PACKAGE_STRING ""
| #define PACKAGE_BUGREPORT ""
| #define PACKAGE_URL ""
| /* end confdefs.h.  */
| 
| #if (__GNUC__ < 4) || (__GNUC__ == 4 && __GNUC_MINOR__ < 5)
| #error -static-libstdc++ not implemented
| #endif
| int main() {}
configure:5095: result: no
configure:5156: checking for gnatbind
configure:5186: result: no
configure:5248: checking for gnatmake
configure:5278: result: no
configure:5297: checking whether compiler driver understands Ada
configure:5320: result: no
configure:5329: checking how to compare bootstrapped objects
configure:5354: result: cmp --ignore-initial=16 $$f1 $$f2
configure:5408: checking for objdir
configure:5423: result: .libs
configure:5972: WARNING: using in-tree ISL, disabling version check
configure:6990: checking for default BUILD_CONFIG
configure:7022: result: bootstrap-debug
configure:7027: checking for --enable-vtable-verify
configure:7040: result: no
configure:7636: checking for bison
configure:7652: found /usr/bin/bison
configure:7663: result: bison -y
configure:7683: checking for bison
configure:7699: found /usr/bin/bison
configure:7710: result: bison
configure:7730: checking for gm4
configure:7760: result: no
configure:7730: checking for gnum4
configure:7760: result: no
configure:7730: checking for m4
configure:7746: found /usr/bin/m4
configure:7757: result: m4
configure:7777: checking for flex
configure:7793: found /usr/bin/flex
configure:7804: result: flex
configure:7825: checking for flex
configure:7841: found /usr/bin/flex
configure:7852: result: flex
configure:7872: checking for makeinfo
configure:7902: result: no
configure:7933: checking for expect
configure:7963: result: no
configure:7982: checking for runtest
configure:8012: result: no
configure:8127: checking for ar
configure:8143: found /usr/bin/ar
configure:8154: result: ar
configure:8268: checking for as
configure:8284: found /usr/bin/as
configure:8295: result: as
configure:8409: checking for dlltool
configure:8439: result: no
configure:8550: checking for ld
configure:8566: found /usr/bin/ld
configure:8577: result: ld
configure:8691: checking for lipo
configure:8721: result: no
configure:8832: checking for nm
configure:8848: found /usr/bin/nm
configure:8859: result: nm
configure:8973: checking for ranlib
configure:8989: found /usr/bin/ranlib
configure:9000: result: ranlib
configure:9109: checking for strip
configure:9125: found /usr/bin/strip
configure:9136: result: strip
configure:9245: checking for windres
configure:9275: result: no
configure:9386: checking for windmc
configure:9416: result: no
configure:9527: checking for objcopy
configure:9543: found /usr/bin/objcopy
configure:9554: result: objcopy
configure:9668: checking for objdump
configure:9684: found /usr/bin/objdump
configure:9695: result: objdump
configure:9809: checking for readelf
configure:9825: found /usr/bin/readelf
configure:9836: result: readelf
configure:9989: checking for cc
configure:10005: found /usr/bin/cc
configure:10016: result: cc
configure:10150: checking for c++
configure:10166: found /usr/bin/c++
configure:10177: result: c++
configure:10311: checking for gcc
configure:10327: found /usr/bin/gcc
configure:10338: result: gcc
configure:10467: checking for gcj
configure:10497: result: no
configure:10628: checking for gfortran
configure:10644: found /usr/bin/gfortran
configure:10655: result: gfortran
configure:10789: checking for gccgo
configure:10819: result: no
configure:10880: checking for ar
configure:10913: result: no
configure:11030: checking for ar
configure:11046: found /usr/bin/ar
configure:11057: result: ar
configure:11110: checking for as
configure:11143: result: no
configure:11260: checking for as
configure:11276: found /usr/bin/as
configure:11287: result: as
configure:11340: checking for dlltool
configure:11373: result: no
configure:11490: checking for dlltool
configure:11520: result: no
configure:11570: checking for ld
configure:11603: result: no
configure:11720: checking for ld
configure:11736: found /usr/bin/ld
configure:11747: result: ld
configure:11800: checking for lipo
configure:11833: result: no
configure:11950: checking for lipo
configure:11980: result: no
configure:12030: checking for nm
configure:12063: result: no
configure:12180: checking for nm
configure:12196: found /usr/bin/nm
configure:12207: result: nm
configure:12260: checking for objcopy
configure:12293: result: no
configure:12410: checking for objcopy
configure:12426: found /usr/bin/objcopy
configure:12437: result: objcopy
configure:12490: checking for objdump
configure:12523: result: no
configure:12640: checking for objdump
configure:12656: found /usr/bin/objdump
configure:12667: result: objdump
configure:12720: checking for ranlib
configure:12753: result: no
configure:12870: checking for ranlib
configure:12886: found /usr/bin/ranlib
configure:12897: result: ranlib
configure:12950: checking for readelf
configure:12983: result: no
configure:13100: checking for readelf
configure:13116: found /usr/bin/readelf
configure:13127: result: readelf
configure:13180: checking for strip
configure:13213: result: no
configure:13330: checking for strip
configure:13346: found /usr/bin/strip
configure:13357: result: strip
configure:13410: checking for windres
configure:13443: result: no
configure:13560: checking for windres
configure:13590: result: no
configure:13640: checking for windmc
configure:13673: result: no
configure:13790: checking for windmc
configure:13820: result: no
configure:13848: checking where to find the target ar
configure:13881: result: host tool
configure:13890: checking where to find the target as
configure:13923: result: host tool
configure:13932: checking where to find the target cc
configure:13955: result: just compiled
configure:13974: checking where to find the target c++
configure:14000: result: just compiled
configure:14019: checking where to find the target c++ for libstdc++
configure:14045: result: just compiled
configure:14064: checking where to find the target dlltool
configure:14097: result: host tool
configure:14106: checking where to find the target gcc
configure:14129: result: just compiled
configure:14148: checking where to find the target gcj
configure:14184: result: host tool
configure:14193: checking where to find the target gfortran
configure:14219: result: just compiled
configure:14238: checking where to find the target gccgo
configure:14264: result: just compiled
configure:14283: checking where to find the target ld
configure:14316: result: host tool
configure:14325: checking where to find the target lipo
configure:14347: result: host tool
configure:14356: checking where to find the target nm
configure:14389: result: host tool
configure:14398: checking where to find the target objcopy
configure:14431: result: host tool
configure:14440: checking where to find the target objdump
configure:14473: result: host tool
configure:14482: checking where to find the target ranlib
configure:14515: result: host tool
configure:14524: checking where to find the target readelf
configure:14557: result: host tool
configure:14566: checking where to find the target strip
configure:14599: result: host tool
configure:14608: checking where to find the target windres
configure:14641: result: host tool
configure:14650: checking where to find the target windmc
configure:14683: result: host tool
configure:14720: checking whether to enable maintainer-specific portions of Makefiles
configure:14729: result: no
configure:14986: creating ./config.status

## ---------------------- ##
## Running config.status. ##
## ---------------------- ##

This file was extended by config.status, which was
generated by GNU Autoconf 2.64.  Invocation command line was

  CONFIG_FILES    = 
  CONFIG_HEADERS  = 
  CONFIG_LINKS    = 
  CONFIG_COMMANDS = 
  $ ./config.status 

on compute-002-1

config.status:1032: creating Makefile

## ---------------- ##
## Cache variables. ##
## ---------------- ##

ac_cv_build=x86_64-unknown-linux-gnu
ac_cv_c_compiler_gnu=yes
ac_cv_cxx_compiler_gnu=yes
ac_cv_env_AR_FOR_TARGET_set=
ac_cv_env_AR_FOR_TARGET_value=
ac_cv_env_AR_set=
ac_cv_env_AR_value=
ac_cv_env_AS_FOR_TARGET_set=
ac_cv_env_AS_FOR_TARGET_value=
ac_cv_env_AS_set=
ac_cv_env_AS_value=
ac_cv_env_CCC_set=
ac_cv_env_CCC_value=
ac_cv_env_CC_FOR_TARGET_set=
ac_cv_env_CC_FOR_TARGET_value=
ac_cv_env_CC_set=
ac_cv_env_CC_value=
ac_cv_env_CFLAGS_set=
ac_cv_env_CFLAGS_value=
ac_cv_env_CPPFLAGS_set=
ac_cv_env_CPPFLAGS_value=
ac_cv_env_CXXFLAGS_set=
ac_cv_env_CXXFLAGS_value=
ac_cv_env_CXX_FOR_TARGET_set=
ac_cv_env_CXX_FOR_TARGET_value=
ac_cv_env_CXX_set=
ac_cv_env_CXX_value=
ac_cv_env_DLLTOOL_FOR_TARGET_set=
ac_cv_env_DLLTOOL_FOR_TARGET_value=
ac_cv_env_DLLTOOL_set=
ac_cv_env_DLLTOOL_value=
ac_cv_env_GCC_FOR_TARGET_set=
ac_cv_env_GCC_FOR_TARGET_value=
ac_cv_env_GCJ_FOR_TARGET_set=
ac_cv_env_GCJ_FOR_TARGET_value=
ac_cv_env_GFORTRAN_FOR_TARGET_set=
ac_cv_env_GFORTRAN_FOR_TARGET_value=
ac_cv_env_GOC_FOR_TARGET_set=
ac_cv_env_GOC_FOR_TARGET_value=
ac_cv_env_LDFLAGS_set=
ac_cv_env_LDFLAGS_value=
ac_cv_env_LD_FOR_TARGET_set=
ac_cv_env_LD_FOR_TARGET_value=
ac_cv_env_LD_set=
ac_cv_env_LD_value=
ac_cv_env_LIBS_set=
ac_cv_env_LIBS_value=
ac_cv_env_LIPO_FOR_TARGET_set=
ac_cv_env_LIPO_FOR_TARGET_value=
ac_cv_env_LIPO_set=
ac_cv_env_LIPO_value=
ac_cv_env_NM_FOR_TARGET_set=
ac_cv_env_NM_FOR_TARGET_value=
ac_cv_env_NM_set=
ac_cv_env_NM_value=
ac_cv_env_OBJCOPY_FOR_TARGET_set=
ac_cv_env_OBJCOPY_FOR_TARGET_value=
ac_cv_env_OBJCOPY_set=
ac_cv_env_OBJCOPY_value=
ac_cv_env_OBJDUMP_FOR_TARGET_set=
ac_cv_env_OBJDUMP_FOR_TARGET_value=
ac_cv_env_OBJDUMP_set=
ac_cv_env_OBJDUMP_value=
ac_cv_env_RANLIB_FOR_TARGET_set=
ac_cv_env_RANLIB_FOR_TARGET_value=
ac_cv_env_RANLIB_set=
ac_cv_env_RANLIB_value=
ac_cv_env_READELF_FOR_TARGET_set=
ac_cv_env_READELF_FOR_TARGET_value=
ac_cv_env_READELF_set=
ac_cv_env_READELF_value=
ac_cv_env_STRIP_FOR_TARGET_set=
ac_cv_env_STRIP_FOR_TARGET_value=
ac_cv_env_STRIP_set=
ac_cv_env_STRIP_value=
ac_cv_env_WINDMC_FOR_TARGET_set=
ac_cv_env_WINDMC_FOR_TARGET_value=
ac_cv_env_WINDMC_set=
ac_cv_env_WINDMC_value=
ac_cv_env_WINDRES_FOR_TARGET_set=
ac_cv_env_WINDRES_FOR_TARGET_value=
ac_cv_env_WINDRES_set=
ac_cv_env_WINDRES_value=
ac_cv_env_build_alias_set=
ac_cv_env_build_alias_value=
ac_cv_env_build_configargs_set=
ac_cv_env_build_configargs_value=
ac_cv_env_host_alias_set=
ac_cv_env_host_alias_value=
ac_cv_env_host_configargs_set=
ac_cv_env_host_configargs_value=
ac_cv_env_target_alias_set=
ac_cv_env_target_alias_value=
ac_cv_env_target_configargs_set=
ac_cv_env_target_configargs_value=
ac_cv_host=x86_64-unknown-linux-gnu
ac_cv_objext=o
ac_cv_path_SED=/usr/bin/sed
ac_cv_path_install='/usr/bin/install -c'
ac_cv_prog_AR=ar
ac_cv_prog_AR_FOR_TARGET=ar
ac_cv_prog_AS=as
ac_cv_prog_AS_FOR_TARGET=as
ac_cv_prog_AWK=gawk
ac_cv_prog_BISON=bison
ac_cv_prog_CC_FOR_TARGET=cc
ac_cv_prog_CXX_FOR_TARGET=c++
ac_cv_prog_FLEX=flex
ac_cv_prog_GCC_FOR_TARGET=gcc
ac_cv_prog_GFORTRAN_FOR_TARGET=gfortran
ac_cv_prog_LD=ld
ac_cv_prog_LD_FOR_TARGET=ld
ac_cv_prog_LEX=flex
ac_cv_prog_M4=m4
ac_cv_prog_NM=nm
ac_cv_prog_NM_FOR_TARGET=nm
ac_cv_prog_OBJCOPY=objcopy
ac_cv_prog_OBJCOPY_FOR_TARGET=objcopy
ac_cv_prog_OBJDUMP=objdump
ac_cv_prog_OBJDUMP_FOR_TARGET=objdump
ac_cv_prog_RANLIB=ranlib
ac_cv_prog_RANLIB_FOR_TARGET=ranlib
ac_cv_prog_READELF=readelf
ac_cv_prog_READELF_FOR_TARGET=readelf
ac_cv_prog_STRIP=strip
ac_cv_prog_STRIP_FOR_TARGET=strip
ac_cv_prog_YACC='bison -y'
ac_cv_prog_ac_ct_CC=gcc
ac_cv_prog_ac_ct_CXX=g++
ac_cv_prog_cc_c89=
ac_cv_prog_cc_g=yes
ac_cv_prog_cxx_g=yes
ac_cv_target=x86_64-unknown-linux-gnu
acx_cv_cc_gcc_supports_ada=no
acx_cv_prog_LN=ln
gcc_cv_prog_cmp_skip='cmp --ignore-initial=16 $$f1 $$f2'
gcc_cv_tool_dirs=/home/a59905/gcc-5.3.0/libexec/gcc/x86_64-unknown-linux-gnu/5.3.0:/home/a59905/gcc-5.3.0/libexec/gcc/x86_64-unknown-linux-gnu:/usr/lib/gcc/x86_64-unknown-linux-gnu/5.3.0:/usr/lib/gcc/x86_64-unknown-linux-gnu:/home/a59905/gcc-5.3.0/x86_64-unknown-linux-gnu/bin/x86_64-unknown-linux-gnu/5.3.0:/home/a59905/gcc-5.3.0/x86_64-unknown-linux-gnu/bin:
gcc_cv_tool_prefix=/home/a59905/gcc-5.3.0
lt_cv_objdir=.libs

## ----------------- ##
## Output variables. ##
## ----------------- ##

AR='ar'
AR_FOR_BUILD='$(AR)'
AR_FOR_TARGET='$(AR)'
AS='as'
AS_FOR_BUILD='$(AS)'
AS_FOR_TARGET='$(AS)'
AWK='gawk'
BISON='bison'
BUILD_CONFIG='bootstrap-debug'
CC='gcc'
CC_FOR_BUILD='$(CC)'
CC_FOR_TARGET='$$r/$(HOST_SUBDIR)/gcc/xgcc -B$$r/$(HOST_SUBDIR)/gcc/'
CFLAGS='-g -O2'
CFLAGS_FOR_BUILD='-g -O2'
CFLAGS_FOR_TARGET='-g -O2'
COMPILER_AS_FOR_TARGET='$$r/$(HOST_SUBDIR)/gcc/as'
COMPILER_LD_FOR_TARGET='$$r/$(HOST_SUBDIR)/gcc/collect-ld'
COMPILER_NM_FOR_TARGET='$$r/$(HOST_SUBDIR)/gcc/nm'
CONFIGURE_GDB_TK=''
CPPFLAGS=''
CXX='g++'
CXXFLAGS='-g -O2'
CXXFLAGS_FOR_BUILD='-g -O2'
CXXFLAGS_FOR_TARGET='-g -O2'
CXX_FOR_BUILD='$(CXX)'
CXX_FOR_TARGET='$$r/$(HOST_SUBDIR)/gcc/xg++ -B$$r/$(HOST_SUBDIR)/gcc/ -nostdinc++ `if test -f $$r/$(TARGET_SUBDIR)/libstdc++-v3/scripts/testsuite_flags; then $(SHELL) $$r/$(TARGET_SUBDIR)/libstdc++-v3/scripts/testsuite_flags --build-includes; else echo -funconfigured-libstdc++-v3 ; fi` -L$$r/$(TARGET_SUBDIR)/libstdc++-v3/src -L$$r/$(TARGET_SUBDIR)/libstdc++-v3/src/.libs -L$$r/$(TARGET_SUBDIR)/libstdc++-v3/libsupc++/.libs'
DEBUG_PREFIX_CFLAGS_FOR_TARGET=''
DEFS='-DPACKAGE_NAME=\"\" -DPACKAGE_TARNAME=\"\" -DPACKAGE_VERSION=\"\" -DPACKAGE_STRING=\"\" -DPACKAGE_BUGREPORT=\"\" -DPACKAGE_URL=\"\" -DLT_OBJDIR=\".libs/\"'
DLLTOOL='dlltool'
DLLTOOL_FOR_BUILD='$(DLLTOOL)'
DLLTOOL_FOR_TARGET='$(DLLTOOL)'
ECHO_C=''
ECHO_N='-n'
ECHO_T=''
EXEEXT=''
EXPECT='expect'
EXTRA_CONFIGARGS_LIBJAVA='--disable-static'
FLAGS_FOR_TARGET=' -B$(build_tooldir)/bin/ -B$(build_tooldir)/lib/ -isystem $(build_tooldir)/include -isystem $(build_tooldir)/sys-include'
FLEX='flex'
GCC_FOR_TARGET='$$r/$(HOST_SUBDIR)/gcc/xgcc -B$$r/$(HOST_SUBDIR)/gcc/'
GCC_SHLIB_SUBDIR=''
GCJ_FOR_BUILD='$(GCJ)'
GCJ_FOR_TARGET='$(GCJ)'
GDB_TK=''
GFORTRAN_FOR_BUILD='$(GFORTRAN)'
GFORTRAN_FOR_TARGET='$$r/$(HOST_SUBDIR)/gcc/gfortran -B$$r/$(HOST_SUBDIR)/gcc/'
GNATBIND='no'
GNATMAKE='no'
GOC_FOR_BUILD='$(GOC)'
GOC_FOR_TARGET='$$r/$(HOST_SUBDIR)/gcc/gccgo -B$$r/$(HOST_SUBDIR)/gcc/'
INSTALL_DATA='${INSTALL} -m 644'
INSTALL_GDB_TK=''
INSTALL_PROGRAM='${INSTALL}'
INSTALL_SCRIPT='${INSTALL}'
LD='ld'
LDFLAGS=''
LDFLAGS_FOR_BUILD=''
LDFLAGS_FOR_TARGET=''
LD_FOR_BUILD='$(LD)'
LD_FOR_TARGET='$(LD)'
LEX='flex'
LIBOBJS=''
LIBS=''
LIPO='lipo'
LIPO_FOR_TARGET='$(LIPO)'
LN='ln'
LN_S='ln -s'
LTLIBOBJS=''
M4='m4'
MAINT='#'
MAINTAINER_MODE_FALSE=''
MAINTAINER_MODE_TRUE='#'
MAKEINFO='/home/a59905/NUMA_Aware_Thesis/tools/KNL_Soft/gcc-5.3.0/missing makeinfo'
NM='nm'
NM_FOR_BUILD='$(NM)'
NM_FOR_TARGET='$(NM)'
OBJCOPY='objcopy'
OBJCOPY_FOR_TARGET='$(OBJCOPY)'
OBJDUMP='objdump'
OBJDUMP_FOR_TARGET='$(OBJDUMP)'
OBJEXT='o'
PACKAGE_BUGREPORT=''
PACKAGE_NAME=''
PACKAGE_STRING=''
PACKAGE_TARNAME=''
PACKAGE_URL=''
PACKAGE_VERSION=''
PATH_SEPARATOR=':'
RANLIB='ranlib'
RANLIB_FOR_BUILD='$(RANLIB)'
RANLIB_FOR_TARGET='$(RANLIB)'
RAW_CXX_FOR_TARGET='$$r/$(HOST_SUBDIR)/gcc/xgcc -shared-libgcc -B$$r/$(HOST_SUBDIR)/gcc -nostdinc++ -L$$r/$(TARGET_SUBDIR)/libstdc++-v3/src -L$$r/$(TARGET_SUBDIR)/libstdc++-v3/src/.libs -L$$r/$(TARGET_SUBDIR)/libstdc++-v3/libsupc++/.libs'
READELF='readelf'
READELF_FOR_TARGET='$(READELF)'
RPATH_ENVVAR='LD_LIBRARY_PATH'
RUNTEST='runtest'
SED='/usr/bin/sed'
SHELL='/bin/sh'
STRIP='strip'
STRIP_FOR_TARGET='$(STRIP)'
SYSROOT_CFLAGS_FOR_TARGET=''
TOPLEVEL_CONFIGURE_ARGUMENTS='/home/a59905/NUMA_Aware_Thesis/tools/KNL_Soft/objdir/../gcc-5.3.0/configure --enable-multilib --prefix=/home/a59905/gcc-5.3.0 --enable-languages=c,c++,fortran,go'
WINDMC='windmc'
WINDMC_FOR_BUILD='$(WINDMC)'
WINDMC_FOR_TARGET='$(WINDMC)'
WINDRES='windres'
WINDRES_FOR_BUILD='$(WINDRES)'
WINDRES_FOR_TARGET='$(WINDRES)'
YACC='bison -y'
ac_ct_CC='gcc'
ac_ct_CXX='g++'
bindir='${exec_prefix}/bin'
build='x86_64-unknown-linux-gnu'
build_alias=''
build_configargs=' --cache-file=./config.cache '\''--enable-multilib'\'' '\''--prefix=/home/a59905/gcc-5.3.0'\'' '\''--enable-languages=c,c++,fortran,go,lto'\'' --program-transform-name='\''s,y,y,'\'' --disable-option-checking'
build_configdirs=' libiberty libcpp fixincludes'
build_cpu='x86_64'
build_libsubdir='build-x86_64-unknown-linux-gnu'
build_noncanonical='x86_64-unknown-linux-gnu'
build_os='linux-gnu'
build_subdir='build-x86_64-unknown-linux-gnu'
build_tooldir='${exec_prefix}/x86_64-unknown-linux-gnu'
build_vendor='unknown'
compare_exclusions='gcc/cc*-checksum$(objext) | gcc/ada/*tools/*'
configdirs=' intl libiberty zlib libbacktrace libcpp libdecnumber gmp mpfr mpc isl fixincludes gcc libcc1 gotools lto-plugin'
datadir='${datarootdir}'
datarootdir='${prefix}/share'
do_compare='cmp --ignore-initial=16 $$f1 $$f2'
docdir='${datarootdir}/doc/${PACKAGE}'
dvidir='${docdir}'
exec_prefix='${prefix}'
extra_host_libiberty_configure_flags='--enable-shared'
extra_isl_gmp_configure_flags='--with-gmp-builddir=$$r/$(HOST_SUBDIR)/gmp'
extra_liboffloadmic_configure_flags=''
extra_linker_plugin_configure_flags=''
extra_linker_plugin_flags=''
extra_mpc_gmp_configure_flags='--with-gmp-include=$$r/$(HOST_SUBDIR)/gmp --with-gmp-lib=$$r/$(HOST_SUBDIR)/gmp/.libs'
extra_mpc_mpfr_configure_flags='--with-mpfr-include=$$s/mpfr --with-mpfr-lib=$$r/$(HOST_SUBDIR)/mpfr/.libs'
extra_mpfr_configure_flags='--with-gmp-include=$$r/$(HOST_SUBDIR)/gmp --with-gmp-lib=$$r/$(HOST_SUBDIR)/gmp/.libs'
gmpinc='-I$$r/$(HOST_SUBDIR)/gmp -I$$s/gmp -I$$r/$(HOST_SUBDIR)/mpfr -I$$s/mpfr -I$$s/mpc/src '
gmplibs='-L$$r/$(HOST_SUBDIR)/gmp/.libs -L$$r/$(HOST_SUBDIR)/mpfr/.libs -L$$r/$(HOST_SUBDIR)/mpc/src/.libs -lmpc -lmpfr -lgmp'
host='x86_64-unknown-linux-gnu'
host_alias=''
host_configargs=' --cache-file=./config.cache  '\''--enable-multilib'\'' '\''--prefix=/home/a59905/gcc-5.3.0'\'' '\''--enable-languages=c,c++,fortran,go,lto'\'' --program-transform-name='\''s,y,y,'\'' --disable-option-checking'
host_cpu='x86_64'
host_noncanonical='x86_64-unknown-linux-gnu'
host_os='linux-gnu'
host_shared='no'
host_subdir='.'
host_vendor='unknown'
htmldir='${docdir}'
includedir='${prefix}/include'
infodir='${datarootdir}/info'
islinc='-I$$r/$(HOST_SUBDIR)/isl/include -I$$s/isl/include'
isllibs='-L$$r/$(HOST_SUBDIR)/isl/.libs  -lisl'
libdir='${exec_prefix}/lib'
libexecdir='${exec_prefix}/libexec'
localedir='${datarootdir}/locale'
localstatedir='${prefix}/var'
mandir='${datarootdir}/man'
oldincludedir='/usr/include'
pdfdir='${docdir}'
poststage1_ldflags='-static-libstdc++ -static-libgcc'
poststage1_libs=''
prefix='/home/a59905/gcc-5.3.0'
program_transform_name='s,y,y,'
psdir='${docdir}'
sbindir='${exec_prefix}/sbin'
sharedstatedir='${prefix}/com'
stage1_cflags='-g'
stage1_checking='--enable-checking=yes,types'
stage1_languages='c,c++,lto'
stage1_ldflags=''
stage1_libs=''
stage2_werror_flag=''
sysconfdir='${prefix}/etc'
target='x86_64-unknown-linux-gnu'
target_alias=''
target_configargs='--cache-file=./config.cache   '\''--enable-multilib'\'' '\''--prefix=/home/a59905/gcc-5.3.0'\'' '\''--enable-languages=c,c++,fortran,go,lto'\'' --program-transform-name='\''s,y,y,'\'' --disable-option-checking'
target_configdirs=' libgcc libbacktrace libgomp libcilkrts libatomic libitm libstdc++-v3 libsanitizer libvtv libssp libquadmath libgfortran libffi libgo'
target_cpu='x86_64'
target_noncanonical='x86_64-unknown-linux-gnu'
target_os='linux-gnu'
target_subdir='x86_64-unknown-linux-gnu'
target_vendor='unknown'
tooldir='${exec_prefix}/x86_64-unknown-linux-gnu'

## ------------------- ##
## File substitutions. ##
## ------------------- ##

alphaieee_frag='/dev/null'
host_makefile_frag='/dev/null'
ospace_frag='/dev/null'
serialization_dependencies='serdep.tmp'
target_makefile_frag='/home/a59905/NUMA_Aware_Thesis/tools/KNL_Soft/objdir/../gcc-5.3.0/config/mt-gnu'

## ----------- ##
## confdefs.h. ##
## ----------- ##

/* confdefs.h */
#define PACKAGE_NAME ""
#define PACKAGE_TARNAME ""
#define PACKAGE_VERSION ""
#define PACKAGE_STRING ""
#define PACKAGE_BUGREPORT ""
#define PACKAGE_URL ""
#define LT_OBJDIR ".libs/"

configure: exit 0
