-------------------------------------------------------------
STREAM version $Revision: 5.10 $
-------------------------------------------------------------
This system uses 8 bytes per array element.
-------------------------------------------------------------
Array size = 416625000 (elements), Offset = 0 (elements)
Memory per array = 3178.6 MiB (= 3.1 GiB).
Total memory required = 9535.8 MiB (= 9.3 GiB).
Each kernel will be executed 15 times.
 The *best* time for each kernel (excluding the first iteration)
 will be used to compute the reported bandwidth.
-------------------------------------------------------------
Number of Threads requested = 32
Number of Threads counted = 32
-------------------------------------------------------------
Your clock granularity/precision appears to be 1 microseconds.
Each test below will take on the order of 232025 microseconds.
   (= 232025 clock ticks)
Increase the size of the arrays if this shows that
you are not getting at least 20 clock ticks per test.
-------------------------------------------------------------
WARNING -- The above is only a rough guideline.
For best results, please be sure you know the
precision of your system timer.
-------------------------------------------------------------
Function    Best Rate MB/s  Avg time     Min time     Max time
Copy:           19768.7     0.340090     0.337199     0.345802
Scale:          20352.1     0.332553     0.327534     0.334927
Add:            21791.3     0.463003     0.458852     0.466261
Triad:          21897.0     0.467284     0.456638     0.481797
-------------------------------------------------------------
Solution Validates: avg error less than 1.000000e-13 on all three arrays
-------------------------------------------------------------
