-------------------------------------------------------------
STREAM version $Revision: 5.10 $
-------------------------------------------------------------
This system uses 8 bytes per array element.
-------------------------------------------------------------
Array size = 1041625000 (elements), Offset = 0 (elements)
Memory per array = 7947.0 MiB (= 7.8 GiB).
Total memory required = 23840.9 MiB (= 23.3 GiB).
Each kernel will be executed 15 times.
 The *best* time for each kernel (excluding the first iteration)
 will be used to compute the reported bandwidth.
-------------------------------------------------------------
Number of Threads requested = 1
Number of Threads counted = 1
-------------------------------------------------------------
Your clock granularity/precision appears to be 1 microseconds.
Each test below will take on the order of 1386121 microseconds.
   (= 1386121 clock ticks)
Increase the size of the arrays if this shows that
you are not getting at least 20 clock ticks per test.
-------------------------------------------------------------
WARNING -- The above is only a rough guideline.
For best results, please be sure you know the
precision of your system timer.
-------------------------------------------------------------
Function    Best Rate MB/s  Avg time     Min time     Max time
Copy:            7172.0     2.324745     2.323759     2.325962
Scale:           7565.4     2.204627     2.202921     2.205382
Add:             7476.4     3.345894     3.343708     3.346862
Triad:           7823.4     3.196745     3.195396     3.198427
-------------------------------------------------------------
Solution Validates: avg error less than 1.000000e-13 on all three arrays
-------------------------------------------------------------
