-------------------------------------------------------------
STREAM version $Revision: 5.10 $
-------------------------------------------------------------
This system uses 8 bytes per array element.
-------------------------------------------------------------
Array size = 1041625000 (elements), Offset = 0 (elements)
Memory per array = 7947.0 MiB (= 7.8 GiB).
Total memory required = 23840.9 MiB (= 23.3 GiB).
Each kernel will be executed 15 times.
 The *best* time for each kernel (excluding the first iteration)
 will be used to compute the reported bandwidth.
-------------------------------------------------------------
Number of Threads requested = 8
Number of Threads counted = 8
-------------------------------------------------------------
Your clock granularity/precision appears to be 1 microseconds.
Each test below will take on the order of 487438 microseconds.
   (= 487438 clock ticks)
Increase the size of the arrays if this shows that
you are not getting at least 20 clock ticks per test.
-------------------------------------------------------------
WARNING -- The above is only a rough guideline.
For best results, please be sure you know the
precision of your system timer.
-------------------------------------------------------------
Function    Best Rate MB/s  Avg time     Min time     Max time
Copy:           21341.4     0.839095     0.780925     0.889612
Scale:          24968.5     0.701370     0.667480     0.796995
Add:            25496.4     1.040439     0.980491     1.151315
Triad:          26356.6     0.989246     0.948492     1.138009
-------------------------------------------------------------
Solution Validates: avg error less than 1.000000e-13 on all three arrays
-------------------------------------------------------------
