-------------------------------------------------------------
STREAM version $Revision: 5.10 $
-------------------------------------------------------------
This system uses 8 bytes per array element.
-------------------------------------------------------------
Array size = 1041625000 (elements), Offset = 0 (elements)
Memory per array = 7947.0 MiB (= 7.8 GiB).
Total memory required = 23840.9 MiB (= 23.3 GiB).
Each kernel will be executed 15 times.
 The *best* time for each kernel (excluding the first iteration)
 will be used to compute the reported bandwidth.
-------------------------------------------------------------
Number of Threads requested = 10
Number of Threads counted = 10
-------------------------------------------------------------
Your clock granularity/precision appears to be 1 microseconds.
Each test below will take on the order of 330502 microseconds.
   (= 330502 clock ticks)
Increase the size of the arrays if this shows that
you are not getting at least 20 clock ticks per test.
-------------------------------------------------------------
WARNING -- The above is only a rough guideline.
For best results, please be sure you know the
precision of your system timer.
-------------------------------------------------------------
Function    Best Rate MB/s  Avg time     Min time     Max time
Copy:           40330.8     0.428924     0.413233     0.448280
Scale:          42403.4     0.419524     0.393035     0.426584
Add:            42385.3     0.626677     0.589803     0.649429
Triad:          47298.3     0.541511     0.528539     0.553755
-------------------------------------------------------------
Solution Validates: avg error less than 1.000000e-13 on all three arrays
-------------------------------------------------------------
