This file contains any messages produced by compilers while
running configure, to aid debugging if configure makes a mistake.

It was created by configure, which was
generated by GNU Autoconf 2.64.  Invocation command line was

  $ /home/a59905/NUMA_Aware_Thesis/tools/KNL_Soft/gcc-5.3.0/libiberty/configure --srcdir=../../../gcc-5.3.0/libiberty --cache-file=./config.cache --prefix=/platform --enable-shared --enable-threads=posix --enable-__cxa_atexit --enable-clocale=gnu --enable-multilib --with-sysroot --enable-languages=c,c++,fortran,java,lto,objc --program-transform-name=s,y,y, --disable-option-checking --with-build-subdir=build-x86_64-unknown-linux-gnu --build=x86_64-unknown-linux-gnu --host=x86_64-unknown-linux-gnu --target=x86_64-unknown-linux-gnu

## --------- ##
## Platform. ##
## --------- ##

hostname = compute-002-1
uname -m = x86_64
uname -r = 3.10.0-327.36.3.el7.xppsl_1.5.0.4036.x86_64
uname -s = Linux
uname -v = #1 SMP Wed Dec 21 11:11:21 UTC 2016

/usr/bin/uname -p = x86_64
/bin/uname -X     = unknown

/bin/arch              = x86_64
/usr/bin/arch -k       = unknown
/usr/convex/getsysinfo = unknown
/usr/bin/hostinfo      = unknown
/bin/machine           = unknown
/usr/bin/oslevel       = unknown
/bin/universe          = unknown

PATH: /usr/local/bin
PATH: /usr/bin
PATH: /usr/local/sbin
PATH: /usr/sbin
PATH: /home/a59905/bin


## ----------- ##
## Core tests. ##
## ----------- ##

configure:2216: loading cache ./config.cache
configure:2375: checking whether to enable maintainer-specific portions of Makefiles
configure:2385: result: no
configure:2400: checking for makeinfo
configure:2427: result: /home/a59905/NUMA_Aware_Thesis/tools/KNL_Soft/gcc-5.3.0/missing makeinfo --split-size=5000000 --split-size=5000000
configure:2444: WARNING:
*** Makeinfo is missing. Info documentation will not be built.
configure:2467: checking for perl
configure:2494: result: perl
configure:2513: checking build system type
configure:2527: result: x86_64-unknown-linux-gnu
configure:2547: checking host system type
configure:2560: result: x86_64-unknown-linux-gnu
configure:2585: checking for x86_64-unknown-linux-gnu-ar
configure:2612: result: ar
configure:2677: checking for x86_64-unknown-linux-gnu-ranlib
configure:2704: result: ranlib
configure:2789: checking whether to install libiberty headers and static library
configure:2812: result: no
configure:2814: target_header_dir = 
configure:2826: checking for x86_64-unknown-linux-gnu-gcc
configure:2853: result: gcc
configure:3122: checking for C compiler version
configure:3131: gcc --version >&5
gcc (GCC) 4.8.5 20150623 (Red Hat 4.8.5-4)
Copyright (C) 2015 Free Software Foundation, Inc.
This is free software; see the source for copying conditions.  There is NO
warranty; not even for MERCHANTABILITY or FITNESS FOR A PARTICULAR PURPOSE.

configure:3142: $? = 0
configure:3131: gcc -v >&5
Using built-in specs.
COLLECT_GCC=gcc
COLLECT_LTO_WRAPPER=/usr/libexec/gcc/x86_64-redhat-linux/4.8.5/lto-wrapper
Target: x86_64-redhat-linux
Configured with: ../configure --prefix=/usr --mandir=/usr/share/man --infodir=/usr/share/info --with-bugurl=http://bugzilla.redhat.com/bugzilla --enable-bootstrap --enable-shared --enable-threads=posix --enable-checking=release --with-system-zlib --enable-__cxa_atexit --disable-libunwind-exceptions --enable-gnu-unique-object --enable-linker-build-id --with-linker-hash-style=gnu --enable-languages=c,c++,objc,obj-c++,java,fortran,ada,go,lto --enable-plugin --enable-initfini-array --disable-libgcj --with-isl=/builddir/build/BUILD/gcc-4.8.5-20150702/obj-x86_64-redhat-linux/isl-install --with-cloog=/builddir/build/BUILD/gcc-4.8.5-20150702/obj-x86_64-redhat-linux/cloog-install --enable-gnu-indirect-function --with-tune=generic --with-arch_32=x86-64 --build=x86_64-redhat-linux
Thread model: posix
gcc version 4.8.5 20150623 (Red Hat 4.8.5-4) (GCC) 
configure:3142: $? = 0
configure:3131: gcc -V >&5
gcc: error: unrecognized command line option '-V'
gcc: fatal error: no input files
compilation terminated.
configure:3142: $? = 4
configure:3131: gcc -qversion >&5
gcc: error: unrecognized command line option '-qversion'
gcc: fatal error: no input files
compilation terminated.
configure:3142: $? = 4
configure:3158: gcc -o conftest -g -O2   conftest.c  >&5
configure:3161: $? = 0
configure:3190: checking for C compiler default output file name
configure:3212: gcc -g -O2   conftest.c  >&5
configure:3216: $? = 0
configure:3253: result: a.out
configure:3269: checking whether the C compiler works
configure:3278: ./a.out
configure:3282: $? = 0
configure:3297: result: yes
configure:3304: checking whether we are cross compiling
configure:3306: result: no
configure:3309: checking for suffix of executables
configure:3316: gcc -o conftest -g -O2   conftest.c  >&5
configure:3320: $? = 0
configure:3342: result: 
configure:3349: checking for suffix of object files
configure:3396: result: o
configure:3400: checking whether we are using the GNU C compiler
configure:3428: result: yes
configure:3437: checking whether gcc accepts -g
configure:3498: result: yes
configure:3515: checking for gcc option to accept ISO C89
configure:3592: result: none needed
configure:3620: checking for special C compiler options needed for large files
configure:3665: result: no
configure:3671: checking for _FILE_OFFSET_BITS value needed for large files
configure:3728: result: no
configure:3816: checking how to run the C preprocessor
configure:3886: result: gcc -E
configure:3906: gcc -E  conftest.c
configure:3906: $? = 0
configure:3920: gcc -E  conftest.c
conftest.c:9:28: fatal error: ac_nonexistent.h: No such file or directory
 #include <ac_nonexistent.h>
                            ^
compilation terminated.
configure:3920: $? = 1
configure: failed program was:
| /* confdefs.h */
| #define PACKAGE_NAME ""
| #define PACKAGE_TARNAME ""
| #define PACKAGE_VERSION ""
| #define PACKAGE_STRING ""
| #define PACKAGE_BUGREPORT ""
| #define PACKAGE_URL ""
| /* end confdefs.h.  */
| #include <ac_nonexistent.h>
configure:3963: checking whether gcc supports -W
configure:3989: result: yes
configure:3963: checking whether gcc supports -Wall
configure:3989: result: yes
configure:3963: checking whether gcc supports -Wwrite-strings
configure:3989: result: yes
configure:3963: checking whether gcc supports -Wc++-compat
configure:3989: result: yes
configure:3963: checking whether gcc supports -Wstrict-prototypes
configure:3989: result: yes
configure:4000: checking whether gcc supports -pedantic 
configure:4026: result: yes
configure:4036: checking whether gcc and cc understand -c and -o together
configure:4136: result: yes
configure:4155: checking for an ANSI C-conforming const
configure:4227: result: yes
configure:4235: checking for inline
configure:4259: result: inline
configure:4278: checking for grep that handles long lines and -e
configure:4336: result: /usr/bin/grep
configure:4341: checking for egrep
configure:4403: result: /usr/bin/grep -E
configure:4408: checking for ANSI C header files
configure:4512: result: yes
configure:4525: checking for sys/types.h
configure:4525: result: yes
configure:4525: checking for sys/stat.h
configure:4525: result: yes
configure:4525: checking for stdlib.h
configure:4525: result: yes
configure:4525: checking for string.h
configure:4525: result: yes
configure:4525: checking for memory.h
configure:4525: result: yes
configure:4525: checking for strings.h
configure:4525: result: yes
configure:4525: checking for inttypes.h
configure:4525: result: yes
configure:4525: checking for stdint.h
configure:4525: result: yes
configure:4525: checking for unistd.h
configure:4525: result: yes
configure:4536: checking whether byte ordering is bigendian
configure:4742: result: no
configure:4781: checking for a BSD-compatible install
configure:4849: result: /usr/bin/install -c
configure:5014: checking for sys/file.h
configure:5014: result: yes
configure:5014: checking for sys/param.h
configure:5014: result: yes
configure:5014: checking for limits.h
configure:5014: result: yes
configure:5014: checking for stdlib.h
configure:5014: result: yes
configure:5014: checking for malloc.h
configure:5014: result: yes
configure:5014: checking for string.h
configure:5014: result: yes
configure:5014: checking for unistd.h
configure:5014: result: yes
configure:5014: checking for strings.h
configure:5014: result: yes
configure:5014: checking for sys/time.h
configure:5014: result: yes
configure:5014: checking for time.h
configure:5014: result: yes
configure:5014: checking for sys/resource.h
configure:5014: result: yes
configure:5014: checking for sys/stat.h
configure:5014: result: yes
configure:5014: checking for sys/mman.h
configure:5014: result: yes
configure:5014: checking for fcntl.h
configure:5014: result: yes
configure:5014: checking for alloca.h
configure:5014: result: yes
configure:5014: checking for sys/pstat.h
configure:5014: result: no
configure:5014: checking for sys/sysmp.h
configure:5014: result: no
configure:5014: checking for sys/sysinfo.h
configure:5014: result: yes
configure:5014: checking for machine/hal_sysinfo.h
configure:5014: result: no
configure:5014: checking for sys/table.h
configure:5014: result: no
configure:5014: checking for sys/sysctl.h
configure:5014: result: yes
configure:5014: checking for sys/systemcfg.h
configure:5014: result: no
configure:5014: checking for stdint.h
configure:5014: result: yes
configure:5014: checking for stdio_ext.h
configure:5014: result: yes
configure:5014: checking for process.h
configure:5014: result: no
configure:5014: checking for sys/prctl.h
configure:5014: result: yes
configure:5024: checking for sys/wait.h that is POSIX.1 compatible
configure:5057: result: yes
configure:5065: checking whether time.h and sys/time.h may both be included
configure:5092: result: yes
configure:5101: checking whether errno must be declared
configure:5124: result: no
configure:5138: checking size of int
configure:5158: result: 4
configure:5172: checking size of long
configure:5192: result: 8
configure:5204: checking for long long
configure:5204: result: yes
configure:5212: checking size of long long
configure:5232: result: 8
configure:5246: checking for a 64-bit type
configure:5314: result: uint64_t
configure:5325: checking for intptr_t
configure:5325: result: yes
configure:5360: checking for uintptr_t
configure:5360: result: yes
configure:5395: checking for ssize_t
configure:5395: result: yes
configure:5414: checking for pid_t
configure:5414: result: yes
configure:6080: checking for library containing strerror
configure:6131: result: none required
configure:6142: checking for asprintf
configure:6142: result: yes
configure:6142: checking for atexit
configure:6142: result: yes
configure:6142: checking for basename
configure:6142: result: yes
configure:6142: checking for bcmp
configure:6142: result: yes
configure:6142: checking for bcopy
configure:6142: result: yes
configure:6142: checking for bsearch
configure:6142: result: yes
configure:6142: checking for bzero
configure:6142: result: yes
configure:6142: checking for calloc
configure:6142: result: yes
configure:6142: checking for clock
configure:6142: result: yes
configure:6142: checking for ffs
configure:6142: result: yes
configure:6142: checking for getcwd
configure:6142: result: yes
configure:6142: checking for getpagesize
configure:6142: result: yes
configure:6142: checking for gettimeofday
configure:6142: result: yes
configure:6142: checking for index
configure:6142: result: yes
configure:6142: checking for insque
configure:6142: result: yes
configure:6142: checking for memchr
configure:6142: result: yes
configure:6142: checking for memcmp
configure:6142: result: yes
configure:6142: checking for memcpy
configure:6142: result: yes
configure:6142: checking for memmem
configure:6142: result: yes
configure:6142: checking for memmove
configure:6142: result: yes
configure:6142: checking for mempcpy
configure:6142: result: yes
configure:6142: checking for memset
configure:6142: result: yes
configure:6142: checking for mkstemps
configure:6142: result: yes
configure:6142: checking for putenv
configure:6142: result: yes
configure:6142: checking for random
configure:6142: result: yes
configure:6142: checking for rename
configure:6142: result: yes
configure:6142: checking for rindex
configure:6142: result: yes
configure:6142: checking for setenv
configure:6142: result: yes
configure:6142: checking for snprintf
configure:6142: result: yes
configure:6142: checking for sigsetmask
configure:6142: result: yes
configure:6142: checking for stpcpy
configure:6142: result: yes
configure:6142: checking for stpncpy
configure:6142: result: yes
configure:6142: checking for strcasecmp
configure:6142: result: yes
configure:6142: checking for strchr
configure:6142: result: yes
configure:6142: checking for strdup
configure:6142: result: yes
configure:6142: checking for strncasecmp
configure:6142: result: yes
configure:6142: checking for strndup
configure:6142: result: yes
configure:6142: checking for strnlen
configure:6142: result: yes
configure:6142: checking for strrchr
configure:6142: result: yes
configure:6142: checking for strstr
configure:6142: result: yes
configure:6142: checking for strtod
configure:6142: result: yes
configure:6142: checking for strtol
configure:6142: result: yes
configure:6142: checking for strtoul
configure:6142: result: yes
configure:6142: checking for strtoll
configure:6142: result: yes
configure:6142: checking for strtoull
configure:6142: result: yes
configure:6142: checking for strverscmp
configure:6142: result: yes
configure:6142: checking for tmpnam
configure:6142: result: yes
configure:6142: checking for vasprintf
configure:6142: result: yes
configure:6142: checking for vfprintf
configure:6142: result: yes
configure:6142: checking for vprintf
configure:6142: result: yes
configure:6142: checking for vsnprintf
configure:6142: result: yes
configure:6142: checking for vsprintf
configure:6142: result: yes
configure:6142: checking for waitpid
configure:6142: result: yes
configure:6142: checking for setproctitle
configure:6142: result: no
configure:6160: checking whether alloca needs Cray hooks
configure:6183: result: no
configure:6201: checking stack direction for C alloca
configure:6238: result: -1
configure:6248: checking for vfork.h
configure:6248: result: no
configure:6260: checking for fork
configure:6260: result: yes
configure:6260: checking for vfork
configure:6260: result: yes
configure:6271: checking for working fork
configure:6303: result: yes
configure:6324: checking for working vfork
configure:6434: result: yes
configure:6493: checking for _doprnt
configure:6493: result: no
configure:6505: checking for sys_errlist
configure:6534: result: yes
configure:6505: checking for sys_nerr
configure:6534: result: yes
configure:6505: checking for sys_siglist
configure:6534: result: yes
configure:6549: checking for external symbol _system_configuration
configure:6562: gcc -c -g -O2  conftest.c >&5
conftest.c:110:27: fatal error: sys/systemcfg.h: No such file or directory
 #include <sys/systemcfg.h>
                           ^
compilation terminated.
configure:6562: $? = 1
configure: failed program was:
| /* confdefs.h */
| #define PACKAGE_NAME ""
| #define PACKAGE_TARNAME ""
| #define PACKAGE_VERSION ""
| #define PACKAGE_STRING ""
| #define PACKAGE_BUGREPORT ""
| #define PACKAGE_URL ""
| #define STDC_HEADERS 1
| #define HAVE_SYS_TYPES_H 1
| #define HAVE_SYS_STAT_H 1
| #define HAVE_STDLIB_H 1
| #define HAVE_STRING_H 1
| #define HAVE_MEMORY_H 1
| #define HAVE_STRINGS_H 1
| #define HAVE_INTTYPES_H 1
| #define HAVE_STDINT_H 1
| #define HAVE_UNISTD_H 1
| #define HAVE_SYS_FILE_H 1
| #define HAVE_SYS_PARAM_H 1
| #define HAVE_LIMITS_H 1
| #define HAVE_STDLIB_H 1
| #define HAVE_MALLOC_H 1
| #define HAVE_STRING_H 1
| #define HAVE_UNISTD_H 1
| #define HAVE_STRINGS_H 1
| #define HAVE_SYS_TIME_H 1
| #define HAVE_TIME_H 1
| #define HAVE_SYS_RESOURCE_H 1
| #define HAVE_SYS_STAT_H 1
| #define HAVE_SYS_MMAN_H 1
| #define HAVE_FCNTL_H 1
| #define HAVE_ALLOCA_H 1
| #define HAVE_SYS_SYSINFO_H 1
| #define HAVE_SYS_SYSCTL_H 1
| #define HAVE_STDINT_H 1
| #define HAVE_STDIO_EXT_H 1
| #define HAVE_SYS_PRCTL_H 1
| #define HAVE_SYS_WAIT_H 1
| #define TIME_WITH_SYS_TIME 1
| #define SIZEOF_INT 4
| #define SIZEOF_LONG 8
| #define HAVE_LONG_LONG 1
| #define SIZEOF_LONG_LONG 8
| #define UNSIGNED_64BIT_TYPE uint64_t
| #define HAVE_INTPTR_T 1
| #define HAVE_UINTPTR_T 1
| #define HAVE_UINTPTR_T 1
| #define HAVE_ASPRINTF 1
| #define HAVE_ATEXIT 1
| #define HAVE_BASENAME 1
| #define HAVE_BCMP 1
| #define HAVE_BCOPY 1
| #define HAVE_BSEARCH 1
| #define HAVE_BZERO 1
| #define HAVE_CALLOC 1
| #define HAVE_CLOCK 1
| #define HAVE_FFS 1
| #define HAVE_GETCWD 1
| #define HAVE_GETPAGESIZE 1
| #define HAVE_GETTIMEOFDAY 1
| #define HAVE_INDEX 1
| #define HAVE_INSQUE 1
| #define HAVE_MEMCHR 1
| #define HAVE_MEMCMP 1
| #define HAVE_MEMCPY 1
| #define HAVE_MEMMEM 1
| #define HAVE_MEMMOVE 1
| #define HAVE_MEMPCPY 1
| #define HAVE_MEMSET 1
| #define HAVE_MKSTEMPS 1
| #define HAVE_PUTENV 1
| #define HAVE_RANDOM 1
| #define HAVE_RENAME 1
| #define HAVE_RINDEX 1
| #define HAVE_SETENV 1
| #define HAVE_SNPRINTF 1
| #define HAVE_SIGSETMASK 1
| #define HAVE_STPCPY 1
| #define HAVE_STPNCPY 1
| #define HAVE_STRCASECMP 1
| #define HAVE_STRCHR 1
| #define HAVE_STRDUP 1
| #define HAVE_STRNCASECMP 1
| #define HAVE_STRNDUP 1
| #define HAVE_STRNLEN 1
| #define HAVE_STRRCHR 1
| #define HAVE_STRSTR 1
| #define HAVE_STRTOD 1
| #define HAVE_STRTOL 1
| #define HAVE_STRTOUL 1
| #define HAVE_STRTOLL 1
| #define HAVE_STRTOULL 1
| #define HAVE_STRVERSCMP 1
| #define HAVE_TMPNAM 1
| #define HAVE_VASPRINTF 1
| #define HAVE_VFPRINTF 1
| #define HAVE_VPRINTF 1
| #define HAVE_VSNPRINTF 1
| #define HAVE_VSPRINTF 1
| #define HAVE_WAITPID 1
| #define STACK_DIRECTION -1
| #define HAVE_FORK 1
| #define HAVE_VFORK 1
| #define HAVE_WORKING_VFORK 1
| #define HAVE_WORKING_FORK 1
| #define HAVE_SYS_ERRLIST 1
| #define HAVE_SYS_NERR 1
| #define HAVE_SYS_SIGLIST 1
| /* end confdefs.h.  */
| #include <sys/systemcfg.h>
| int
| main ()
| {
| double x = _system_configuration.physmem;
|   ;
|   return 0;
| }
configure:6569: result: no
configure:6577: checking for __fsetlocking
configure:6577: result: yes
configure:6577: checking for canonicalize_file_name
configure:6577: result: yes
configure:6577: checking for dup3
configure:6577: result: yes
configure:6577: checking for getrlimit
configure:6577: result: yes
configure:6577: checking for getrusage
configure:6577: result: yes
configure:6577: checking for getsysinfo
configure:6577: result: no
configure:6577: checking for gettimeofday
configure:6577: result: yes
configure:6577: checking for on_exit
configure:6577: result: yes
configure:6577: checking for psignal
configure:6577: result: yes
configure:6577: checking for pstat_getdynamic
configure:6577: result: no
configure:6577: checking for pstat_getstatic
configure:6577: result: no
configure:6577: checking for realpath
configure:6577: result: yes
configure:6577: checking for setrlimit
configure:6577: result: yes
configure:6577: checking for sbrk
configure:6577: result: yes
configure:6577: checking for spawnve
configure:6577: result: no
configure:6577: checking for spawnvpe
configure:6577: result: no
configure:6577: checking for strerror
configure:6577: result: yes
configure:6577: checking for strsignal
configure:6577: result: yes
configure:6577: checking for sysconf
configure:6577: result: yes
configure:6577: checking for sysctl
configure:6577: result: yes
configure:6577: checking for sysmp
configure:6577: result: no
configure:6577: checking for table
configure:6577: result: no
configure:6577: checking for times
configure:6577: result: yes
configure:6577: checking for wait3
configure:6577: result: yes
configure:6577: checking for wait4
configure:6577: result: yes
configure:6587: checking whether basename is declared
configure:6587: result: no
configure:6597: checking whether ffs is declared
configure:6597: result: yes
configure:6607: checking whether asprintf is declared
configure:6607: result: no
configure:6617: checking whether vasprintf is declared
configure:6617: result: no
configure:6627: checking whether snprintf is declared
configure:6627: result: yes
configure:6637: checking whether vsnprintf is declared
configure:6637: result: yes
configure:6648: checking whether calloc is declared
configure:6648: result: yes
configure:6658: checking whether getenv is declared
configure:6658: result: yes
configure:6668: checking whether getopt is declared
configure:6668: result: yes
configure:6678: checking whether malloc is declared
configure:6678: result: yes
configure:6688: checking whether realloc is declared
configure:6688: result: yes
configure:6698: checking whether sbrk is declared
configure:6698: result: yes
configure:6709: checking whether strtol is declared
configure:6709: result: yes
configure:6719: checking whether strtoul is declared
configure:6719: result: yes
configure:6729: checking whether strtoll is declared
configure:6729: result: yes
configure:6739: checking whether strtoull is declared
configure:6739: result: yes
configure:6750: checking whether strverscmp is declared
configure:6750: result: no
configure:6761: checking whether canonicalize_file_name must be declared
configure:6800: result: yes
configure:6828: checking for stdlib.h
configure:6828: result: yes
configure:6828: checking for unistd.h
configure:6828: result: yes
configure:6840: checking for getpagesize
configure:6840: result: yes
configure:6849: checking for working mmap
configure:6996: result: yes
configure:7007: checking for working strncmp
configure:7090: result: yes
configure:7233: creating ./config.status

## ---------------------- ##
## Running config.status. ##
## ---------------------- ##

This file was extended by config.status, which was
generated by GNU Autoconf 2.64.  Invocation command line was

  CONFIG_FILES    = 
  CONFIG_HEADERS  = 
  CONFIG_LINKS    = 
  CONFIG_COMMANDS = 
  $ ./config.status 

on compute-002-1

config.status:1004: creating Makefile
config.status:1004: creating testsuite/Makefile
config.status:1004: creating config.h
config.status:1168: config.h is unchanged
config.status:1182: executing default commands

## ---------------- ##
## Cache variables. ##
## ---------------- ##

ac_cv_build=x86_64-unknown-linux-gnu
ac_cv_c_bigendian=no
ac_cv_c_compiler_gnu=yes
ac_cv_c_const=yes
ac_cv_c_inline=inline
ac_cv_c_stack_direction=-1
ac_cv_env_CC_set=set
ac_cv_env_CC_value=gcc
ac_cv_env_CFLAGS_set=set
ac_cv_env_CFLAGS_value='-g -O2'
ac_cv_env_CPPFLAGS_set=
ac_cv_env_CPPFLAGS_value=
ac_cv_env_CPP_set=
ac_cv_env_CPP_value=
ac_cv_env_LDFLAGS_set=set
ac_cv_env_LDFLAGS_value=
ac_cv_env_LIBS_set=
ac_cv_env_LIBS_value=
ac_cv_env_build_alias_set=set
ac_cv_env_build_alias_value=x86_64-unknown-linux-gnu
ac_cv_env_host_alias_set=set
ac_cv_env_host_alias_value=x86_64-unknown-linux-gnu
ac_cv_env_target_alias_set=set
ac_cv_env_target_alias_value=x86_64-unknown-linux-gnu
ac_cv_func___fsetlocking=yes
ac_cv_func__doprnt=no
ac_cv_func_asprintf=yes
ac_cv_func_atexit=yes
ac_cv_func_basename=yes
ac_cv_func_bcmp=yes
ac_cv_func_bcopy=yes
ac_cv_func_bsearch=yes
ac_cv_func_bzero=yes
ac_cv_func_calloc=yes
ac_cv_func_canonicalize_file_name=yes
ac_cv_func_clock=yes
ac_cv_func_dup3=yes
ac_cv_func_ffs=yes
ac_cv_func_fork=yes
ac_cv_func_fork_works=yes
ac_cv_func_getcwd=yes
ac_cv_func_getpagesize=yes
ac_cv_func_getrlimit=yes
ac_cv_func_getrusage=yes
ac_cv_func_getsysinfo=no
ac_cv_func_gettimeofday=yes
ac_cv_func_index=yes
ac_cv_func_insque=yes
ac_cv_func_memchr=yes
ac_cv_func_memcmp=yes
ac_cv_func_memcpy=yes
ac_cv_func_memmem=yes
ac_cv_func_memmove=yes
ac_cv_func_mempcpy=yes
ac_cv_func_memset=yes
ac_cv_func_mkstemps=yes
ac_cv_func_mmap_fixed_mapped=yes
ac_cv_func_on_exit=yes
ac_cv_func_psignal=yes
ac_cv_func_pstat_getdynamic=no
ac_cv_func_pstat_getstatic=no
ac_cv_func_putenv=yes
ac_cv_func_random=yes
ac_cv_func_realpath=yes
ac_cv_func_rename=yes
ac_cv_func_rindex=yes
ac_cv_func_sbrk=yes
ac_cv_func_setenv=yes
ac_cv_func_setproctitle=no
ac_cv_func_setrlimit=yes
ac_cv_func_sigsetmask=yes
ac_cv_func_snprintf=yes
ac_cv_func_spawnve=no
ac_cv_func_spawnvpe=no
ac_cv_func_stpcpy=yes
ac_cv_func_stpncpy=yes
ac_cv_func_strcasecmp=yes
ac_cv_func_strchr=yes
ac_cv_func_strdup=yes
ac_cv_func_strerror=yes
ac_cv_func_strncasecmp=yes
ac_cv_func_strncmp_works=yes
ac_cv_func_strndup=yes
ac_cv_func_strnlen=yes
ac_cv_func_strrchr=yes
ac_cv_func_strsignal=yes
ac_cv_func_strstr=yes
ac_cv_func_strtod=yes
ac_cv_func_strtol=yes
ac_cv_func_strtoll=yes
ac_cv_func_strtoul=yes
ac_cv_func_strtoull=yes
ac_cv_func_strverscmp=yes
ac_cv_func_sysconf=yes
ac_cv_func_sysctl=yes
ac_cv_func_sysmp=no
ac_cv_func_table=no
ac_cv_func_times=yes
ac_cv_func_tmpnam=yes
ac_cv_func_vasprintf=yes
ac_cv_func_vfork=yes
ac_cv_func_vfork_works=yes
ac_cv_func_vfprintf=yes
ac_cv_func_vprintf=yes
ac_cv_func_vsnprintf=yes
ac_cv_func_vsprintf=yes
ac_cv_func_wait3=yes
ac_cv_func_wait4=yes
ac_cv_func_waitpid=yes
ac_cv_have_decl_asprintf=no
ac_cv_have_decl_basename_char_p_=no
ac_cv_have_decl_calloc=yes
ac_cv_have_decl_ffs=yes
ac_cv_have_decl_getenv=yes
ac_cv_have_decl_getopt=yes
ac_cv_have_decl_malloc=yes
ac_cv_have_decl_realloc=yes
ac_cv_have_decl_sbrk=yes
ac_cv_have_decl_snprintf=yes
ac_cv_have_decl_strtol=yes
ac_cv_have_decl_strtoll=yes
ac_cv_have_decl_strtoul=yes
ac_cv_have_decl_strtoull=yes
ac_cv_have_decl_strverscmp=no
ac_cv_have_decl_vasprintf=no
ac_cv_have_decl_vsnprintf=yes
ac_cv_header_alloca_h=yes
ac_cv_header_fcntl_h=yes
ac_cv_header_inttypes_h=yes
ac_cv_header_limits_h=yes
ac_cv_header_machine_hal_sysinfo_h=no
ac_cv_header_malloc_h=yes
ac_cv_header_memory_h=yes
ac_cv_header_process_h=no
ac_cv_header_stdc=yes
ac_cv_header_stdint_h=yes
ac_cv_header_stdio_ext_h=yes
ac_cv_header_stdlib_h=yes
ac_cv_header_string_h=yes
ac_cv_header_strings_h=yes
ac_cv_header_sys_file_h=yes
ac_cv_header_sys_mman_h=yes
ac_cv_header_sys_param_h=yes
ac_cv_header_sys_prctl_h=yes
ac_cv_header_sys_pstat_h=no
ac_cv_header_sys_resource_h=yes
ac_cv_header_sys_stat_h=yes
ac_cv_header_sys_sysctl_h=yes
ac_cv_header_sys_sysinfo_h=yes
ac_cv_header_sys_sysmp_h=no
ac_cv_header_sys_systemcfg_h=no
ac_cv_header_sys_table_h=no
ac_cv_header_sys_time_h=yes
ac_cv_header_sys_types_h=yes
ac_cv_header_sys_wait_h=yes
ac_cv_header_time=yes
ac_cv_header_time_h=yes
ac_cv_header_unistd_h=yes
ac_cv_header_vfork_h=no
ac_cv_host=x86_64-unknown-linux-gnu
ac_cv_objext=o
ac_cv_os_cray=no
ac_cv_path_EGREP='/usr/bin/grep -E'
ac_cv_path_GREP=/usr/bin/grep
ac_cv_prog_AR=ar
ac_cv_prog_CC=gcc
ac_cv_prog_CPP='gcc -E'
ac_cv_prog_MAKEINFO='/home/a59905/NUMA_Aware_Thesis/tools/KNL_Soft/gcc-5.3.0/missing makeinfo --split-size=5000000 --split-size=5000000'
ac_cv_prog_PERL=perl
ac_cv_prog_RANLIB=ranlib
ac_cv_prog_cc_c89=
ac_cv_prog_cc_g=yes
ac_cv_prog_cc_gcc_c_o=yes
ac_cv_search_strerror='none required'
ac_cv_sizeof_int=4
ac_cv_sizeof_long=8
ac_cv_sizeof_long_long=8
ac_cv_sys_file_offset_bits=no
ac_cv_sys_largefile_CC=no
ac_cv_type_intptr_t=yes
ac_cv_type_long_long=yes
ac_cv_type_pid_t=yes
ac_cv_type_ssize_t=yes
ac_cv_type_uintptr_t=yes
acx_cv_prog_cc_pedantic_=yes
acx_cv_prog_cc_warning__W=yes
acx_cv_prog_cc_warning__Wall=yes
acx_cv_prog_cc_warning__Wcpp_compat=yes
acx_cv_prog_cc_warning__Wstrict_prototypes=yes
acx_cv_prog_cc_warning__Wwrite_strings=yes
liberty_cv_uint64=uint64_t
libiberty_cv_decl_needed_canonicalize_file_name=yes
libiberty_cv_declare_errno=no
libiberty_cv_var_sys_errlist=yes
libiberty_cv_var_sys_nerr=yes
libiberty_cv_var_sys_siglist=yes

## ----------------- ##
## Output variables. ##
## ----------------- ##

AR='ar'
BUILD_INFO=''
CC='gcc'
CFLAGS='-g -O2'
CHECK='really-check'
CPP='gcc -E'
CPPFLAGS=''
DEFS='-DHAVE_CONFIG_H'
ECHO_C=''
ECHO_N='-n'
ECHO_T=''
EGREP='/usr/bin/grep -E'
EXEEXT=''
GREP='/usr/bin/grep'
HAVE_PERL=''
INSTALL_DATA='/usr/bin/install -c -m 644'
INSTALL_DEST='libdir'
INSTALL_PROGRAM='/usr/bin/install -c'
INSTALL_SCRIPT='/usr/bin/install -c'
LDFLAGS=''
LIBOBJS=' ${LIBOBJDIR}./setproctitle$U.o'
LIBS=''
LTLIBOBJS=' ${LIBOBJDIR}./setproctitle$U.lo'
MAINT='#'
MAKEINFO='/home/a59905/NUMA_Aware_Thesis/tools/KNL_Soft/gcc-5.3.0/missing makeinfo --split-size=5000000 --split-size=5000000'
NOASANFLAG=''
NOTMAINT=''
NO_MINUS_C_MINUS_O=''
OBJEXT='o'
OUTPUT_OPTION='-o $@'
PACKAGE_BUGREPORT=''
PACKAGE_NAME=''
PACKAGE_STRING=''
PACKAGE_TARNAME=''
PACKAGE_URL=''
PACKAGE_VERSION=''
PATH_SEPARATOR=':'
PERL='perl'
PICFLAG=''
RANLIB='ranlib'
SHELL='/bin/sh'
ac_ct_CC=''
ac_libiberty_warn_cflags='-W -Wall -Wwrite-strings -Wc++-compat -Wstrict-prototypes -pedantic '
bindir='${exec_prefix}/bin'
build='x86_64-unknown-linux-gnu'
build_alias='x86_64-unknown-linux-gnu'
build_cpu='x86_64'
build_os='linux-gnu'
build_vendor='unknown'
datadir='${datarootdir}'
datarootdir='${prefix}/share'
docdir='${datarootdir}/doc/${PACKAGE}'
dvidir='${docdir}'
exec_prefix='${prefix}'
host='x86_64-unknown-linux-gnu'
host_alias='x86_64-unknown-linux-gnu'
host_cpu='x86_64'
host_os='linux-gnu'
host_vendor='unknown'
htmldir='${docdir}'
includedir='${prefix}/include'
infodir='${datarootdir}/info'
libdir='${exec_prefix}/lib'
libexecdir='${exec_prefix}/libexec'
libiberty_topdir='../../../gcc-5.3.0/libiberty/..'
localedir='${datarootdir}/locale'
localstatedir='${prefix}/var'
mandir='${datarootdir}/man'
oldincludedir='/usr/include'
pdfdir='${docdir}'
pexecute='pex-unix'
prefix='/platform'
program_transform_name='s,y,y,'
psdir='${docdir}'
sbindir='${exec_prefix}/sbin'
sharedstatedir='${prefix}/com'
sysconfdir='${prefix}/etc'
target_alias='x86_64-unknown-linux-gnu'
target_header_dir=''

## ------------------- ##
## File substitutions. ##
## ------------------- ##

host_makefile_frag='xhost-mkfrag'

## ----------- ##
## confdefs.h. ##
## ----------- ##

/* confdefs.h */
#define PACKAGE_NAME ""
#define PACKAGE_TARNAME ""
#define PACKAGE_VERSION ""
#define PACKAGE_STRING ""
#define PACKAGE_BUGREPORT ""
#define PACKAGE_URL ""
#define STDC_HEADERS 1
#define HAVE_SYS_TYPES_H 1
#define HAVE_SYS_STAT_H 1
#define HAVE_STDLIB_H 1
#define HAVE_STRING_H 1
#define HAVE_MEMORY_H 1
#define HAVE_STRINGS_H 1
#define HAVE_INTTYPES_H 1
#define HAVE_STDINT_H 1
#define HAVE_UNISTD_H 1
#define HAVE_SYS_FILE_H 1
#define HAVE_SYS_PARAM_H 1
#define HAVE_LIMITS_H 1
#define HAVE_STDLIB_H 1
#define HAVE_MALLOC_H 1
#define HAVE_STRING_H 1
#define HAVE_UNISTD_H 1
#define HAVE_STRINGS_H 1
#define HAVE_SYS_TIME_H 1
#define HAVE_TIME_H 1
#define HAVE_SYS_RESOURCE_H 1
#define HAVE_SYS_STAT_H 1
#define HAVE_SYS_MMAN_H 1
#define HAVE_FCNTL_H 1
#define HAVE_ALLOCA_H 1
#define HAVE_SYS_SYSINFO_H 1
#define HAVE_SYS_SYSCTL_H 1
#define HAVE_STDINT_H 1
#define HAVE_STDIO_EXT_H 1
#define HAVE_SYS_PRCTL_H 1
#define HAVE_SYS_WAIT_H 1
#define TIME_WITH_SYS_TIME 1
#define SIZEOF_INT 4
#define SIZEOF_LONG 8
#define HAVE_LONG_LONG 1
#define SIZEOF_LONG_LONG 8
#define UNSIGNED_64BIT_TYPE uint64_t
#define HAVE_INTPTR_T 1
#define HAVE_UINTPTR_T 1
#define HAVE_UINTPTR_T 1
#define HAVE_ASPRINTF 1
#define HAVE_ATEXIT 1
#define HAVE_BASENAME 1
#define HAVE_BCMP 1
#define HAVE_BCOPY 1
#define HAVE_BSEARCH 1
#define HAVE_BZERO 1
#define HAVE_CALLOC 1
#define HAVE_CLOCK 1
#define HAVE_FFS 1
#define HAVE_GETCWD 1
#define HAVE_GETPAGESIZE 1
#define HAVE_GETTIMEOFDAY 1
#define HAVE_INDEX 1
#define HAVE_INSQUE 1
#define HAVE_MEMCHR 1
#define HAVE_MEMCMP 1
#define HAVE_MEMCPY 1
#define HAVE_MEMMEM 1
#define HAVE_MEMMOVE 1
#define HAVE_MEMPCPY 1
#define HAVE_MEMSET 1
#define HAVE_MKSTEMPS 1
#define HAVE_PUTENV 1
#define HAVE_RANDOM 1
#define HAVE_RENAME 1
#define HAVE_RINDEX 1
#define HAVE_SETENV 1
#define HAVE_SNPRINTF 1
#define HAVE_SIGSETMASK 1
#define HAVE_STPCPY 1
#define HAVE_STPNCPY 1
#define HAVE_STRCASECMP 1
#define HAVE_STRCHR 1
#define HAVE_STRDUP 1
#define HAVE_STRNCASECMP 1
#define HAVE_STRNDUP 1
#define HAVE_STRNLEN 1
#define HAVE_STRRCHR 1
#define HAVE_STRSTR 1
#define HAVE_STRTOD 1
#define HAVE_STRTOL 1
#define HAVE_STRTOUL 1
#define HAVE_STRTOLL 1
#define HAVE_STRTOULL 1
#define HAVE_STRVERSCMP 1
#define HAVE_TMPNAM 1
#define HAVE_VASPRINTF 1
#define HAVE_VFPRINTF 1
#define HAVE_VPRINTF 1
#define HAVE_VSNPRINTF 1
#define HAVE_VSPRINTF 1
#define HAVE_WAITPID 1
#define STACK_DIRECTION -1
#define HAVE_FORK 1
#define HAVE_VFORK 1
#define HAVE_WORKING_VFORK 1
#define HAVE_WORKING_FORK 1
#define HAVE_SYS_ERRLIST 1
#define HAVE_SYS_NERR 1
#define HAVE_SYS_SIGLIST 1
#define HAVE___FSETLOCKING 1
#define HAVE_CANONICALIZE_FILE_NAME 1
#define HAVE_DUP3 1
#define HAVE_GETRLIMIT 1
#define HAVE_GETRUSAGE 1
#define HAVE_GETTIMEOFDAY 1
#define HAVE_ON_EXIT 1
#define HAVE_PSIGNAL 1
#define HAVE_REALPATH 1
#define HAVE_SETRLIMIT 1
#define HAVE_SBRK 1
#define HAVE_STRERROR 1
#define HAVE_STRSIGNAL 1
#define HAVE_SYSCONF 1
#define HAVE_SYSCTL 1
#define HAVE_TIMES 1
#define HAVE_WAIT3 1
#define HAVE_WAIT4 1
#define HAVE_DECL_BASENAME 0
#define HAVE_DECL_FFS 1
#define HAVE_DECL_ASPRINTF 0
#define HAVE_DECL_VASPRINTF 0
#define HAVE_DECL_SNPRINTF 1
#define HAVE_DECL_VSNPRINTF 1
#define HAVE_DECL_CALLOC 1
#define HAVE_DECL_GETENV 1
#define HAVE_DECL_GETOPT 1
#define HAVE_DECL_MALLOC 1
#define HAVE_DECL_REALLOC 1
#define HAVE_DECL_SBRK 1
#define HAVE_DECL_STRTOL 1
#define HAVE_DECL_STRTOUL 1
#define HAVE_DECL_STRTOLL 1
#define HAVE_DECL_STRTOULL 1
#define HAVE_DECL_STRVERSCMP 0
#define NEED_DECLARATION_CANONICALIZE_FILE_NAME 1
#define HAVE_STDLIB_H 1
#define HAVE_UNISTD_H 1
#define HAVE_GETPAGESIZE 1
#define HAVE_MMAP 1

configure: exit 0
