This file contains any messages produced by compilers while
running configure, to aid debugging if configure makes a mistake.

It was created by configure, which was
generated by GNU Autoconf 2.64.  Invocation command line was

  $ /home/a59905/NUMA_Aware_Thesis/tools/KNL_Soft/gcc-5.3.0/zlib/configure --srcdir=../../gcc-5.3.0/zlib --cache-file=./config.cache --prefix=/platform --enable-shared --enable-threads=posix --enable-__cxa_atexit --enable-clocale=gnu --enable-multilib --with-sysroot --enable-languages=c,c++,fortran,java,lto,objc --program-transform-name=s,y,y, --disable-option-checking --build=x86_64-unknown-linux-gnu --host=x86_64-unknown-linux-gnu --target=x86_64-unknown-linux-gnu --disable-intermodule --enable-checking=yes,types --disable-coverage --enable-languages=c,c++,lto --disable-build-format-warnings

## --------- ##
## Platform. ##
## --------- ##

hostname = compute-002-1
uname -m = x86_64
uname -r = 3.10.0-327.36.3.el7.xppsl_1.5.0.4036.x86_64
uname -s = Linux
uname -v = #1 SMP Wed Dec 21 11:11:21 UTC 2016

/usr/bin/uname -p = x86_64
/bin/uname -X     = unknown

/bin/arch              = x86_64
/usr/bin/arch -k       = unknown
/usr/convex/getsysinfo = unknown
/usr/bin/hostinfo      = unknown
/bin/machine           = unknown
/usr/bin/oslevel       = unknown
/bin/universe          = unknown

PATH: /usr/local/bin
PATH: /usr/bin
PATH: /usr/local/sbin
PATH: /usr/sbin
PATH: /home/a59905/bin


## ----------- ##
## Core tests. ##
## ----------- ##

configure:2098: loading cache ./config.cache
configure:2249: checking build system type
configure:2263: result: x86_64-unknown-linux-gnu
configure:2283: checking host system type
configure:2296: result: x86_64-unknown-linux-gnu
configure:2316: checking target system type
configure:2329: result: x86_64-unknown-linux-gnu
configure:2377: checking for a BSD-compatible install
configure:2445: result: /usr/bin/install -c
configure:2456: checking whether build environment is sane
configure:2506: result: yes
configure:2647: checking for a thread-safe mkdir -p
configure:2686: result: /usr/bin/mkdir -p
configure:2699: checking for gawk
configure:2726: result: gawk
configure:2737: checking whether make sets $(MAKE)
configure:2759: result: yes
configure:2841: checking whether to enable maintainer-specific portions of Makefiles
configure:2850: result: no
configure:2921: checking for x86_64-unknown-linux-gnu-gcc
configure:2948: result: gcc
configure:3217: checking for C compiler version
configure:3226: gcc --version >&5
gcc (GCC) 4.8.5 20150623 (Red Hat 4.8.5-4)
Copyright (C) 2015 Free Software Foundation, Inc.
This is free software; see the source for copying conditions.  There is NO
warranty; not even for MERCHANTABILITY or FITNESS FOR A PARTICULAR PURPOSE.

configure:3237: $? = 0
configure:3226: gcc -v >&5
Using built-in specs.
COLLECT_GCC=gcc
COLLECT_LTO_WRAPPER=/usr/libexec/gcc/x86_64-redhat-linux/4.8.5/lto-wrapper
Target: x86_64-redhat-linux
Configured with: ../configure --prefix=/usr --mandir=/usr/share/man --infodir=/usr/share/info --with-bugurl=http://bugzilla.redhat.com/bugzilla --enable-bootstrap --enable-shared --enable-threads=posix --enable-checking=release --with-system-zlib --enable-__cxa_atexit --disable-libunwind-exceptions --enable-gnu-unique-object --enable-linker-build-id --with-linker-hash-style=gnu --enable-languages=c,c++,objc,obj-c++,java,fortran,ada,go,lto --enable-plugin --enable-initfini-array --disable-libgcj --with-isl=/builddir/build/BUILD/gcc-4.8.5-20150702/obj-x86_64-redhat-linux/isl-install --with-cloog=/builddir/build/BUILD/gcc-4.8.5-20150702/obj-x86_64-redhat-linux/cloog-install --enable-gnu-indirect-function --with-tune=generic --with-arch_32=x86-64 --build=x86_64-redhat-linux
Thread model: posix
gcc version 4.8.5 20150623 (Red Hat 4.8.5-4) (GCC) 
configure:3237: $? = 0
configure:3226: gcc -V >&5
gcc: error: unrecognized command line option '-V'
gcc: fatal error: no input files
compilation terminated.
configure:3237: $? = 4
configure:3226: gcc -qversion >&5
gcc: error: unrecognized command line option '-qversion'
gcc: fatal error: no input files
compilation terminated.
configure:3237: $? = 4
configure:3253: gcc -o conftest -g    conftest.c  >&5
configure:3256: $? = 0
configure:3285: checking for C compiler default output file name
configure:3307: gcc -g    conftest.c  >&5
configure:3311: $? = 0
configure:3348: result: a.out
configure:3364: checking whether the C compiler works
configure:3373: ./a.out
configure:3377: $? = 0
configure:3392: result: yes
configure:3399: checking whether we are cross compiling
configure:3401: result: no
configure:3404: checking for suffix of executables
configure:3411: gcc -o conftest -g    conftest.c  >&5
configure:3415: $? = 0
configure:3437: result: 
configure:3444: checking for suffix of object files
configure:3491: result: o
configure:3495: checking whether we are using the GNU C compiler
configure:3523: result: yes
configure:3532: checking whether gcc accepts -g
configure:3593: result: yes
configure:3610: checking for gcc option to accept ISO C89
configure:3687: result: none needed
configure:3718: checking for style of include used by make
configure:3746: result: GNU
configure:3771: checking dependency style of gcc
configure:3881: result: gcc3
configure:3946: checking how to print strings
configure:3973: result: printf
configure:3994: checking for a sed that does not truncate output
configure:4058: result: /usr/bin/sed
configure:4076: checking for grep that handles long lines and -e
configure:4134: result: /usr/bin/grep
configure:4139: checking for egrep
configure:4201: result: /usr/bin/grep -E
configure:4206: checking for fgrep
configure:4268: result: /usr/bin/grep -F
configure:4303: checking for ld used by gcc
configure:4370: result: ld
configure:4377: checking if the linker (ld) is GNU ld
configure:4392: result: yes
configure:4404: checking for BSD- or MS-compatible name lister (nm)
configure:4453: result: nm
configure:4583: checking the name lister (nm) interface
configure:4603: result: BSD nm
configure:4606: checking whether ln -s works
configure:4610: result: yes
configure:4618: checking the maximum length of command line arguments
configure:4743: result: 1572864
configure:4760: checking whether the shell understands some XSI constructs
configure:4770: result: yes
configure:4774: checking whether the shell understands "+="
configure:4780: result: yes
configure:4815: checking for ld option to reload object files
configure:4822: result: -r
configure:4851: checking for x86_64-unknown-linux-gnu-objdump
configure:4878: result: objdump
configure:4950: checking how to recognize dependent libraries
configure:5151: result: pass_all
configure:5171: checking for x86_64-unknown-linux-gnu-ar
configure:5198: result: ar
configure:5276: checking for x86_64-unknown-linux-gnu-strip
configure:5306: result: no
configure:5316: checking for strip
configure:5343: result: strip
configure:5375: checking for x86_64-unknown-linux-gnu-ranlib
configure:5402: result: ranlib
configure:5544: checking command to parse nm output from gcc object
configure:5767: result: ok
configure:5863: gcc -c -g  conftest.c >&5
configure:5866: $? = 0
configure:6625: checking how to run the C preprocessor
configure:6695: result: gcc -E
configure:6715: gcc -E  conftest.c
configure:6715: $? = 0
configure:6729: gcc -E  conftest.c
conftest.c:11:28: fatal error: ac_nonexistent.h: No such file or directory
 #include <ac_nonexistent.h>
                            ^
compilation terminated.
configure:6729: $? = 1
configure: failed program was:
| /* confdefs.h */
| #define PACKAGE_NAME ""
| #define PACKAGE_TARNAME ""
| #define PACKAGE_VERSION ""
| #define PACKAGE_STRING ""
| #define PACKAGE_BUGREPORT ""
| #define PACKAGE_URL ""
| #define PACKAGE "zlib"
| #define VERSION "1.1.4"
| /* end confdefs.h.  */
| #include <ac_nonexistent.h>
configure:6758: checking for ANSI C header files
configure:6862: result: yes
configure:6875: checking for sys/types.h
configure:6875: result: yes
configure:6875: checking for sys/stat.h
configure:6875: result: yes
configure:6875: checking for stdlib.h
configure:6875: result: yes
configure:6875: checking for string.h
configure:6875: result: yes
configure:6875: checking for memory.h
configure:6875: result: yes
configure:6875: checking for strings.h
configure:6875: result: yes
configure:6875: checking for inttypes.h
configure:6875: result: yes
configure:6875: checking for stdint.h
configure:6875: result: yes
configure:6875: checking for unistd.h
configure:6875: result: yes
configure:6890: checking for dlfcn.h
configure:6890: result: yes
configure:7077: checking for objdir
configure:7092: result: .libs
configure:7363: checking if gcc supports -fno-rtti -fno-exceptions
configure:7398: result: no
configure:7418: checking for gcc option to produce PIC
configure:7704: result: -fPIC -DPIC
configure:7716: checking if gcc PIC flag -fPIC -DPIC works
configure:7751: result: yes
configure:7775: checking if gcc static flag -static works
configure:7803: result: no
configure:7818: checking if gcc supports -c -o file.o
configure:7865: result: yes
configure:7873: checking if gcc supports -c -o file.o
configure:7920: result: yes
configure:7953: checking whether the gcc linker (ld -m elf_x86_64) supports shared libraries
configure:9033: result: yes
configure:9070: checking whether -lc should be explicitly linked in
configure:9113: result: no
configure:9278: checking dynamic linker characteristics
configure:9954: result: GNU/Linux ld.so
configure:10061: checking how to hardcode library paths into programs
configure:10086: result: immediate
configure:10641: checking whether stripping libraries is possible
configure:10646: result: yes
configure:10681: checking if libtool supports shared libraries
configure:10683: result: yes
configure:10686: checking whether to build shared libraries
configure:10707: result: yes
configure:10710: checking whether to build static libraries
configure:10714: result: yes
configure:10757: checking how to run the C preprocessor
configure:10827: result: gcc -E
configure:10847: gcc -E  conftest.c
configure:10847: $? = 0
configure:10861: gcc -E  conftest.c
conftest.c:23:28: fatal error: ac_nonexistent.h: No such file or directory
 #include <ac_nonexistent.h>
                            ^
compilation terminated.
configure:10861: $? = 1
configure: failed program was:
| /* confdefs.h */
| #define PACKAGE_NAME ""
| #define PACKAGE_TARNAME ""
| #define PACKAGE_VERSION ""
| #define PACKAGE_STRING ""
| #define PACKAGE_BUGREPORT ""
| #define PACKAGE_URL ""
| #define PACKAGE "zlib"
| #define VERSION "1.1.4"
| #define STDC_HEADERS 1
| #define HAVE_SYS_TYPES_H 1
| #define HAVE_SYS_STAT_H 1
| #define HAVE_STDLIB_H 1
| #define HAVE_STRING_H 1
| #define HAVE_MEMORY_H 1
| #define HAVE_STRINGS_H 1
| #define HAVE_INTTYPES_H 1
| #define HAVE_STDINT_H 1
| #define HAVE_UNISTD_H 1
| #define HAVE_DLFCN_H 1
| #define LT_OBJDIR ".libs/"
| /* end confdefs.h.  */
| #include <ac_nonexistent.h>
configure:10914: checking for stdlib.h
configure:10914: result: yes
configure:10914: checking for unistd.h
configure:10914: result: yes
configure:10927: checking for getpagesize
configure:10927: result: yes
configure:10936: checking for working mmap
configure:11083: result: yes
configure:11096: checking for memcpy
configure:11096: result: yes
configure:11096: checking for strerror
configure:11096: result: yes
configure:11162: checking for unistd.h
configure:11162: result: yes
configure:11381: creating ./config.status

## ---------------------- ##
## Running config.status. ##
## ---------------------- ##

This file was extended by config.status, which was
generated by GNU Autoconf 2.64.  Invocation command line was

  CONFIG_FILES    = 
  CONFIG_HEADERS  = 
  CONFIG_LINKS    = 
  CONFIG_COMMANDS = 
  $ ./config.status 

on compute-002-1

config.status:1015: creating Makefile
config.status:1171: executing default-1 commands

## ---------------- ##
## Cache variables. ##
## ---------------- ##

ac_cv_build=x86_64-unknown-linux-gnu
ac_cv_c_compiler_gnu=yes
ac_cv_env_CPPFLAGS_set=
ac_cv_env_CPPFLAGS_value=
ac_cv_env_CPP_set=
ac_cv_env_CPP_value=
ac_cv_env_build_alias_set=set
ac_cv_env_build_alias_value=x86_64-unknown-linux-gnu
ac_cv_env_host_alias_set=set
ac_cv_env_host_alias_value=x86_64-unknown-linux-gnu
ac_cv_env_target_alias_set=set
ac_cv_env_target_alias_value=x86_64-unknown-linux-gnu
ac_cv_func_getpagesize=yes
ac_cv_func_memcpy=yes
ac_cv_func_mmap_fixed_mapped=yes
ac_cv_func_strerror=yes
ac_cv_header_dlfcn_h=yes
ac_cv_header_inttypes_h=yes
ac_cv_header_memory_h=yes
ac_cv_header_stdc=yes
ac_cv_header_stdint_h=yes
ac_cv_header_stdlib_h=yes
ac_cv_header_string_h=yes
ac_cv_header_strings_h=yes
ac_cv_header_sys_stat_h=yes
ac_cv_header_sys_types_h=yes
ac_cv_header_unistd_h=yes
ac_cv_host=x86_64-unknown-linux-gnu
ac_cv_objext=o
ac_cv_path_EGREP='/usr/bin/grep -E'
ac_cv_path_FGREP='/usr/bin/grep -F'
ac_cv_path_GREP=/usr/bin/grep
ac_cv_path_SED=/usr/bin/sed
ac_cv_path_mkdir=/usr/bin/mkdir
ac_cv_prog_AR=ar
ac_cv_prog_AWK=gawk
ac_cv_prog_CC=gcc
ac_cv_prog_CPP='gcc -E'
ac_cv_prog_OBJDUMP=objdump
ac_cv_prog_RANLIB=ranlib
ac_cv_prog_ac_ct_STRIP=strip
ac_cv_prog_cc_c89=
ac_cv_prog_cc_g=yes
ac_cv_prog_make_make_set=yes
ac_cv_target=x86_64-unknown-linux-gnu
am_cv_CC_dependencies_compiler_type=gcc3
lt_cv_archive_cmds_need_lc=no
lt_cv_deplibs_check_method=pass_all
lt_cv_file_magic_cmd='$MAGIC_CMD'
lt_cv_file_magic_test_file=
lt_cv_ld_reload_flag=-r
lt_cv_nm_interface='BSD nm'
lt_cv_objdir=.libs
lt_cv_path_LD=ld
lt_cv_path_NM=nm
lt_cv_prog_compiler_c_o=yes
lt_cv_prog_compiler_pic_works=yes
lt_cv_prog_compiler_rtti_exceptions=no
lt_cv_prog_compiler_static_works=no
lt_cv_prog_gnu_ld=yes
lt_cv_shlibpath_overrides_runpath=no
lt_cv_sys_global_symbol_pipe='sed -n -e '\''s/^.*[	 ]\([ABCDGIRSTW][ABCDGIRSTW]*\)[	 ][	 ]*\([_A-Za-z][_A-Za-z0-9]*\)$/\1 \2 \2/p'\'''
lt_cv_sys_global_symbol_to_c_name_address='sed -n -e '\''s/^: \([^ ]*\) $/  {\"\1\", (void *) 0},/p'\'' -e '\''s/^[ABCDGIRSTW]* \([^ ]*\) \([^ ]*\)$/  {"\2", (void *) \&\2},/p'\'''
lt_cv_sys_global_symbol_to_c_name_address_lib_prefix='sed -n -e '\''s/^: \([^ ]*\) $/  {\"\1\", (void *) 0},/p'\'' -e '\''s/^[ABCDGIRSTW]* \([^ ]*\) \(lib[^ ]*\)$/  {"\2", (void *) \&\2},/p'\'' -e '\''s/^[ABCDGIRSTW]* \([^ ]*\) \([^ ]*\)$/  {"lib\2", (void *) \&\2},/p'\'''
lt_cv_sys_global_symbol_to_cdecl='sed -n -e '\''s/^T .* \(.*\)$/extern int \1();/p'\'' -e '\''s/^[ABCDGIRSTW]* .* \(.*\)$/extern char \1;/p'\'''
lt_cv_sys_max_cmd_len=1572864

## ----------------- ##
## Output variables. ##
## ----------------- ##

ACLOCAL='${SHELL} /home/a59905/NUMA_Aware_Thesis/tools/KNL_Soft/gcc-5.3.0/missing --run aclocal-1.11'
AMDEPBACKSLASH='\'
AMDEP_FALSE='#'
AMDEP_TRUE=''
AMTAR='${SHELL} /home/a59905/NUMA_Aware_Thesis/tools/KNL_Soft/gcc-5.3.0/missing --run tar'
AR='ar'
AUTOCONF='${SHELL} /home/a59905/NUMA_Aware_Thesis/tools/KNL_Soft/gcc-5.3.0/missing --run autoconf'
AUTOHEADER='${SHELL} /home/a59905/NUMA_Aware_Thesis/tools/KNL_Soft/gcc-5.3.0/missing --run autoheader'
AUTOMAKE='${SHELL} /home/a59905/NUMA_Aware_Thesis/tools/KNL_Soft/gcc-5.3.0/missing --run automake-1.11'
AWK='gawk'
CC='gcc'
CCDEPMODE='depmode=gcc3'
CFLAGS='-g'
COMPPATH='.'
CPP='gcc -E'
CPPFLAGS=''
CYGPATH_W='echo'
DEFS='-DPACKAGE_NAME=\"\" -DPACKAGE_TARNAME=\"\" -DPACKAGE_VERSION=\"\" -DPACKAGE_STRING=\"\" -DPACKAGE_BUGREPORT=\"\" -DPACKAGE_URL=\"\" -DPACKAGE=\"zlib\" -DVERSION=\"1.1.4\" -DSTDC_HEADERS=1 -DHAVE_SYS_TYPES_H=1 -DHAVE_SYS_STAT_H=1 -DHAVE_STDLIB_H=1 -DHAVE_STRING_H=1 -DHAVE_MEMORY_H=1 -DHAVE_STRINGS_H=1 -DHAVE_INTTYPES_H=1 -DHAVE_STDINT_H=1 -DHAVE_UNISTD_H=1 -DHAVE_DLFCN_H=1 -DLT_OBJDIR=\".libs/\" -DHAVE_STDLIB_H=1 -DHAVE_UNISTD_H=1 -DHAVE_GETPAGESIZE=1 -DHAVE_MMAP=1 -DHAVE_MEMCPY=1 -DHAVE_STRERROR=1 -DHAVE_UNISTD_H=1'
DEPDIR='.deps'
DSYMUTIL=''
DUMPBIN=''
ECHO_C=''
ECHO_N='-n'
ECHO_T=''
EGREP='/usr/bin/grep -E'
EXEEXT=''
FGREP='/usr/bin/grep -F'
GREP='/usr/bin/grep'
INSTALL_DATA='/usr/bin/install -c -m 644'
INSTALL_PROGRAM='/usr/bin/install -c'
INSTALL_SCRIPT='/usr/bin/install -c'
INSTALL_STRIP_PROGRAM='$(install_sh) -c -s'
LD='ld -m elf_x86_64'
LDFLAGS=' '
LIBOBJS=''
LIBS=''
LIBTOOL='$(SHELL) $(top_builddir)/libtool'
LIPO=''
LN_S='ln -s'
LTLIBOBJS=''
MAINT='#'
MAINTAINER_MODE_FALSE=''
MAINTAINER_MODE_TRUE='#'
MAKEINFO='/home/a59905/NUMA_Aware_Thesis/tools/KNL_Soft/gcc-5.3.0/missing makeinfo --split-size=5000000 --split-size=5000000'
MKDIR_P='/usr/bin/mkdir -p'
NM='nm'
NMEDIT=''
OBJDUMP='objdump'
OBJEXT='o'
OTOOL64=''
OTOOL=''
PACKAGE='zlib'
PACKAGE_BUGREPORT=''
PACKAGE_NAME=''
PACKAGE_STRING=''
PACKAGE_TARNAME=''
PACKAGE_URL=''
PACKAGE_VERSION=''
PATH_SEPARATOR=':'
PICFLAG=''
RANLIB='ranlib'
SED='/usr/bin/sed'
SET_MAKE=''
SHELL='/bin/sh'
STRIP='strip'
TARGET_LIBRARY_FALSE=''
TARGET_LIBRARY_TRUE='#'
VERSION='1.1.4'
ac_ct_CC=''
ac_ct_DUMPBIN=''
am__EXEEXT_FALSE=''
am__EXEEXT_TRUE='#'
am__fastdepCC_FALSE='#'
am__fastdepCC_TRUE=''
am__include='include'
am__isrc=' -I$(srcdir)'
am__leading_dot='.'
am__quote=''
am__tar='${AMTAR} chof - "$$tardir"'
am__untar='${AMTAR} xf -'
bindir='${exec_prefix}/bin'
build='x86_64-unknown-linux-gnu'
build_alias='x86_64-unknown-linux-gnu'
build_cpu='x86_64'
build_os='linux-gnu'
build_vendor='unknown'
datadir='${datarootdir}'
datarootdir='${prefix}/share'
docdir='${datarootdir}/doc/${PACKAGE}'
dvidir='${docdir}'
exec_prefix='${prefix}'
host='x86_64-unknown-linux-gnu'
host_alias='x86_64-unknown-linux-gnu'
host_cpu='x86_64'
host_os='linux-gnu'
host_vendor='unknown'
htmldir='${docdir}'
includedir='${prefix}/include'
infodir='${datarootdir}/info'
install_sh='${SHELL} /home/a59905/NUMA_Aware_Thesis/tools/KNL_Soft/gcc-5.3.0/install-sh'
libdir='${exec_prefix}/lib'
libexecdir='${exec_prefix}/libexec'
localedir='${datarootdir}/locale'
localstatedir='${prefix}/var'
mandir='${datarootdir}/man'
mkdir_p='/usr/bin/mkdir -p'
mkinstalldirs='/home/a59905/NUMA_Aware_Thesis/tools/KNL_Soft/gcc-5.3.0/mkinstalldirs'
multi_basedir='../../gcc-5.3.0/zlib/..'
oldincludedir='/usr/include'
pdfdir='${docdir}'
prefix='/platform'
program_transform_name='s,y,y,'
psdir='${docdir}'
sbindir='${exec_prefix}/sbin'
sharedstatedir='${prefix}/com'
sysconfdir='${prefix}/etc'
target='x86_64-unknown-linux-gnu'
target_alias='x86_64-unknown-linux-gnu'
target_all='libzgcj.la'
target_cpu='x86_64'
target_os='linux-gnu'
target_vendor='unknown'
toolexecdir='$(libdir)/gcc-lib/$(target_alias)'
toolexeclibdir='$(libdir)/../lib64'

## ----------- ##
## confdefs.h. ##
## ----------- ##

/* confdefs.h */
#define PACKAGE_NAME ""
#define PACKAGE_TARNAME ""
#define PACKAGE_VERSION ""
#define PACKAGE_STRING ""
#define PACKAGE_BUGREPORT ""
#define PACKAGE_URL ""
#define PACKAGE "zlib"
#define VERSION "1.1.4"
#define STDC_HEADERS 1
#define HAVE_SYS_TYPES_H 1
#define HAVE_SYS_STAT_H 1
#define HAVE_STDLIB_H 1
#define HAVE_STRING_H 1
#define HAVE_MEMORY_H 1
#define HAVE_STRINGS_H 1
#define HAVE_INTTYPES_H 1
#define HAVE_STDINT_H 1
#define HAVE_UNISTD_H 1
#define HAVE_DLFCN_H 1
#define LT_OBJDIR ".libs/"
#define HAVE_STDLIB_H 1
#define HAVE_UNISTD_H 1
#define HAVE_GETPAGESIZE 1
#define HAVE_MMAP 1
#define HAVE_MEMCPY 1
#define HAVE_STRERROR 1
#define HAVE_UNISTD_H 1

configure: exit 1
