-------------------------------------------------------------
STREAM version $Revision: 5.10 $
-------------------------------------------------------------
This system uses 8 bytes per array element.
-------------------------------------------------------------
Array size = 12500000 (elements), Offset = 0 (elements)
Memory per array = 95.4 MiB (= 0.1 GiB).
Total memory required = 286.1 MiB (= 0.3 GiB).
Each kernel will be executed 15 times.
 The *best* time for each kernel (excluding the first iteration)
 will be used to compute the reported bandwidth.
-------------------------------------------------------------
Number of Threads requested = 24
Number of Threads counted = 24
-------------------------------------------------------------
Your clock granularity/precision appears to be 1 microseconds.
Each test below will take on the order of 7905 microseconds.
   (= 7905 clock ticks)
Increase the size of the arrays if this shows that
you are not getting at least 20 clock ticks per test.
-------------------------------------------------------------
WARNING -- The above is only a rough guideline.
For best results, please be sure you know the
precision of your system timer.
-------------------------------------------------------------
Function    Best Rate MB/s  Avg time     Min time     Max time
Copy:           19262.0     0.011476     0.010383     0.011937
Scale:          18812.8     0.011655     0.010631     0.012114
Add:            20208.6     0.015388     0.014845     0.016143
Triad:          20965.6     0.015008     0.014309     0.015372
-------------------------------------------------------------
Solution Validates: avg error less than 1.000000e-13 on all three arrays
-------------------------------------------------------------
