-------------------------------------------------------------
STREAM version $Revision: 5.10 $
-------------------------------------------------------------
This system uses 8 bytes per array element.
-------------------------------------------------------------
Array size = 12500000 (elements), Offset = 0 (elements)
Memory per array = 95.4 MiB (= 0.1 GiB).
Total memory required = 286.1 MiB (= 0.3 GiB).
Each kernel will be executed 15 times.
 The *best* time for each kernel (excluding the first iteration)
 will be used to compute the reported bandwidth.
-------------------------------------------------------------
Number of Threads requested = 4
Number of Threads counted = 4
-------------------------------------------------------------
Your clock granularity/precision appears to be 1 microseconds.
Each test below will take on the order of 4444 microseconds.
   (= 4444 clock ticks)
Increase the size of the arrays if this shows that
you are not getting at least 20 clock ticks per test.
-------------------------------------------------------------
WARNING -- The above is only a rough guideline.
For best results, please be sure you know the
precision of your system timer.
-------------------------------------------------------------
Function    Best Rate MB/s  Avg time     Min time     Max time
Copy:           31436.8     0.006408     0.006362     0.006449
Scale:          30446.5     0.006613     0.006569     0.006665
Add:            32348.5     0.009332     0.009274     0.009390
Triad:          30602.7     0.009852     0.009803     0.009914
-------------------------------------------------------------
Solution Validates: avg error less than 1.000000e-13 on all three arrays
-------------------------------------------------------------
