-------------------------------------------------------------
STREAM version $Revision: 5.10 $
-------------------------------------------------------------
This system uses 8 bytes per array element.
-------------------------------------------------------------
Array size = 125000 (elements), Offset = 0 (elements)
Memory per array = 1.0 MiB (= 0.0 GiB).
Total memory required = 2.9 MiB (= 0.0 GiB).
Each kernel will be executed 15 times.
 The *best* time for each kernel (excluding the first iteration)
 will be used to compute the reported bandwidth.
-------------------------------------------------------------
Number of Threads requested = 8
Number of Threads counted = 8
-------------------------------------------------------------
Your clock granularity/precision appears to be 1 microseconds.
Each test below will take on the order of 10 microseconds.
   (= 10 clock ticks)
Increase the size of the arrays if this shows that
you are not getting at least 20 clock ticks per test.
-------------------------------------------------------------
WARNING -- The above is only a rough guideline.
For best results, please be sure you know the
precision of your system timer.
-------------------------------------------------------------
Function    Best Rate MB/s  Avg time     Min time     Max time
Copy:          199728.8     0.000011     0.000010     0.000012
Scale:         182361.0     0.000012     0.000011     0.000016
Add:           199728.8     0.000016     0.000015     0.000020
Triad:         187804.7     0.000017     0.000016     0.000025
-------------------------------------------------------------
Solution Validates: avg error less than 1.000000e-13 on all three arrays
-------------------------------------------------------------
