This file contains any messages produced by compilers while
running configure, to aid debugging if configure makes a mistake.

It was created by mpc configure 0.8.1, which was
generated by GNU Autoconf 2.64.  Invocation command line was

  $ /home/a59905/NUMA_Aware_Thesis/tools/KNL_Soft/gcc-5.3.0/mpc/configure --srcdir=/home/a59905/NUMA_Aware_Thesis/tools/KNL_Soft/objdir/../gcc-5.3.0/mpc --cache-file=./config.cache --enable-multilib --prefix=/home/a59905/gcc-5.3.0 --enable-languages=c,c++,fortran,go,lto --program-transform-name=s,y,y, --disable-option-checking --build=x86_64-unknown-linux-gnu --host=x86_64-unknown-linux-gnu --target=x86_64-unknown-linux-gnu --disable-intermodule --enable-checking=yes,types --disable-coverage --enable-languages=c,c++,lto --disable-build-format-warnings --disable-shared --with-gmp-include=/home/a59905/NUMA_Aware_Thesis/tools/KNL_Soft/objdir/./gmp --with-gmp-lib=/home/a59905/NUMA_Aware_Thesis/tools/KNL_Soft/objdir/./gmp/.libs --with-mpfr-include=/home/a59905/NUMA_Aware_Thesis/tools/KNL_Soft/gcc-5.3.0/mpfr --with-mpfr-lib=/home/a59905/NUMA_Aware_Thesis/tools/KNL_Soft/objdir/./mpfr/.libs

## --------- ##
## Platform. ##
## --------- ##

hostname = compute-002-1
uname -m = x86_64
uname -r = 3.10.0-327.36.3.el7.xppsl_1.5.0.4036.x86_64
uname -s = Linux
uname -v = #1 SMP Wed Dec 21 11:11:21 UTC 2016

/usr/bin/uname -p = x86_64
/bin/uname -X     = unknown

/bin/arch              = x86_64
/usr/bin/arch -k       = unknown
/usr/convex/getsysinfo = unknown
/usr/bin/hostinfo      = unknown
/bin/machine           = unknown
/usr/bin/oslevel       = unknown
/bin/universe          = unknown

PATH: /usr/local/bin
PATH: /usr/bin
PATH: /usr/local/sbin
PATH: /usr/sbin
PATH: /home/a59905/bin


## ----------- ##
## Core tests. ##
## ----------- ##

configure:2300: creating cache ./config.cache
configure:2416: checking for a BSD-compatible install
configure:2484: result: /usr/bin/install -c
configure:2495: checking whether build environment is sane
configure:2545: result: yes
configure:2686: checking for a thread-safe mkdir -p
configure:2725: result: /usr/bin/mkdir -p
configure:2738: checking for gawk
configure:2765: result: gawk
configure:2776: checking whether make sets $(MAKE)
configure:2798: result: yes
configure:2879: checking whether to enable maintainer-specific portions of Makefiles
configure:2888: result: no
configure:2906: checking build system type
configure:2920: result: x86_64-unknown-linux-gnu
configure:2940: checking host system type
configure:2953: result: x86_64-unknown-linux-gnu
configure:3045: checking for x86_64-unknown-linux-gnu-gcc
configure:3072: result: gcc
configure:3341: checking for C compiler version
configure:3350: gcc --version >&5
gcc (GCC) 4.8.5 20150623 (Red Hat 4.8.5-4)
Copyright (C) 2015 Free Software Foundation, Inc.
This is free software; see the source for copying conditions.  There is NO
warranty; not even for MERCHANTABILITY or FITNESS FOR A PARTICULAR PURPOSE.

configure:3361: $? = 0
configure:3350: gcc -v >&5
Using built-in specs.
COLLECT_GCC=gcc
COLLECT_LTO_WRAPPER=/usr/libexec/gcc/x86_64-redhat-linux/4.8.5/lto-wrapper
Target: x86_64-redhat-linux
Configured with: ../configure --prefix=/usr --mandir=/usr/share/man --infodir=/usr/share/info --with-bugurl=http://bugzilla.redhat.com/bugzilla --enable-bootstrap --enable-shared --enable-threads=posix --enable-checking=release --with-system-zlib --enable-__cxa_atexit --disable-libunwind-exceptions --enable-gnu-unique-object --enable-linker-build-id --with-linker-hash-style=gnu --enable-languages=c,c++,objc,obj-c++,java,fortran,ada,go,lto --enable-plugin --enable-initfini-array --disable-libgcj --with-isl=/builddir/build/BUILD/gcc-4.8.5-20150702/obj-x86_64-redhat-linux/isl-install --with-cloog=/builddir/build/BUILD/gcc-4.8.5-20150702/obj-x86_64-redhat-linux/cloog-install --enable-gnu-indirect-function --with-tune=generic --with-arch_32=x86-64 --build=x86_64-redhat-linux
Thread model: posix
gcc version 4.8.5 20150623 (Red Hat 4.8.5-4) (GCC) 
configure:3361: $? = 0
configure:3350: gcc -V >&5
gcc: error: unrecognized command line option '-V'
gcc: fatal error: no input files
compilation terminated.
configure:3361: $? = 4
configure:3350: gcc -qversion >&5
gcc: error: unrecognized command line option '-qversion'
gcc: fatal error: no input files
compilation terminated.
configure:3361: $? = 4
configure:3383: checking for C compiler default output file name
configure:3405: gcc -g -I/home/a59905/NUMA_Aware_Thesis/tools/KNL_Soft/objdir/./gmp -I/home/a59905/NUMA_Aware_Thesis/tools/KNL_Soft/gcc-5.3.0/mpfr  -L/home/a59905/NUMA_Aware_Thesis/tools/KNL_Soft/objdir/./gmp/.libs -L/home/a59905/NUMA_Aware_Thesis/tools/KNL_Soft/objdir/./mpfr/.libs   conftest.c  >&5
configure:3409: $? = 0
configure:3446: result: a.out
configure:3462: checking whether the C compiler works
configure:3471: ./a.out
configure:3475: $? = 0
configure:3490: result: yes
configure:3497: checking whether we are cross compiling
configure:3499: result: no
configure:3502: checking for suffix of executables
configure:3509: gcc -o conftest -g -I/home/a59905/NUMA_Aware_Thesis/tools/KNL_Soft/objdir/./gmp -I/home/a59905/NUMA_Aware_Thesis/tools/KNL_Soft/gcc-5.3.0/mpfr  -L/home/a59905/NUMA_Aware_Thesis/tools/KNL_Soft/objdir/./gmp/.libs -L/home/a59905/NUMA_Aware_Thesis/tools/KNL_Soft/objdir/./mpfr/.libs   conftest.c  >&5
configure:3513: $? = 0
configure:3535: result: 
configure:3541: checking for suffix of object files
configure:3563: gcc -c -g -I/home/a59905/NUMA_Aware_Thesis/tools/KNL_Soft/objdir/./gmp -I/home/a59905/NUMA_Aware_Thesis/tools/KNL_Soft/gcc-5.3.0/mpfr  conftest.c >&5
configure:3567: $? = 0
configure:3588: result: o
configure:3592: checking whether we are using the GNU C compiler
configure:3611: gcc -c -g -I/home/a59905/NUMA_Aware_Thesis/tools/KNL_Soft/objdir/./gmp -I/home/a59905/NUMA_Aware_Thesis/tools/KNL_Soft/gcc-5.3.0/mpfr  conftest.c >&5
configure:3611: $? = 0
configure:3620: result: yes
configure:3629: checking whether gcc accepts -g
configure:3649: gcc -c -g -I/home/a59905/NUMA_Aware_Thesis/tools/KNL_Soft/objdir/./gmp -I/home/a59905/NUMA_Aware_Thesis/tools/KNL_Soft/gcc-5.3.0/mpfr  conftest.c >&5
configure:3649: $? = 0
configure:3690: result: yes
configure:3707: checking for gcc option to accept ISO C89
configure:3771: gcc  -c -g -I/home/a59905/NUMA_Aware_Thesis/tools/KNL_Soft/objdir/./gmp -I/home/a59905/NUMA_Aware_Thesis/tools/KNL_Soft/gcc-5.3.0/mpfr  conftest.c >&5
configure:3771: $? = 0
configure:3784: result: none needed
configure:3815: checking for style of include used by make
configure:3843: result: GNU
configure:3868: checking dependency style of gcc
configure:3978: result: gcc3
configure:3998: checking how to run the C preprocessor
configure:4029: gcc -E -I/home/a59905/NUMA_Aware_Thesis/tools/KNL_Soft/objdir/./gmp -I/home/a59905/NUMA_Aware_Thesis/tools/KNL_Soft/gcc-5.3.0/mpfr  conftest.c
configure:4029: $? = 0
configure:4043: gcc -E -I/home/a59905/NUMA_Aware_Thesis/tools/KNL_Soft/objdir/./gmp -I/home/a59905/NUMA_Aware_Thesis/tools/KNL_Soft/gcc-5.3.0/mpfr  conftest.c
conftest.c:11:28: fatal error: ac_nonexistent.h: No such file or directory
 #include <ac_nonexistent.h>
                            ^
compilation terminated.
configure:4043: $? = 1
configure: failed program was:
| /* confdefs.h */
| #define PACKAGE_NAME "mpc"
| #define PACKAGE_TARNAME "mpc"
| #define PACKAGE_VERSION "0.8.1"
| #define PACKAGE_STRING "mpc 0.8.1"
| #define PACKAGE_BUGREPORT "mpc-discuss@lists.gforge.inria.fr"
| #define PACKAGE_URL ""
| #define PACKAGE "mpc"
| #define VERSION "0.8.1"
| /* end confdefs.h.  */
| #include <ac_nonexistent.h>
configure:4068: result: gcc -E
configure:4088: gcc -E -I/home/a59905/NUMA_Aware_Thesis/tools/KNL_Soft/objdir/./gmp -I/home/a59905/NUMA_Aware_Thesis/tools/KNL_Soft/gcc-5.3.0/mpfr  conftest.c
configure:4088: $? = 0
configure:4102: gcc -E -I/home/a59905/NUMA_Aware_Thesis/tools/KNL_Soft/objdir/./gmp -I/home/a59905/NUMA_Aware_Thesis/tools/KNL_Soft/gcc-5.3.0/mpfr  conftest.c
conftest.c:11:28: fatal error: ac_nonexistent.h: No such file or directory
 #include <ac_nonexistent.h>
                            ^
compilation terminated.
configure:4102: $? = 1
configure: failed program was:
| /* confdefs.h */
| #define PACKAGE_NAME "mpc"
| #define PACKAGE_TARNAME "mpc"
| #define PACKAGE_VERSION "0.8.1"
| #define PACKAGE_STRING "mpc 0.8.1"
| #define PACKAGE_BUGREPORT "mpc-discuss@lists.gforge.inria.fr"
| #define PACKAGE_URL ""
| #define PACKAGE "mpc"
| #define VERSION "0.8.1"
| /* end confdefs.h.  */
| #include <ac_nonexistent.h>
configure:4130: checking for grep that handles long lines and -e
configure:4188: result: /usr/bin/grep
configure:4193: checking for egrep
configure:4255: result: /usr/bin/grep -E
configure:4260: checking for a sed that does not truncate output
configure:4324: result: /usr/bin/sed
configure:4544: checking for a sed that does not truncate output
configure:4608: result: /usr/bin/sed
configure:4626: checking for fgrep
configure:4688: result: /usr/bin/grep -F
configure:4723: checking for ld used by gcc
configure:4790: result: ld
configure:4797: checking if the linker (ld) is GNU ld
configure:4812: result: yes
configure:4824: checking for BSD- or MS-compatible name lister (nm)
configure:4873: result: nm
configure:4991: checking the name lister (nm) interface
configure:4998: gcc -c -g -I/home/a59905/NUMA_Aware_Thesis/tools/KNL_Soft/objdir/./gmp -I/home/a59905/NUMA_Aware_Thesis/tools/KNL_Soft/gcc-5.3.0/mpfr  conftest.c >&5
configure:5001: nm "conftest.o"
configure:5004: output
0000000000000000 B some_variable
configure:5011: result: BSD nm
configure:5014: checking whether ln -s works
configure:5018: result: yes
configure:5026: checking the maximum length of command line arguments
configure:5146: result: 1572864
configure:5163: checking whether the shell understands some XSI constructs
configure:5173: result: yes
configure:5177: checking whether the shell understands "+="
configure:5183: result: yes
configure:5218: checking for ld option to reload object files
configure:5225: result: -r
configure:5254: checking for x86_64-unknown-linux-gnu-objdump
configure:5281: result: objdump
configure:5353: checking how to recognize dependent libraries
configure:5549: result: pass_all
configure:5569: checking for x86_64-unknown-linux-gnu-ar
configure:5596: result: ar
configure:5674: checking for x86_64-unknown-linux-gnu-strip
configure:5704: result: no
configure:5714: checking for strip
configure:5730: found /usr/bin/strip
configure:5741: result: strip
configure:5773: checking for x86_64-unknown-linux-gnu-ranlib
configure:5800: result: ranlib
configure:5930: checking command to parse nm output from gcc object
configure:6048: gcc -c -g -I/home/a59905/NUMA_Aware_Thesis/tools/KNL_Soft/objdir/./gmp -I/home/a59905/NUMA_Aware_Thesis/tools/KNL_Soft/gcc-5.3.0/mpfr  conftest.c >&5
configure:6051: $? = 0
configure:6055: nm conftest.o \| sed -n -e 's/^.*[	 ]\([ABCDGIRSTW][ABCDGIRSTW]*\)[	 ][	 ]*\([_A-Za-z][_A-Za-z0-9]*\)$/\1 \2 \2/p' \> conftest.nm
configure:6058: $? = 0
configure:6112: gcc -o conftest -g -I/home/a59905/NUMA_Aware_Thesis/tools/KNL_Soft/objdir/./gmp -I/home/a59905/NUMA_Aware_Thesis/tools/KNL_Soft/gcc-5.3.0/mpfr  -L/home/a59905/NUMA_Aware_Thesis/tools/KNL_Soft/objdir/./gmp/.libs -L/home/a59905/NUMA_Aware_Thesis/tools/KNL_Soft/objdir/./mpfr/.libs   conftest.c conftstm.o >&5
configure:6115: $? = 0
configure:6153: result: ok
configure:6248: gcc -c -g -I/home/a59905/NUMA_Aware_Thesis/tools/KNL_Soft/objdir/./gmp -I/home/a59905/NUMA_Aware_Thesis/tools/KNL_Soft/gcc-5.3.0/mpfr  conftest.c >&5
configure:6251: $? = 0
configure:6957: checking for ANSI C header files
configure:6977: gcc -c -g -I/home/a59905/NUMA_Aware_Thesis/tools/KNL_Soft/objdir/./gmp -I/home/a59905/NUMA_Aware_Thesis/tools/KNL_Soft/gcc-5.3.0/mpfr  conftest.c >&5
configure:6977: $? = 0
configure:7050: gcc -o conftest -g -I/home/a59905/NUMA_Aware_Thesis/tools/KNL_Soft/objdir/./gmp -I/home/a59905/NUMA_Aware_Thesis/tools/KNL_Soft/gcc-5.3.0/mpfr  -L/home/a59905/NUMA_Aware_Thesis/tools/KNL_Soft/objdir/./gmp/.libs -L/home/a59905/NUMA_Aware_Thesis/tools/KNL_Soft/objdir/./mpfr/.libs   conftest.c  >&5
configure:7050: $? = 0
configure:7050: ./conftest
configure:7050: $? = 0
configure:7061: result: yes
configure:7074: checking for sys/types.h
configure:7074: gcc -c -g -I/home/a59905/NUMA_Aware_Thesis/tools/KNL_Soft/objdir/./gmp -I/home/a59905/NUMA_Aware_Thesis/tools/KNL_Soft/gcc-5.3.0/mpfr  conftest.c >&5
configure:7074: $? = 0
configure:7074: result: yes
configure:7074: checking for sys/stat.h
configure:7074: gcc -c -g -I/home/a59905/NUMA_Aware_Thesis/tools/KNL_Soft/objdir/./gmp -I/home/a59905/NUMA_Aware_Thesis/tools/KNL_Soft/gcc-5.3.0/mpfr  conftest.c >&5
configure:7074: $? = 0
configure:7074: result: yes
configure:7074: checking for stdlib.h
configure:7074: gcc -c -g -I/home/a59905/NUMA_Aware_Thesis/tools/KNL_Soft/objdir/./gmp -I/home/a59905/NUMA_Aware_Thesis/tools/KNL_Soft/gcc-5.3.0/mpfr  conftest.c >&5
configure:7074: $? = 0
configure:7074: result: yes
configure:7074: checking for string.h
configure:7074: gcc -c -g -I/home/a59905/NUMA_Aware_Thesis/tools/KNL_Soft/objdir/./gmp -I/home/a59905/NUMA_Aware_Thesis/tools/KNL_Soft/gcc-5.3.0/mpfr  conftest.c >&5
configure:7074: $? = 0
configure:7074: result: yes
configure:7074: checking for memory.h
configure:7074: gcc -c -g -I/home/a59905/NUMA_Aware_Thesis/tools/KNL_Soft/objdir/./gmp -I/home/a59905/NUMA_Aware_Thesis/tools/KNL_Soft/gcc-5.3.0/mpfr  conftest.c >&5
configure:7074: $? = 0
configure:7074: result: yes
configure:7074: checking for strings.h
configure:7074: gcc -c -g -I/home/a59905/NUMA_Aware_Thesis/tools/KNL_Soft/objdir/./gmp -I/home/a59905/NUMA_Aware_Thesis/tools/KNL_Soft/gcc-5.3.0/mpfr  conftest.c >&5
configure:7074: $? = 0
configure:7074: result: yes
configure:7074: checking for inttypes.h
configure:7074: gcc -c -g -I/home/a59905/NUMA_Aware_Thesis/tools/KNL_Soft/objdir/./gmp -I/home/a59905/NUMA_Aware_Thesis/tools/KNL_Soft/gcc-5.3.0/mpfr  conftest.c >&5
configure:7074: $? = 0
configure:7074: result: yes
configure:7074: checking for stdint.h
configure:7074: gcc -c -g -I/home/a59905/NUMA_Aware_Thesis/tools/KNL_Soft/objdir/./gmp -I/home/a59905/NUMA_Aware_Thesis/tools/KNL_Soft/gcc-5.3.0/mpfr  conftest.c >&5
configure:7074: $? = 0
configure:7074: result: yes
configure:7074: checking for unistd.h
configure:7074: gcc -c -g -I/home/a59905/NUMA_Aware_Thesis/tools/KNL_Soft/objdir/./gmp -I/home/a59905/NUMA_Aware_Thesis/tools/KNL_Soft/gcc-5.3.0/mpfr  conftest.c >&5
configure:7074: $? = 0
configure:7074: result: yes
configure:7089: checking for dlfcn.h
configure:7089: gcc -c -g -I/home/a59905/NUMA_Aware_Thesis/tools/KNL_Soft/objdir/./gmp -I/home/a59905/NUMA_Aware_Thesis/tools/KNL_Soft/gcc-5.3.0/mpfr  conftest.c >&5
configure:7089: $? = 0
configure:7089: result: yes
configure:7273: checking for objdir
configure:7288: result: .libs
configure:7580: checking if gcc supports -fno-rtti -fno-exceptions
configure:7598: gcc -c -g -I/home/a59905/NUMA_Aware_Thesis/tools/KNL_Soft/objdir/./gmp -I/home/a59905/NUMA_Aware_Thesis/tools/KNL_Soft/gcc-5.3.0/mpfr  -fno-rtti -fno-exceptions conftest.c >&5
cc1: warning: command line option '-fno-rtti' is valid for C++/ObjC++ but not for C [enabled by default]
configure:7602: $? = 0
configure:7615: result: no
configure:7635: checking for gcc option to produce PIC
configure:7907: result: -fPIC -DPIC
configure:7919: checking if gcc PIC flag -fPIC -DPIC works
configure:7937: gcc -c -g -I/home/a59905/NUMA_Aware_Thesis/tools/KNL_Soft/objdir/./gmp -I/home/a59905/NUMA_Aware_Thesis/tools/KNL_Soft/gcc-5.3.0/mpfr  -fPIC -DPIC -DPIC conftest.c >&5
configure:7941: $? = 0
configure:7954: result: yes
configure:7978: checking if gcc static flag -static works
configure:8006: result: no
configure:8021: checking if gcc supports -c -o file.o
configure:8042: gcc -c -g -I/home/a59905/NUMA_Aware_Thesis/tools/KNL_Soft/objdir/./gmp -I/home/a59905/NUMA_Aware_Thesis/tools/KNL_Soft/gcc-5.3.0/mpfr  -o out/conftest2.o conftest.c >&5
configure:8046: $? = 0
configure:8068: result: yes
configure:8076: checking if gcc supports -c -o file.o
configure:8123: result: yes
configure:8156: checking whether the gcc linker (ld -m elf_x86_64) supports shared libraries
configure:9146: result: yes
configure:9385: checking dynamic linker characteristics
configure:9818: gcc -o conftest -g -I/home/a59905/NUMA_Aware_Thesis/tools/KNL_Soft/objdir/./gmp -I/home/a59905/NUMA_Aware_Thesis/tools/KNL_Soft/gcc-5.3.0/mpfr  -L/home/a59905/NUMA_Aware_Thesis/tools/KNL_Soft/objdir/./gmp/.libs -L/home/a59905/NUMA_Aware_Thesis/tools/KNL_Soft/objdir/./mpfr/.libs   -Wl,-rpath -Wl,/foo conftest.c  >&5
configure:9818: $? = 0
configure:10048: result: GNU/Linux ld.so
configure:10150: checking how to hardcode library paths into programs
configure:10175: result: immediate
configure:10695: checking whether stripping libraries is possible
configure:10700: result: yes
configure:10735: checking if libtool supports shared libraries
configure:10737: result: yes
configure:10740: checking whether to build shared libraries
configure:10761: result: no
configure:10764: checking whether to build static libraries
configure:10768: result: yes
configure:10805: checking for __gmpz_init in -lgmp
configure:10830: gcc -o conftest -g -I/home/a59905/NUMA_Aware_Thesis/tools/KNL_Soft/objdir/./gmp -I/home/a59905/NUMA_Aware_Thesis/tools/KNL_Soft/gcc-5.3.0/mpfr  -L/home/a59905/NUMA_Aware_Thesis/tools/KNL_Soft/objdir/./gmp/.libs -L/home/a59905/NUMA_Aware_Thesis/tools/KNL_Soft/objdir/./mpfr/.libs   conftest.c -lgmp   >&5
configure:10830: $? = 0
configure:10839: result: yes
configure:10847: checking for MPFR
configure:10862: gcc -o conftest -g -I/home/a59905/NUMA_Aware_Thesis/tools/KNL_Soft/objdir/./gmp -I/home/a59905/NUMA_Aware_Thesis/tools/KNL_Soft/gcc-5.3.0/mpfr  -L/home/a59905/NUMA_Aware_Thesis/tools/KNL_Soft/objdir/./gmp/.libs -L/home/a59905/NUMA_Aware_Thesis/tools/KNL_Soft/objdir/./mpfr/.libs   conftest.c -lmpfr -lgmp  >&5
configure:10862: $? = 0
configure:10863: result: yes
configure:10876: checking for recent GMP
configure:10888: gcc -c -g -I/home/a59905/NUMA_Aware_Thesis/tools/KNL_Soft/objdir/./gmp -I/home/a59905/NUMA_Aware_Thesis/tools/KNL_Soft/gcc-5.3.0/mpfr  conftest.c >&5
configure:10888: $? = 0
configure:10889: result: yes
configure:10903: checking for recent MPFR
configure:10915: gcc -c -g -I/home/a59905/NUMA_Aware_Thesis/tools/KNL_Soft/objdir/./gmp -I/home/a59905/NUMA_Aware_Thesis/tools/KNL_Soft/gcc-5.3.0/mpfr  conftest.c >&5
configure:10915: $? = 0
configure:10916: result: yes
configure:10928: checking for ANSI C header files
configure:11032: result: yes
configure:11043: checking locale.h usability
configure:11043: gcc -c -g -I/home/a59905/NUMA_Aware_Thesis/tools/KNL_Soft/objdir/./gmp -I/home/a59905/NUMA_Aware_Thesis/tools/KNL_Soft/gcc-5.3.0/mpfr  conftest.c >&5
configure:11043: $? = 0
configure:11043: result: yes
configure:11043: checking locale.h presence
configure:11043: gcc -E -I/home/a59905/NUMA_Aware_Thesis/tools/KNL_Soft/objdir/./gmp -I/home/a59905/NUMA_Aware_Thesis/tools/KNL_Soft/gcc-5.3.0/mpfr  conftest.c
configure:11043: $? = 0
configure:11043: result: yes
configure:11043: checking for locale.h
configure:11043: result: yes
configure:11043: checking for inttypes.h
configure:11043: result: yes
configure:11043: checking limits.h usability
configure:11043: gcc -c -g -I/home/a59905/NUMA_Aware_Thesis/tools/KNL_Soft/objdir/./gmp -I/home/a59905/NUMA_Aware_Thesis/tools/KNL_Soft/gcc-5.3.0/mpfr  conftest.c >&5
configure:11043: $? = 0
configure:11043: result: yes
configure:11043: checking limits.h presence
configure:11043: gcc -E -I/home/a59905/NUMA_Aware_Thesis/tools/KNL_Soft/objdir/./gmp -I/home/a59905/NUMA_Aware_Thesis/tools/KNL_Soft/gcc-5.3.0/mpfr  conftest.c
configure:11043: $? = 0
configure:11043: result: yes
configure:11043: checking for limits.h
configure:11043: result: yes
configure:11043: checking for unistd.h
configure:11043: result: yes
configure:11043: checking sys/time.h usability
configure:11043: gcc -c -g -I/home/a59905/NUMA_Aware_Thesis/tools/KNL_Soft/objdir/./gmp -I/home/a59905/NUMA_Aware_Thesis/tools/KNL_Soft/gcc-5.3.0/mpfr  conftest.c >&5
configure:11043: $? = 0
configure:11043: result: yes
configure:11043: checking sys/time.h presence
configure:11043: gcc -E -I/home/a59905/NUMA_Aware_Thesis/tools/KNL_Soft/objdir/./gmp -I/home/a59905/NUMA_Aware_Thesis/tools/KNL_Soft/gcc-5.3.0/mpfr  conftest.c
configure:11043: $? = 0
configure:11043: result: yes
configure:11043: checking for sys/time.h
configure:11043: result: yes
configure:11056: checking for an ANSI C-conforming const
configure:11121: gcc -c -g -I/home/a59905/NUMA_Aware_Thesis/tools/KNL_Soft/objdir/./gmp -I/home/a59905/NUMA_Aware_Thesis/tools/KNL_Soft/gcc-5.3.0/mpfr  conftest.c >&5
configure:11121: $? = 0
configure:11128: result: yes
configure:11136: checking for size_t
configure:11136: gcc -c -g -I/home/a59905/NUMA_Aware_Thesis/tools/KNL_Soft/objdir/./gmp -I/home/a59905/NUMA_Aware_Thesis/tools/KNL_Soft/gcc-5.3.0/mpfr  conftest.c >&5
configure:11136: $? = 0
configure:11136: gcc -c -g -I/home/a59905/NUMA_Aware_Thesis/tools/KNL_Soft/objdir/./gmp -I/home/a59905/NUMA_Aware_Thesis/tools/KNL_Soft/gcc-5.3.0/mpfr  conftest.c >&5
conftest.c: In function 'main':
conftest.c:65:21: error: expected expression before ')' token
 if (sizeof ((size_t)))
                     ^
configure:11136: $? = 1
configure: failed program was:
| /* confdefs.h */
| #define PACKAGE_NAME "mpc"
| #define PACKAGE_TARNAME "mpc"
| #define PACKAGE_VERSION "0.8.1"
| #define PACKAGE_STRING "mpc 0.8.1"
| #define PACKAGE_BUGREPORT "mpc-discuss@lists.gforge.inria.fr"
| #define PACKAGE_URL ""
| #define PACKAGE "mpc"
| #define VERSION "0.8.1"
| #define STDC_HEADERS 1
| #define HAVE_SYS_TYPES_H 1
| #define HAVE_SYS_STAT_H 1
| #define HAVE_STDLIB_H 1
| #define HAVE_STRING_H 1
| #define HAVE_MEMORY_H 1
| #define HAVE_STRINGS_H 1
| #define HAVE_INTTYPES_H 1
| #define HAVE_STDINT_H 1
| #define HAVE_UNISTD_H 1
| #define HAVE_DLFCN_H 1
| #define LT_OBJDIR ".libs/"
| #define STDC_HEADERS 1
| #define HAVE_LOCALE_H 1
| #define HAVE_INTTYPES_H 1
| #define HAVE_LIMITS_H 1
| #define HAVE_UNISTD_H 1
| #define HAVE_SYS_TIME_H 1
| /* end confdefs.h.  */
| #include <stdio.h>
| #ifdef HAVE_SYS_TYPES_H
| # include <sys/types.h>
| #endif
| #ifdef HAVE_SYS_STAT_H
| # include <sys/stat.h>
| #endif
| #ifdef STDC_HEADERS
| # include <stdlib.h>
| # include <stddef.h>
| #else
| # ifdef HAVE_STDLIB_H
| #  include <stdlib.h>
| # endif
| #endif
| #ifdef HAVE_STRING_H
| # if !defined STDC_HEADERS && defined HAVE_MEMORY_H
| #  include <memory.h>
| # endif
| # include <string.h>
| #endif
| #ifdef HAVE_STRINGS_H
| # include <strings.h>
| #endif
| #ifdef HAVE_INTTYPES_H
| # include <inttypes.h>
| #endif
| #ifdef HAVE_STDINT_H
| # include <stdint.h>
| #endif
| #ifdef HAVE_UNISTD_H
| # include <unistd.h>
| #endif
| int
| main ()
| {
| if (sizeof ((size_t)))
| 	    return 0;
|   ;
|   return 0;
| }
configure:11136: result: yes
configure:11147: checking whether time.h and sys/time.h may both be included
configure:11167: gcc -c -g -I/home/a59905/NUMA_Aware_Thesis/tools/KNL_Soft/objdir/./gmp -I/home/a59905/NUMA_Aware_Thesis/tools/KNL_Soft/gcc-5.3.0/mpfr  conftest.c >&5
configure:11167: $? = 0
configure:11174: result: yes
configure:11658: checking for gettimeofday
configure:11658: gcc -o conftest -g  -I/home/a59905/NUMA_Aware_Thesis/tools/KNL_Soft/objdir/./gmp -I/home/a59905/NUMA_Aware_Thesis/tools/KNL_Soft/gcc-5.3.0/mpfr  -L/home/a59905/NUMA_Aware_Thesis/tools/KNL_Soft/objdir/./gmp/.libs -L/home/a59905/NUMA_Aware_Thesis/tools/KNL_Soft/objdir/./mpfr/.libs   conftest.c -lmpfr -lgmp  >&5
configure:11658: $? = 0
configure:11658: result: yes
configure:11658: checking for localeconv
configure:11658: gcc -o conftest -g  -I/home/a59905/NUMA_Aware_Thesis/tools/KNL_Soft/objdir/./gmp -I/home/a59905/NUMA_Aware_Thesis/tools/KNL_Soft/gcc-5.3.0/mpfr  -L/home/a59905/NUMA_Aware_Thesis/tools/KNL_Soft/objdir/./gmp/.libs -L/home/a59905/NUMA_Aware_Thesis/tools/KNL_Soft/objdir/./mpfr/.libs   conftest.c -lmpfr -lgmp  >&5
configure:11658: $? = 0
configure:11658: result: yes
configure:11658: checking for setlocale
configure:11658: gcc -o conftest -g  -I/home/a59905/NUMA_Aware_Thesis/tools/KNL_Soft/objdir/./gmp -I/home/a59905/NUMA_Aware_Thesis/tools/KNL_Soft/gcc-5.3.0/mpfr  -L/home/a59905/NUMA_Aware_Thesis/tools/KNL_Soft/objdir/./gmp/.libs -L/home/a59905/NUMA_Aware_Thesis/tools/KNL_Soft/objdir/./mpfr/.libs   conftest.c -lmpfr -lgmp  >&5
configure:11658: $? = 0
configure:11658: result: yes
configure:11671: checking for dup
configure:11671: gcc -o conftest -g  -I/home/a59905/NUMA_Aware_Thesis/tools/KNL_Soft/objdir/./gmp -I/home/a59905/NUMA_Aware_Thesis/tools/KNL_Soft/gcc-5.3.0/mpfr  -L/home/a59905/NUMA_Aware_Thesis/tools/KNL_Soft/objdir/./gmp/.libs -L/home/a59905/NUMA_Aware_Thesis/tools/KNL_Soft/objdir/./mpfr/.libs   conftest.c -lmpfr -lgmp  >&5
configure:11671: $? = 0
configure:11671: result: yes
configure:11671: checking for dup2
configure:11671: gcc -o conftest -g  -I/home/a59905/NUMA_Aware_Thesis/tools/KNL_Soft/objdir/./gmp -I/home/a59905/NUMA_Aware_Thesis/tools/KNL_Soft/gcc-5.3.0/mpfr  -L/home/a59905/NUMA_Aware_Thesis/tools/KNL_Soft/objdir/./gmp/.libs -L/home/a59905/NUMA_Aware_Thesis/tools/KNL_Soft/objdir/./mpfr/.libs   conftest.c -lmpfr -lgmp  >&5
configure:11671: $? = 0
configure:11671: result: yes
configure:11671: checking for fileno
configure:11671: gcc -o conftest -g  -I/home/a59905/NUMA_Aware_Thesis/tools/KNL_Soft/objdir/./gmp -I/home/a59905/NUMA_Aware_Thesis/tools/KNL_Soft/gcc-5.3.0/mpfr  -L/home/a59905/NUMA_Aware_Thesis/tools/KNL_Soft/objdir/./gmp/.libs -L/home/a59905/NUMA_Aware_Thesis/tools/KNL_Soft/objdir/./mpfr/.libs   conftest.c -lmpfr -lgmp  >&5
configure:11671: $? = 0
configure:11671: result: yes
configure:11754: updating cache ./config.cache
configure:11811: creating ./config.status

## ---------------------- ##
## Running config.status. ##
## ---------------------- ##

This file was extended by mpc config.status 0.8.1, which was
generated by GNU Autoconf 2.64.  Invocation command line was

  CONFIG_FILES    = 
  CONFIG_HEADERS  = 
  CONFIG_LINKS    = 
  CONFIG_COMMANDS = 
  $ ./config.status 

on compute-002-1

config.status:1078: creating Makefile
config.status:1078: creating src/Makefile
config.status:1078: creating tests/Makefile
config.status:1078: creating doc/Makefile
config.status:1078: creating config.h
config.status:1291: executing depfiles commands
config.status:1291: executing libtool commands

## ---------------- ##
## Cache variables. ##
## ---------------- ##

ac_cv_build=x86_64-unknown-linux-gnu
ac_cv_c_compiler_gnu=yes
ac_cv_c_const=yes
ac_cv_env_CC_set=set
ac_cv_env_CC_value=gcc
ac_cv_env_CFLAGS_set=set
ac_cv_env_CFLAGS_value=-g
ac_cv_env_CPPFLAGS_set=
ac_cv_env_CPPFLAGS_value=
ac_cv_env_CPP_set=
ac_cv_env_CPP_value=
ac_cv_env_LDFLAGS_set=set
ac_cv_env_LDFLAGS_value=' '
ac_cv_env_LIBS_set=
ac_cv_env_LIBS_value=
ac_cv_env_build_alias_set=set
ac_cv_env_build_alias_value=x86_64-unknown-linux-gnu
ac_cv_env_host_alias_set=set
ac_cv_env_host_alias_value=x86_64-unknown-linux-gnu
ac_cv_env_target_alias_set=set
ac_cv_env_target_alias_value=x86_64-unknown-linux-gnu
ac_cv_func_dup2=yes
ac_cv_func_dup=yes
ac_cv_func_fileno=yes
ac_cv_func_gettimeofday=yes
ac_cv_func_localeconv=yes
ac_cv_func_setlocale=yes
ac_cv_header_dlfcn_h=yes
ac_cv_header_inttypes_h=yes
ac_cv_header_limits_h=yes
ac_cv_header_locale_h=yes
ac_cv_header_memory_h=yes
ac_cv_header_stdc=yes
ac_cv_header_stdint_h=yes
ac_cv_header_stdlib_h=yes
ac_cv_header_string_h=yes
ac_cv_header_strings_h=yes
ac_cv_header_sys_stat_h=yes
ac_cv_header_sys_time_h=yes
ac_cv_header_sys_types_h=yes
ac_cv_header_time=yes
ac_cv_header_unistd_h=yes
ac_cv_host=x86_64-unknown-linux-gnu
ac_cv_lib_gmp___gmpz_init=yes
ac_cv_objext=o
ac_cv_path_EGREP='/usr/bin/grep -E'
ac_cv_path_FGREP='/usr/bin/grep -F'
ac_cv_path_GREP=/usr/bin/grep
ac_cv_path_SED=/usr/bin/sed
ac_cv_path_mkdir=/usr/bin/mkdir
ac_cv_prog_AR=ar
ac_cv_prog_AWK=gawk
ac_cv_prog_CC=gcc
ac_cv_prog_CPP='gcc -E'
ac_cv_prog_OBJDUMP=objdump
ac_cv_prog_RANLIB=ranlib
ac_cv_prog_ac_ct_STRIP=strip
ac_cv_prog_cc_c89=
ac_cv_prog_cc_g=yes
ac_cv_prog_make_make_set=yes
ac_cv_type_size_t=yes
am_cv_CC_dependencies_compiler_type=gcc3
lt_cv_deplibs_check_method=pass_all
lt_cv_file_magic_cmd='$MAGIC_CMD'
lt_cv_file_magic_test_file=
lt_cv_ld_reload_flag=-r
lt_cv_nm_interface='BSD nm'
lt_cv_objdir=.libs
lt_cv_path_LD=ld
lt_cv_path_NM=nm
lt_cv_prog_compiler_c_o=yes
lt_cv_prog_compiler_pic_works=yes
lt_cv_prog_compiler_rtti_exceptions=no
lt_cv_prog_compiler_static_works=no
lt_cv_prog_gnu_ld=yes
lt_cv_sys_global_symbol_pipe='sed -n -e '\''s/^.*[	 ]\([ABCDGIRSTW][ABCDGIRSTW]*\)[	 ][	 ]*\([_A-Za-z][_A-Za-z0-9]*\)$/\1 \2 \2/p'\'''
lt_cv_sys_global_symbol_to_c_name_address='sed -n -e '\''s/^: \([^ ]*\) $/  {\"\1\", (void *) 0},/p'\'' -e '\''s/^[ABCDGIRSTW]* \([^ ]*\) \([^ ]*\)$/  {"\2", (void *) \&\2},/p'\'''
lt_cv_sys_global_symbol_to_c_name_address_lib_prefix='sed -n -e '\''s/^: \([^ ]*\) $/  {\"\1\", (void *) 0},/p'\'' -e '\''s/^[ABCDGIRSTW]* \([^ ]*\) \(lib[^ ]*\)$/  {"\2", (void *) \&\2},/p'\'' -e '\''s/^[ABCDGIRSTW]* \([^ ]*\) \([^ ]*\)$/  {"lib\2", (void *) \&\2},/p'\'''
lt_cv_sys_global_symbol_to_cdecl='sed -n -e '\''s/^T .* \(.*\)$/extern int \1();/p'\'' -e '\''s/^[ABCDGIRSTW]* .* \(.*\)$/extern char \1;/p'\'''
lt_cv_sys_max_cmd_len=1572864

## ----------------- ##
## Output variables. ##
## ----------------- ##

ACLOCAL='${SHELL} /home/a59905/NUMA_Aware_Thesis/tools/KNL_Soft/gcc-5.3.0/mpc/missing --run aclocal-1.11'
AMDEPBACKSLASH='\'
AMDEP_FALSE='#'
AMDEP_TRUE=''
AMTAR='${SHELL} /home/a59905/NUMA_Aware_Thesis/tools/KNL_Soft/gcc-5.3.0/mpc/missing --run tar'
AR='ar'
AUTOCONF='${SHELL} /home/a59905/NUMA_Aware_Thesis/tools/KNL_Soft/gcc-5.3.0/mpc/missing --run autoconf'
AUTOHEADER='${SHELL} /home/a59905/NUMA_Aware_Thesis/tools/KNL_Soft/gcc-5.3.0/mpc/missing --run autoheader'
AUTOMAKE='${SHELL} /home/a59905/NUMA_Aware_Thesis/tools/KNL_Soft/gcc-5.3.0/mpc/missing --run automake-1.11'
AWK='gawk'
CC='gcc'
CCDEPMODE='depmode=gcc3'
CFLAGS='-g'
CPP='gcc -E'
CPPFLAGS='-I/home/a59905/NUMA_Aware_Thesis/tools/KNL_Soft/objdir/./gmp -I/home/a59905/NUMA_Aware_Thesis/tools/KNL_Soft/gcc-5.3.0/mpfr '
CYGPATH_W='echo'
DEFS='-DHAVE_CONFIG_H'
DEPDIR='.deps'
DSYMUTIL=''
DUMPBIN=''
ECHO_C=''
ECHO_N='-n'
ECHO_T=''
EGREP='/usr/bin/grep -E'
EXEEXT=''
FGREP='/usr/bin/grep -F'
GREP='/usr/bin/grep'
INSTALL_DATA='/usr/bin/install -c -m 644'
INSTALL_PROGRAM='/usr/bin/install -c'
INSTALL_SCRIPT='/usr/bin/install -c'
INSTALL_STRIP_PROGRAM='$(install_sh) -c -s'
LD='ld -m elf_x86_64'
LDFLAGS='-L/home/a59905/NUMA_Aware_Thesis/tools/KNL_Soft/objdir/./gmp/.libs -L/home/a59905/NUMA_Aware_Thesis/tools/KNL_Soft/objdir/./mpfr/.libs  '
LIBOBJS=''
LIBS='-lmpfr -lgmp '
LIBTOOL='$(SHELL) $(top_builddir)/libtool'
LIPO=''
LN_S='ln -s'
LTLIBOBJS=''
MAINT='#'
MAINTAINER_MODE_FALSE=''
MAINTAINER_MODE_TRUE='#'
MAKEINFO='/home/a59905/NUMA_Aware_Thesis/tools/KNL_Soft/gcc-5.3.0/missing makeinfo --split-size=5000000 --split-size=5000000'
MKDIR_P='/usr/bin/mkdir -p'
NM='nm'
NMEDIT=''
OBJDUMP='objdump'
OBJEXT='o'
OTOOL64=''
OTOOL=''
PACKAGE='mpc'
PACKAGE_BUGREPORT='mpc-discuss@lists.gforge.inria.fr'
PACKAGE_NAME='mpc'
PACKAGE_STRING='mpc 0.8.1'
PACKAGE_TARNAME='mpc'
PACKAGE_URL=''
PACKAGE_VERSION='0.8.1'
PATH_SEPARATOR=':'
RANLIB='ranlib'
SED='/usr/bin/sed'
SET_MAKE=''
SHELL='/bin/sh'
STRIP='strip'
VERSION='0.8.1'
WARNINGCFLAGS=''
ac_ct_CC=''
ac_ct_DUMPBIN=''
am__EXEEXT_FALSE=''
am__EXEEXT_TRUE='#'
am__fastdepCC_FALSE='#'
am__fastdepCC_TRUE=''
am__include='include'
am__isrc=' -I$(srcdir)'
am__leading_dot='.'
am__quote=''
am__tar='${AMTAR} chof - "$$tardir"'
am__untar='${AMTAR} xf -'
bindir='${exec_prefix}/bin'
build='x86_64-unknown-linux-gnu'
build_alias='x86_64-unknown-linux-gnu'
build_cpu='x86_64'
build_os='linux-gnu'
build_vendor='unknown'
datadir='${datarootdir}'
datarootdir='${prefix}/share'
docdir='${datarootdir}/doc/${PACKAGE_TARNAME}'
dvidir='${docdir}'
exec_prefix='${prefix}'
host='x86_64-unknown-linux-gnu'
host_alias='x86_64-unknown-linux-gnu'
host_cpu='x86_64'
host_os='linux-gnu'
host_vendor='unknown'
htmldir='${docdir}'
includedir='${prefix}/include'
infodir='${datarootdir}/info'
install_sh='${SHELL} /home/a59905/NUMA_Aware_Thesis/tools/KNL_Soft/gcc-5.3.0/mpc/install-sh'
libdir='${exec_prefix}/lib'
libexecdir='${exec_prefix}/libexec'
localedir='${datarootdir}/locale'
localstatedir='${prefix}/var'
lt_ECHO='echo'
mandir='${datarootdir}/man'
mkdir_p='/usr/bin/mkdir -p'
oldincludedir='/usr/include'
pdfdir='${docdir}'
prefix='/home/a59905/gcc-5.3.0'
program_transform_name='s,y,y,'
psdir='${docdir}'
sbindir='${exec_prefix}/sbin'
sharedstatedir='${prefix}/com'
sysconfdir='${prefix}/etc'
target_alias='x86_64-unknown-linux-gnu'

## ----------- ##
## confdefs.h. ##
## ----------- ##

/* confdefs.h */
#define PACKAGE_NAME "mpc"
#define PACKAGE_TARNAME "mpc"
#define PACKAGE_VERSION "0.8.1"
#define PACKAGE_STRING "mpc 0.8.1"
#define PACKAGE_BUGREPORT "mpc-discuss@lists.gforge.inria.fr"
#define PACKAGE_URL ""
#define PACKAGE "mpc"
#define VERSION "0.8.1"
#define STDC_HEADERS 1
#define HAVE_SYS_TYPES_H 1
#define HAVE_SYS_STAT_H 1
#define HAVE_STDLIB_H 1
#define HAVE_STRING_H 1
#define HAVE_MEMORY_H 1
#define HAVE_STRINGS_H 1
#define HAVE_INTTYPES_H 1
#define HAVE_STDINT_H 1
#define HAVE_UNISTD_H 1
#define HAVE_DLFCN_H 1
#define LT_OBJDIR ".libs/"
#define STDC_HEADERS 1
#define HAVE_LOCALE_H 1
#define HAVE_INTTYPES_H 1
#define HAVE_LIMITS_H 1
#define HAVE_UNISTD_H 1
#define HAVE_SYS_TIME_H 1
#define TIME_WITH_SYS_TIME 1
#define HAVE_GETTIMEOFDAY 1
#define HAVE_LOCALECONV 1
#define HAVE_SETLOCALE 1
#define HAVE_DUP 1
#define HAVE_DUP2 1
#define HAVE_FILENO 1

configure: exit 0
