-------------------------------------------------------------
STREAM version $Revision: 5.10 $
-------------------------------------------------------------
This system uses 8 bytes per array element.
-------------------------------------------------------------
Array size = 41625000 (elements), Offset = 0 (elements)
Memory per array = 317.6 MiB (= 0.3 GiB).
Total memory required = 952.7 MiB (= 0.9 GiB).
Each kernel will be executed 15 times.
 The *best* time for each kernel (excluding the first iteration)
 will be used to compute the reported bandwidth.
-------------------------------------------------------------
Number of Threads requested = 32
Number of Threads counted = 32
-------------------------------------------------------------
Your clock granularity/precision appears to be 1 microseconds.
Each test below will take on the order of 22939 microseconds.
   (= 22939 clock ticks)
Increase the size of the arrays if this shows that
you are not getting at least 20 clock ticks per test.
-------------------------------------------------------------
WARNING -- The above is only a rough guideline.
For best results, please be sure you know the
precision of your system timer.
-------------------------------------------------------------
Function    Best Rate MB/s  Avg time     Min time     Max time
Copy:           20029.6     0.033877     0.033251     0.034588
Scale:          20105.7     0.033824     0.033125     0.034502
Add:            21736.8     0.046694     0.045959     0.048652
Triad:          22075.4     0.046201     0.045254     0.046765
-------------------------------------------------------------
Solution Validates: avg error less than 1.000000e-13 on all three arrays
-------------------------------------------------------------
