-------------------------------------------------------------
STREAM version $Revision: 5.10 $
-------------------------------------------------------------
This system uses 8 bytes per array element.
-------------------------------------------------------------
Array size = 41625000 (elements), Offset = 0 (elements)
Memory per array = 317.6 MiB (= 0.3 GiB).
Total memory required = 952.7 MiB (= 0.9 GiB).
Each kernel will be executed 15 times.
 The *best* time for each kernel (excluding the first iteration)
 will be used to compute the reported bandwidth.
-------------------------------------------------------------
Number of Threads requested = 16
Number of Threads counted = 16
-------------------------------------------------------------
Your clock granularity/precision appears to be 1 microseconds.
Each test below will take on the order of 21332 microseconds.
   (= 21332 clock ticks)
Increase the size of the arrays if this shows that
you are not getting at least 20 clock ticks per test.
-------------------------------------------------------------
WARNING -- The above is only a rough guideline.
For best results, please be sure you know the
precision of your system timer.
-------------------------------------------------------------
Function    Best Rate MB/s  Avg time     Min time     Max time
Copy:           21352.4     0.032698     0.031191     0.033984
Scale:          21494.4     0.032457     0.030985     0.033477
Add:            21816.4     0.047399     0.045791     0.048544
Triad:          23196.9     0.044619     0.043066     0.045703
-------------------------------------------------------------
Solution Validates: avg error less than 1.000000e-13 on all three arrays
-------------------------------------------------------------
