-------------------------------------------------------------
STREAM version $Revision: 5.10 $
-------------------------------------------------------------
This system uses 8 bytes per array element.
-------------------------------------------------------------
Array size = 41625000 (elements), Offset = 0 (elements)
Memory per array = 317.6 MiB (= 0.3 GiB).
Total memory required = 952.7 MiB (= 0.9 GiB).
Each kernel will be executed 15 times.
 The *best* time for each kernel (excluding the first iteration)
 will be used to compute the reported bandwidth.
-------------------------------------------------------------
Number of Threads requested = 10
Number of Threads counted = 10
-------------------------------------------------------------
Your clock granularity/precision appears to be 1 microseconds.
Each test below will take on the order of 23615 microseconds.
   (= 23615 clock ticks)
Increase the size of the arrays if this shows that
you are not getting at least 20 clock ticks per test.
-------------------------------------------------------------
WARNING -- The above is only a rough guideline.
For best results, please be sure you know the
precision of your system timer.
-------------------------------------------------------------
Function    Best Rate MB/s  Avg time     Min time     Max time
Copy:           20295.6     0.036378     0.032815     0.036954
Scale:          18439.1     0.036834     0.036119     0.037653
Add:            19505.3     0.051722     0.051217     0.051928
Triad:          21976.8     0.051274     0.045457     0.052058
-------------------------------------------------------------
Solution Validates: avg error less than 1.000000e-13 on all three arrays
-------------------------------------------------------------
